{"/Users/raynergoh/Orbital/BudgetBuddy/env.d.ts": {"path":"/Users/raynergoh/Orbital/BudgetBuddy/env.d.ts","statementMap":{},"fnMap":{},"branchMap":{},"s":{},"f":{},"b":{}}
,"/Users/raynergoh/Orbital/BudgetBuddy/env.ts": {"path":"/Users/raynergoh/Orbital/BudgetBuddy/env.ts","statementMap":{"0":{"start":{"line":9,"column":14},"end":{"line":9,"column":60}},"1":{"start":{"line":11,"column":0},"end":{"line":13,"column":1}},"2":{"start":{"line":12,"column":2},"end":{"line":12,"column":86}},"3":{"start":{"line":15,"column":36},"end":{"line":15,"column":74}},"4":{"start":{"line":16,"column":44},"end":{"line":16,"column":90}}},"fnMap":{},"branchMap":{"0":{"loc":{"start":{"line":11,"column":0},"end":{"line":13,"column":1}},"type":"if","locations":[{"start":{"line":11,"column":0},"end":{"line":13,"column":1}},{"start":{},"end":{}}],"line":11},"1":{"loc":{"start":{"line":11,"column":4},"end":{"line":11,"column":96}},"type":"binary-expr","locations":[{"start":{"line":11,"column":4},"end":{"line":11,"column":44}},{"start":{"line":11,"column":48},"end":{"line":11,"column":96}}],"line":11}},"s":{"0":0,"1":0,"2":0,"3":0,"4":0},"f":{},"b":{"0":[0,0],"1":[0,0]}}
,"/Users/raynergoh/Orbital/BudgetBuddy/eslint.config.js": {"path":"/Users/raynergoh/Orbital/BudgetBuddy/eslint.config.js","statementMap":{"0":{"start":{"line":2,"column":25},"end":{"line":2,"column":49}},"1":{"start":{"line":3,"column":19},"end":{"line":3,"column":53}},"2":{"start":{"line":5,"column":0},"end":{"line":10,"column":3}}},"fnMap":{},"branchMap":{},"s":{"0":0,"1":0,"2":0},"f":{},"b":{}}
,"/Users/raynergoh/Orbital/BudgetBuddy/jest.web.config.js": {"path":"/Users/raynergoh/Orbital/BudgetBuddy/jest.web.config.js","statementMap":{"0":{"start":{"line":1,"column":0},"end":{"line":4,"column":4}}},"fnMap":{},"branchMap":{},"s":{"0":0},"f":{},"b":{}}
,"/Users/raynergoh/Orbital/BudgetBuddy/app/+not-found.tsx": {"path":"/Users/raynergoh/Orbital/BudgetBuddy/app/+not-found.tsx","statementMap":{"0":{"start":{"line":8,"column":2},"end":{"line":18,"column":4}},"1":{"start":{"line":21,"column":15},"end":{"line":32,"column":2}}},"fnMap":{"0":{"name":"NotFoundScreen","decl":{"start":{"line":7,"column":24},"end":{"line":7,"column":38}},"loc":{"start":{"line":7,"column":41},"end":{"line":19,"column":1}},"line":7}},"branchMap":{},"s":{"0":5,"1":1},"f":{"0":5},"b":{},"_coverageSchema":"1a1c01bbd47fc00a2c39e90264f33305004495a9","hash":"c36922135a2dae1a23a06b0a4fb21378207679dd"}
,"/Users/raynergoh/Orbital/BudgetBuddy/app/_layout.tsx": {"path":"/Users/raynergoh/Orbital/BudgetBuddy/app/_layout.tsx","statementMap":{"0":{"start":{"line":14,"column":22},"end":{"line":14,"column":38}},"1":{"start":{"line":15,"column":19},"end":{"line":17,"column":4}},"2":{"start":{"line":19,"column":2},"end":{"line":22,"column":3}},"3":{"start":{"line":21,"column":4},"end":{"line":21,"column":16}},"4":{"start":{"line":24,"column":2},"end":{"line":47,"column":4}}},"fnMap":{"0":{"name":"RootLayout","decl":{"start":{"line":13,"column":24},"end":{"line":13,"column":34}},"loc":{"start":{"line":13,"column":37},"end":{"line":48,"column":1}},"line":13}},"branchMap":{"0":{"loc":{"start":{"line":19,"column":2},"end":{"line":22,"column":3}},"type":"if","locations":[{"start":{"line":19,"column":2},"end":{"line":22,"column":3}},{"start":{},"end":{}}],"line":19},"1":{"loc":{"start":{"line":29,"column":32},"end":{"line":29,"column":81}},"type":"cond-expr","locations":[{"start":{"line":29,"column":57},"end":{"line":29,"column":66}},{"start":{"line":29,"column":69},"end":{"line":29,"column":81}}],"line":29}},"s":{"0":7,"1":7,"2":7,"3":1,"4":6},"f":{"0":7},"b":{"0":[1,6],"1":[4,2]},"_coverageSchema":"1a1c01bbd47fc00a2c39e90264f33305004495a9","hash":"00a0eb0e3ef1a9224cead2985407b0efdd751550"}
,"/Users/raynergoh/Orbital/BudgetBuddy/app/index.tsx": {"path":"/Users/raynergoh/Orbital/BudgetBuddy/app/index.tsx","statementMap":{"0":{"start":{"line":15,"column":2},"end":{"line":51,"column":4}},"1":{"start":{"line":54,"column":15},"end":{"line":74,"column":2}}},"fnMap":{"0":{"name":"HomeScreen","decl":{"start":{"line":13,"column":24},"end":{"line":13,"column":34}},"loc":{"start":{"line":13,"column":37},"end":{"line":52,"column":1}},"line":13}},"branchMap":{},"s":{"0":6,"1":1},"f":{"0":6},"b":{},"_coverageSchema":"1a1c01bbd47fc00a2c39e90264f33305004495a9","hash":"2d8b818b851ed1b4cb9c7547c63a28750a2a1cdf"}
,"/Users/raynergoh/Orbital/BudgetBuddy/app/(auth)/_layout.tsx": {"path":"/Users/raynergoh/Orbital/BudgetBuddy/app/(auth)/_layout.tsx","statementMap":{"0":{"start":{"line":14,"column":21},"end":{"line":14,"column":30}},"1":{"start":{"line":16,"column":4},"end":{"line":16,"column":21}},"2":{"start":{"line":17,"column":24},"end":{"line":17,"column":40}},"3":{"start":{"line":19,"column":4},"end":{"line":32,"column":5}}},"fnMap":{"0":{"name":"AuthLayout","decl":{"start":{"line":12,"column":24},"end":{"line":12,"column":34}},"loc":{"start":{"line":12,"column":81},"end":{"line":33,"column":1}},"line":12}},"branchMap":{"0":{"loc":{"start":{"line":21,"column":34},"end":{"line":21,"column":83}},"type":"cond-expr","locations":[{"start":{"line":21,"column":59},"end":{"line":21,"column":68}},{"start":{"line":21,"column":71},"end":{"line":21,"column":83}}],"line":21}},"s":{"0":5,"1":5,"2":5,"3":5},"f":{"0":5},"b":{"0":[1,4]},"_coverageSchema":"1a1c01bbd47fc00a2c39e90264f33305004495a9","hash":"56c96ac7d3bd9ff9b7859180d78d909d578231ee"}
,"/Users/raynergoh/Orbital/BudgetBuddy/app/(auth)/login.tsx": {"path":"/Users/raynergoh/Orbital/BudgetBuddy/app/(auth)/login.tsx","statementMap":{"0":{"start":{"line":14,"column":14},"end":{"line":84,"column":1}},"1":{"start":{"line":15,"column":30},"end":{"line":15,"column":42}},"2":{"start":{"line":16,"column":36},"end":{"line":16,"column":48}},"3":{"start":{"line":17,"column":30},"end":{"line":17,"column":59}},"4":{"start":{"line":19,"column":22},"end":{"line":19,"column":31}},"5":{"start":{"line":21,"column":25},"end":{"line":34,"column":5}},"6":{"start":{"line":22,"column":8},"end":{"line":22,"column":22}},"7":{"start":{"line":24,"column":8},"end":{"line":33,"column":9}},"8":{"start":{"line":25,"column":12},"end":{"line":25,"column":39}},"9":{"start":{"line":28,"column":12},"end":{"line":32,"column":13}},"10":{"start":{"line":29,"column":16},"end":{"line":29,"column":39}},"11":{"start":{"line":31,"column":16},"end":{"line":31,"column":57}},"12":{"start":{"line":36,"column":2},"end":{"line":83,"column":3}},"13":{"start":{"line":88,"column":15},"end":{"line":107,"column":4}}},"fnMap":{"0":{"name":"(anonymous_0)","decl":{"start":{"line":14,"column":14},"end":{"line":14,"column":15}},"loc":{"start":{"line":14,"column":20},"end":{"line":84,"column":1}},"line":14},"1":{"name":"(anonymous_1)","decl":{"start":{"line":21,"column":25},"end":{"line":21,"column":26}},"loc":{"start":{"line":21,"column":37},"end":{"line":34,"column":5}},"line":21}},"branchMap":{"0":{"loc":{"start":{"line":28,"column":12},"end":{"line":32,"column":13}},"type":"if","locations":[{"start":{"line":28,"column":12},"end":{"line":32,"column":13}},{"start":{"line":30,"column":19},"end":{"line":32,"column":13}}],"line":28},"1":{"loc":{"start":{"line":67,"column":13},"end":{"line":67,"column":63}},"type":"binary-expr","locations":[{"start":{"line":67,"column":13},"end":{"line":67,"column":18}},{"start":{"line":67,"column":22},"end":{"line":67,"column":63}}],"line":67}},"s":{"0":1,"1":24,"2":24,"3":24,"4":24,"5":24,"6":4,"7":4,"8":4,"9":3,"10":2,"11":1,"12":24,"13":1},"f":{"0":24,"1":4},"b":{"0":[2,1],"1":[24,3]},"_coverageSchema":"1a1c01bbd47fc00a2c39e90264f33305004495a9","hash":"ecdbd876bac35e55691e6434f95164769ad1bfe9"}
,"/Users/raynergoh/Orbital/BudgetBuddy/app/(auth)/register.tsx": {"path":"/Users/raynergoh/Orbital/BudgetBuddy/app/(auth)/register.tsx","statementMap":{"0":{"start":{"line":14,"column":17},"end":{"line":91,"column":1}},"1":{"start":{"line":15,"column":36},"end":{"line":15,"column":48}},"2":{"start":{"line":16,"column":30},"end":{"line":16,"column":42}},"3":{"start":{"line":17,"column":36},"end":{"line":17,"column":48}},"4":{"start":{"line":18,"column":30},"end":{"line":18,"column":59}},"5":{"start":{"line":20,"column":41},"end":{"line":20,"column":50}},"6":{"start":{"line":21,"column":19},"end":{"line":21,"column":30}},"7":{"start":{"line":23,"column":25},"end":{"line":38,"column":5}},"8":{"start":{"line":24,"column":8},"end":{"line":24,"column":23}},"9":{"start":{"line":25,"column":8},"end":{"line":37,"column":9}},"10":{"start":{"line":26,"column":8},"end":{"line":26,"column":50}},"11":{"start":{"line":28,"column":24},"end":{"line":28,"column":46}},"12":{"start":{"line":29,"column":8},"end":{"line":34,"column":9}},"13":{"start":{"line":31,"column":12},"end":{"line":31,"column":39}},"14":{"start":{"line":33,"column":12},"end":{"line":33,"column":62}},"15":{"start":{"line":36,"column":8},"end":{"line":36,"column":91}},"16":{"start":{"line":40,"column":2},"end":{"line":90,"column":3}},"17":{"start":{"line":95,"column":15},"end":{"line":114,"column":2}}},"fnMap":{"0":{"name":"(anonymous_0)","decl":{"start":{"line":14,"column":17},"end":{"line":14,"column":18}},"loc":{"start":{"line":14,"column":23},"end":{"line":91,"column":1}},"line":14},"1":{"name":"(anonymous_1)","decl":{"start":{"line":23,"column":25},"end":{"line":23,"column":26}},"loc":{"start":{"line":23,"column":37},"end":{"line":38,"column":5}},"line":23}},"branchMap":{"0":{"loc":{"start":{"line":29,"column":8},"end":{"line":34,"column":9}},"type":"if","locations":[{"start":{"line":29,"column":8},"end":{"line":34,"column":9}},{"start":{"line":32,"column":15},"end":{"line":34,"column":9}}],"line":29},"1":{"loc":{"start":{"line":36,"column":17},"end":{"line":36,"column":89}},"type":"cond-expr","locations":[{"start":{"line":36,"column":42},"end":{"line":36,"column":55}},{"start":{"line":36,"column":58},"end":{"line":36,"column":89}}],"line":36},"2":{"loc":{"start":{"line":76,"column":13},"end":{"line":76,"column":63}},"type":"binary-expr","locations":[{"start":{"line":76,"column":13},"end":{"line":76,"column":18}},{"start":{"line":76,"column":22},"end":{"line":76,"column":63}}],"line":76}},"s":{"0":1,"1":28,"2":28,"3":28,"4":28,"5":28,"6":28,"7":28,"8":4,"9":4,"10":4,"11":2,"12":2,"13":1,"14":1,"15":2,"16":28,"17":1},"f":{"0":28,"1":4},"b":{"0":[1,1],"1":[1,1],"2":[28,3]},"_coverageSchema":"1a1c01bbd47fc00a2c39e90264f33305004495a9","hash":"ad7973a2c2097bbbb693af25e358d619c92f7282"}
,"/Users/raynergoh/Orbital/BudgetBuddy/app/(tabs)/_layout.tsx": {"path":"/Users/raynergoh/Orbital/BudgetBuddy/app/(tabs)/_layout.tsx","statementMap":{"0":{"start":{"line":13,"column":22},"end":{"line":13,"column":38}},"1":{"start":{"line":15,"column":2},"end":{"line":54,"column":4}},"2":{"start":{"line":35,"column":39},"end":{"line":35,"column":98}},"3":{"start":{"line":42,"column":39},"end":{"line":42,"column":116}},"4":{"start":{"line":49,"column":39},"end":{"line":49,"column":96}}},"fnMap":{"0":{"name":"TabLayout","decl":{"start":{"line":12,"column":24},"end":{"line":12,"column":33}},"loc":{"start":{"line":12,"column":36},"end":{"line":55,"column":1}},"line":12},"1":{"name":"(anonymous_1)","decl":{"start":{"line":35,"column":24},"end":{"line":35,"column":25}},"loc":{"start":{"line":35,"column":39},"end":{"line":35,"column":98}},"line":35},"2":{"name":"(anonymous_2)","decl":{"start":{"line":42,"column":24},"end":{"line":42,"column":25}},"loc":{"start":{"line":42,"column":39},"end":{"line":42,"column":116}},"line":42},"3":{"name":"(anonymous_3)","decl":{"start":{"line":49,"column":24},"end":{"line":49,"column":25}},"loc":{"start":{"line":49,"column":39},"end":{"line":49,"column":96}},"line":49}},"branchMap":{"0":{"loc":{"start":{"line":19,"column":40},"end":{"line":19,"column":62}},"type":"binary-expr","locations":[{"start":{"line":19,"column":40},"end":{"line":19,"column":51}},{"start":{"line":19,"column":55},"end":{"line":19,"column":62}}],"line":19}},"s":{"0":11,"1":11,"2":10,"3":10,"4":10},"f":{"0":11,"1":10,"2":10,"3":10},"b":{"0":[11,1]},"_coverageSchema":"1a1c01bbd47fc00a2c39e90264f33305004495a9","hash":"f40689044843e36aba5f12abc553359996678f2a"}
,"/Users/raynergoh/Orbital/BudgetBuddy/app/(tabs)/create.tsx": {"path":"/Users/raynergoh/Orbital/BudgetBuddy/app/(tabs)/create.tsx","statementMap":{"0":{"start":{"line":16,"column":15},"end":{"line":86,"column":1}},"1":{"start":{"line":17,"column":30},"end":{"line":17,"column":42}},"2":{"start":{"line":18,"column":34},"end":{"line":18,"column":46}},"3":{"start":{"line":19,"column":42},"end":{"line":19,"column":54}},"4":{"start":{"line":20,"column":33},"end":{"line":20,"column":48}},"5":{"start":{"line":22,"column":28},"end":{"line":22,"column":39}},"6":{"start":{"line":23,"column":19},"end":{"line":23,"column":30}},"7":{"start":{"line":24,"column":21},"end":{"line":24,"column":30}},"8":{"start":{"line":26,"column":25},"end":{"line":50,"column":5}},"9":{"start":{"line":27,"column":8},"end":{"line":30,"column":9}},"10":{"start":{"line":28,"column":12},"end":{"line":28,"column":66}},"11":{"start":{"line":29,"column":12},"end":{"line":29,"column":19}},"12":{"start":{"line":32,"column":8},"end":{"line":32,"column":25}},"13":{"start":{"line":34,"column":8},"end":{"line":49,"column":9}},"14":{"start":{"line":35,"column":12},"end":{"line":35,"column":54}},"15":{"start":{"line":38,"column":12},"end":{"line":38,"column":25}},"16":{"start":{"line":39,"column":12},"end":{"line":39,"column":31}},"17":{"start":{"line":42,"column":12},"end":{"line":42,"column":44}},"18":{"start":{"line":44,"column":12},"end":{"line":44,"column":57}},"19":{"start":{"line":45,"column":12},"end":{"line":45,"column":69}},"20":{"start":{"line":48,"column":12},"end":{"line":48,"column":30}},"21":{"start":{"line":52,"column":8},"end":{"line":85,"column":9}},"22":{"start":{"line":91,"column":15},"end":{"line":111,"column":2}}},"fnMap":{"0":{"name":"(anonymous_0)","decl":{"start":{"line":16,"column":15},"end":{"line":16,"column":16}},"loc":{"start":{"line":16,"column":21},"end":{"line":86,"column":1}},"line":16},"1":{"name":"(anonymous_1)","decl":{"start":{"line":26,"column":25},"end":{"line":26,"column":26}},"loc":{"start":{"line":26,"column":37},"end":{"line":50,"column":5}},"line":26}},"branchMap":{"0":{"loc":{"start":{"line":27,"column":8},"end":{"line":30,"column":9}},"type":"if","locations":[{"start":{"line":27,"column":8},"end":{"line":30,"column":9}},{"start":{},"end":{}}],"line":27},"1":{"loc":{"start":{"line":79,"column":21},"end":{"line":79,"column":59}},"type":"cond-expr","locations":[{"start":{"line":79,"column":31},"end":{"line":79,"column":42}},{"start":{"line":79,"column":45},"end":{"line":79,"column":59}}],"line":79}},"s":{"0":1,"1":14,"2":14,"3":14,"4":14,"5":14,"6":14,"7":14,"8":14,"9":4,"10":1,"11":1,"12":3,"13":3,"14":3,"15":2,"16":2,"17":2,"18":1,"19":1,"20":3,"21":14,"22":1},"f":{"0":14,"1":4},"b":{"0":[1,3],"1":[3,11]},"_coverageSchema":"1a1c01bbd47fc00a2c39e90264f33305004495a9","hash":"16ab50e2a53838f2e6d3409e828ea9b72caf905d"}
,"/Users/raynergoh/Orbital/BudgetBuddy/app/(tabs)/group/[groupId].tsx": {"path":"/Users/raynergoh/Orbital/BudgetBuddy/app/(tabs)/group/[groupId].tsx","statementMap":{"0":{"start":{"line":19,"column":22},"end":{"line":19,"column":65}},"1":{"start":{"line":20,"column":19},"end":{"line":20,"column":28}},"2":{"start":{"line":21,"column":17},"end":{"line":21,"column":28}},"3":{"start":{"line":48,"column":6},"end":{"line":48,"column":30}},"4":{"start":{"line":50,"column":28},"end":{"line":50,"column":56}},"5":{"start":{"line":52,"column":2},"end":{"line":54,"column":21}},"6":{"start":{"line":53,"column":4},"end":{"line":53,"column":27}},"7":{"start":{"line":57,"column":2},"end":{"line":63,"column":3}},"8":{"start":{"line":58,"column":4},"end":{"line":62,"column":6}},"9":{"start":{"line":64,"column":2},"end":{"line":71,"column":3}},"10":{"start":{"line":65,"column":4},"end":{"line":65,"column":22}},"11":{"start":{"line":66,"column":4},"end":{"line":70,"column":6}},"12":{"start":{"line":72,"column":2},"end":{"line":78,"column":3}},"13":{"start":{"line":73,"column":4},"end":{"line":77,"column":6}},"14":{"start":{"line":80,"column":2},"end":{"line":207,"column":4}},"15":{"start":{"line":84,"column":63},"end":{"line":84,"column":76}},"16":{"start":{"line":102,"column":37},"end":{"line":102,"column":125}},"17":{"start":{"line":126,"column":32},"end":{"line":126,"column":60}},"18":{"start":{"line":165,"column":42},"end":{"line":165,"column":53}},"19":{"start":{"line":167,"column":22},"end":{"line":177,"column":41}},"20":{"start":{"line":174,"column":39},"end":{"line":174,"column":67}},"21":{"start":{"line":197,"column":33},"end":{"line":197,"column":61}}},"fnMap":{"0":{"name":"GroupDetailScreen","decl":{"start":{"line":18,"column":24},"end":{"line":18,"column":41}},"loc":{"start":{"line":18,"column":44},"end":{"line":208,"column":1}},"line":18},"1":{"name":"(anonymous_1)","decl":{"start":{"line":52,"column":12},"end":{"line":52,"column":13}},"loc":{"start":{"line":52,"column":18},"end":{"line":54,"column":3}},"line":52},"2":{"name":"(anonymous_2)","decl":{"start":{"line":84,"column":57},"end":{"line":84,"column":58}},"loc":{"start":{"line":84,"column":63},"end":{"line":84,"column":76}},"line":84},"3":{"name":"(anonymous_3)","decl":{"start":{"line":102,"column":31},"end":{"line":102,"column":32}},"loc":{"start":{"line":102,"column":37},"end":{"line":102,"column":125}},"line":102},"4":{"name":"(anonymous_4)","decl":{"start":{"line":126,"column":26},"end":{"line":126,"column":27}},"loc":{"start":{"line":126,"column":32},"end":{"line":126,"column":60}},"line":126},"5":{"name":"(anonymous_5)","decl":{"start":{"line":165,"column":34},"end":{"line":165,"column":35}},"loc":{"start":{"line":165,"column":42},"end":{"line":165,"column":53}},"line":165},"6":{"name":"(anonymous_6)","decl":{"start":{"line":166,"column":32},"end":{"line":166,"column":33}},"loc":{"start":{"line":167,"column":22},"end":{"line":177,"column":41}},"line":167},"7":{"name":"(anonymous_7)","decl":{"start":{"line":174,"column":33},"end":{"line":174,"column":34}},"loc":{"start":{"line":174,"column":39},"end":{"line":174,"column":67}},"line":174},"8":{"name":"(anonymous_8)","decl":{"start":{"line":197,"column":27},"end":{"line":197,"column":28}},"loc":{"start":{"line":197,"column":33},"end":{"line":197,"column":61}},"line":197}},"branchMap":{"0":{"loc":{"start":{"line":57,"column":2},"end":{"line":63,"column":3}},"type":"if","locations":[{"start":{"line":57,"column":2},"end":{"line":63,"column":3}},{"start":{},"end":{}}],"line":57},"1":{"loc":{"start":{"line":64,"column":2},"end":{"line":71,"column":3}},"type":"if","locations":[{"start":{"line":64,"column":2},"end":{"line":71,"column":3}},{"start":{},"end":{}}],"line":64},"2":{"loc":{"start":{"line":72,"column":2},"end":{"line":78,"column":3}},"type":"if","locations":[{"start":{"line":72,"column":2},"end":{"line":78,"column":3}},{"start":{},"end":{}}],"line":72},"3":{"loc":{"start":{"line":81,"column":56},"end":{"line":81,"column":101}},"type":"cond-expr","locations":[{"start":{"line":81,"column":80},"end":{"line":81,"column":89}},{"start":{"line":81,"column":92},"end":{"line":81,"column":101}}],"line":81},"4":{"loc":{"start":{"line":160,"column":17},"end":{"line":187,"column":17}},"type":"cond-expr","locations":[{"start":{"line":161,"column":18},"end":{"line":161,"column":39}},{"start":{"line":163,"column":18},"end":{"line":186,"column":20}}],"line":160},"5":{"loc":{"start":{"line":181,"column":25},"end":{"line":181,"column":88}},"type":"cond-expr","locations":[{"start":{"line":181,"column":39},"end":{"line":181,"column":56}},{"start":{"line":181,"column":59},"end":{"line":181,"column":88}}],"line":181}},"s":{"0":15,"1":15,"2":15,"3":15,"4":15,"5":15,"6":9,"7":15,"8":1,"9":14,"10":1,"11":1,"12":13,"13":7,"14":6,"15":1,"16":1,"17":0,"18":9,"19":6,"20":1,"21":1},"f":{"0":15,"1":9,"2":1,"3":1,"4":0,"5":9,"6":6,"7":1,"8":1},"b":{"0":[1,14],"1":[1,13],"2":[7,6],"3":[6,0],"4":[0,6],"5":[0,6]},"_coverageSchema":"1a1c01bbd47fc00a2c39e90264f33305004495a9","hash":"349da4f150c0ec5d8ddb5cdddec3bf015018f710"}
,"/Users/raynergoh/Orbital/BudgetBuddy/app/(tabs)/group/_layout.tsx": {"path":"/Users/raynergoh/Orbital/BudgetBuddy/app/(tabs)/group/_layout.tsx","statementMap":{"0":{"start":{"line":7,"column":2},"end":{"line":19,"column":4}}},"fnMap":{"0":{"name":"GroupLayout","decl":{"start":{"line":6,"column":24},"end":{"line":6,"column":35}},"loc":{"start":{"line":6,"column":75},"end":{"line":20,"column":1}},"line":6}},"branchMap":{},"s":{"0":4},"f":{"0":4},"b":{},"_coverageSchema":"1a1c01bbd47fc00a2c39e90264f33305004495a9","hash":"eece9700cad21fb748a2b6f1340af61a8f48a23c"}
,"/Users/raynergoh/Orbital/BudgetBuddy/app/(tabs)/group/groups.tsx": {"path":"/Users/raynergoh/Orbital/BudgetBuddy/app/(tabs)/group/groups.tsx","statementMap":{"0":{"start":{"line":25,"column":19},"end":{"line":25,"column":69}},"1":{"start":{"line":26,"column":27},"end":{"line":26,"column":86}},"2":{"start":{"line":27,"column":26},"end":{"line":27,"column":84}},"3":{"start":{"line":30,"column":34},"end":{"line":30,"column":45}},"4":{"start":{"line":31,"column":19},"end":{"line":31,"column":28}},"5":{"start":{"line":32,"column":18},"end":{"line":32,"column":43}},"6":{"start":{"line":33,"column":17},"end":{"line":33,"column":28}},"7":{"start":{"line":34,"column":31},"end":{"line":34,"column":55}},"8":{"start":{"line":35,"column":30},"end":{"line":35,"column":42}},"9":{"start":{"line":36,"column":46},"end":{"line":36,"column":62}},"10":{"start":{"line":37,"column":44},"end":{"line":37,"column":73}},"11":{"start":{"line":38,"column":40},"end":{"line":38,"column":80}},"12":{"start":{"line":39,"column":22},"end":{"line":39,"column":49}},"13":{"start":{"line":40,"column":26},"end":{"line":40,"column":56}},"14":{"start":{"line":41,"column":32},"end":{"line":41,"column":63}},"15":{"start":{"line":43,"column":2},"end":{"line":45,"column":13}},"16":{"start":{"line":44,"column":4},"end":{"line":44,"column":18}},"17":{"start":{"line":47,"column":2},"end":{"line":57,"column":23}},"18":{"start":{"line":48,"column":4},"end":{"line":56,"column":5}},"19":{"start":{"line":49,"column":6},"end":{"line":49,"column":32}},"20":{"start":{"line":51,"column":6},"end":{"line":55,"column":8}},"21":{"start":{"line":53,"column":10},"end":{"line":53,"column":73}},"22":{"start":{"line":59,"column":2},"end":{"line":63,"column":4}},"23":{"start":{"line":61,"column":6},"end":{"line":61,"column":20}},"24":{"start":{"line":65,"column":29},"end":{"line":106,"column":3}},"25":{"start":{"line":66,"column":4},"end":{"line":66,"column":64}},"26":{"start":{"line":68,"column":4},"end":{"line":71,"column":5}},"27":{"start":{"line":69,"column":6},"end":{"line":69,"column":39}},"28":{"start":{"line":70,"column":6},"end":{"line":70,"column":13}},"29":{"start":{"line":72,"column":4},"end":{"line":75,"column":5}},"30":{"start":{"line":73,"column":6},"end":{"line":73,"column":35}},"31":{"start":{"line":74,"column":6},"end":{"line":74,"column":13}},"32":{"start":{"line":76,"column":4},"end":{"line":79,"column":5}},"33":{"start":{"line":77,"column":6},"end":{"line":77,"column":48}},"34":{"start":{"line":78,"column":6},"end":{"line":78,"column":13}},"35":{"start":{"line":81,"column":28},"end":{"line":81,"column":35}},"36":{"start":{"line":83,"column":4},"end":{"line":105,"column":5}},"37":{"start":{"line":84,"column":6},"end":{"line":84,"column":68}},"38":{"start":{"line":85,"column":6},"end":{"line":96,"column":7}},"39":{"start":{"line":86,"column":31},"end":{"line":86,"column":74}},"40":{"start":{"line":86,"column":58},"end":{"line":86,"column":73}},"41":{"start":{"line":87,"column":8},"end":{"line":92,"column":8}},"42":{"start":{"line":93,"column":8},"end":{"line":93,"column":52}},"43":{"start":{"line":95,"column":8},"end":{"line":95,"column":59}},"44":{"start":{"line":98,"column":6},"end":{"line":98,"column":65}},"45":{"start":{"line":99,"column":6},"end":{"line":104,"column":7}},"46":{"start":{"line":100,"column":8},"end":{"line":100,"column":37}},"47":{"start":{"line":101,"column":8},"end":{"line":101,"column":45}},"48":{"start":{"line":103,"column":8},"end":{"line":103,"column":52}},"49":{"start":{"line":109,"column":2},"end":{"line":122,"column":3}},"50":{"start":{"line":110,"column":20},"end":{"line":114,"column":5}},"51":{"start":{"line":115,"column":4},"end":{"line":118,"column":6}},"52":{"start":{"line":120,"column":4},"end":{"line":120,"column":49}},"53":{"start":{"line":121,"column":4},"end":{"line":121,"column":54}},"54":{"start":{"line":125,"column":21},"end":{"line":125,"column":70}},"55":{"start":{"line":125,"column":46},"end":{"line":125,"column":69}},"56":{"start":{"line":126,"column":0},"end":{"line":131,"column":34}},"57":{"start":{"line":127,"column":2},"end":{"line":130,"column":3}},"58":{"start":{"line":129,"column":4},"end":{"line":129,"column":63}},"59":{"start":{"line":135,"column":21},"end":{"line":230,"column":3}},"60":{"start":{"line":136,"column":4},"end":{"line":229,"column":17}},"61":{"start":{"line":149,"column":34},"end":{"line":149,"column":108}},"62":{"start":{"line":156,"column":23},"end":{"line":156,"column":49}},"63":{"start":{"line":167,"column":32},"end":{"line":167,"column":54}},"64":{"start":{"line":169,"column":86},"end":{"line":169,"column":108}},"65":{"start":{"line":175,"column":29},"end":{"line":175,"column":51}},"66":{"start":{"line":219,"column":16},"end":{"line":219,"column":39}},"67":{"start":{"line":220,"column":16},"end":{"line":220,"column":41}},"68":{"start":{"line":232,"column":2},"end":{"line":234,"column":3}},"69":{"start":{"line":233,"column":4},"end":{"line":233,"column":60}},"70":{"start":{"line":236,"column":2},"end":{"line":282,"column":4}},"71":{"start":{"line":260,"column":25},"end":{"line":260,"column":33}},"72":{"start":{"line":271,"column":24},"end":{"line":271,"column":52}},"73":{"start":{"line":285,"column":15},"end":{"line":417,"column":2}}},"fnMap":{"0":{"name":"GroupsScreen","decl":{"start":{"line":29,"column":24},"end":{"line":29,"column":36}},"loc":{"start":{"line":29,"column":95},"end":{"line":283,"column":1}},"line":29},"1":{"name":"(anonymous_1)","decl":{"start":{"line":43,"column":12},"end":{"line":43,"column":13}},"loc":{"start":{"line":43,"column":18},"end":{"line":45,"column":3}},"line":43},"2":{"name":"(anonymous_2)","decl":{"start":{"line":47,"column":12},"end":{"line":47,"column":13}},"loc":{"start":{"line":47,"column":18},"end":{"line":57,"column":3}},"line":47},"3":{"name":"(anonymous_3)","decl":{"start":{"line":52,"column":22},"end":{"line":52,"column":23}},"loc":{"start":{"line":53,"column":10},"end":{"line":53,"column":73}},"line":53},"4":{"name":"(anonymous_4)","decl":{"start":{"line":60,"column":16},"end":{"line":60,"column":17}},"loc":{"start":{"line":60,"column":22},"end":{"line":62,"column":5}},"line":60},"5":{"name":"(anonymous_5)","decl":{"start":{"line":65,"column":29},"end":{"line":65,"column":30}},"loc":{"start":{"line":65,"column":53},"end":{"line":106,"column":3}},"line":65},"6":{"name":"(anonymous_6)","decl":{"start":{"line":86,"column":52},"end":{"line":86,"column":53}},"loc":{"start":{"line":86,"column":58},"end":{"line":86,"column":73}},"line":86},"7":{"name":"fetchUserById","decl":{"start":{"line":108,"column":17},"end":{"line":108,"column":30}},"loc":{"start":{"line":108,"column":47},"end":{"line":123,"column":1}},"line":108},"8":{"name":"(anonymous_8)","decl":{"start":{"line":125,"column":41},"end":{"line":125,"column":42}},"loc":{"start":{"line":125,"column":46},"end":{"line":125,"column":69}},"line":125},"9":{"name":"(anonymous_9)","decl":{"start":{"line":126,"column":10},"end":{"line":126,"column":11}},"loc":{"start":{"line":126,"column":16},"end":{"line":131,"column":1}},"line":126},"10":{"name":"(anonymous_10)","decl":{"start":{"line":135,"column":21},"end":{"line":135,"column":22}},"loc":{"start":{"line":136,"column":4},"end":{"line":229,"column":17}},"line":136},"11":{"name":"(anonymous_11)","decl":{"start":{"line":149,"column":28},"end":{"line":149,"column":29}},"loc":{"start":{"line":149,"column":34},"end":{"line":149,"column":108}},"line":149},"12":{"name":"(anonymous_12)","decl":{"start":{"line":156,"column":17},"end":{"line":156,"column":18}},"loc":{"start":{"line":156,"column":23},"end":{"line":156,"column":49}},"line":156},"13":{"name":"(anonymous_13)","decl":{"start":{"line":167,"column":26},"end":{"line":167,"column":27}},"loc":{"start":{"line":167,"column":32},"end":{"line":167,"column":54}},"line":167},"14":{"name":"(anonymous_14)","decl":{"start":{"line":169,"column":80},"end":{"line":169,"column":81}},"loc":{"start":{"line":169,"column":86},"end":{"line":169,"column":108}},"line":169},"15":{"name":"(anonymous_15)","decl":{"start":{"line":175,"column":23},"end":{"line":175,"column":24}},"loc":{"start":{"line":175,"column":29},"end":{"line":175,"column":51}},"line":175},"16":{"name":"(anonymous_16)","decl":{"start":{"line":218,"column":23},"end":{"line":218,"column":24}},"loc":{"start":{"line":218,"column":29},"end":{"line":221,"column":15}},"line":218},"17":{"name":"(anonymous_17)","decl":{"start":{"line":260,"column":17},"end":{"line":260,"column":18}},"loc":{"start":{"line":260,"column":25},"end":{"line":260,"column":33}},"line":260},"18":{"name":"(anonymous_18)","decl":{"start":{"line":271,"column":18},"end":{"line":271,"column":19}},"loc":{"start":{"line":271,"column":24},"end":{"line":271,"column":52}},"line":271}},"branchMap":{"0":{"loc":{"start":{"line":25,"column":19},"end":{"line":25,"column":69}},"type":"binary-expr","locations":[{"start":{"line":25,"column":19},"end":{"line":25,"column":63}},{"start":{"line":25,"column":67},"end":{"line":25,"column":69}}],"line":25},"1":{"loc":{"start":{"line":26,"column":27},"end":{"line":26,"column":86}},"type":"binary-expr","locations":[{"start":{"line":26,"column":27},"end":{"line":26,"column":80}},{"start":{"line":26,"column":84},"end":{"line":26,"column":86}}],"line":26},"2":{"loc":{"start":{"line":27,"column":26},"end":{"line":27,"column":84}},"type":"binary-expr","locations":[{"start":{"line":27,"column":26},"end":{"line":27,"column":78}},{"start":{"line":27,"column":82},"end":{"line":27,"column":84}}],"line":27},"3":{"loc":{"start":{"line":29,"column":39},"end":{"line":29,"column":61}},"type":"default-arg","locations":[{"start":{"line":29,"column":56},"end":{"line":29,"column":61}}],"line":29},"4":{"loc":{"start":{"line":39,"column":22},"end":{"line":39,"column":49}},"type":"binary-expr","locations":[{"start":{"line":39,"column":22},"end":{"line":39,"column":38}},{"start":{"line":39,"column":42},"end":{"line":39,"column":49}}],"line":39},"5":{"loc":{"start":{"line":48,"column":4},"end":{"line":56,"column":5}},"type":"if","locations":[{"start":{"line":48,"column":4},"end":{"line":56,"column":5}},{"start":{"line":50,"column":11},"end":{"line":56,"column":5}}],"line":48},"6":{"loc":{"start":{"line":68,"column":4},"end":{"line":71,"column":5}},"type":"if","locations":[{"start":{"line":68,"column":4},"end":{"line":71,"column":5}},{"start":{},"end":{}}],"line":68},"7":{"loc":{"start":{"line":72,"column":4},"end":{"line":75,"column":5}},"type":"if","locations":[{"start":{"line":72,"column":4},"end":{"line":75,"column":5}},{"start":{},"end":{}}],"line":72},"8":{"loc":{"start":{"line":76,"column":4},"end":{"line":79,"column":5}},"type":"if","locations":[{"start":{"line":76,"column":4},"end":{"line":79,"column":5}},{"start":{},"end":{}}],"line":76},"9":{"loc":{"start":{"line":83,"column":4},"end":{"line":105,"column":5}},"type":"if","locations":[{"start":{"line":83,"column":4},"end":{"line":105,"column":5}},{"start":{"line":97,"column":11},"end":{"line":105,"column":5}}],"line":83},"10":{"loc":{"start":{"line":127,"column":2},"end":{"line":130,"column":3}},"type":"if","locations":[{"start":{"line":127,"column":2},"end":{"line":130,"column":3}},{"start":{},"end":{}}],"line":127},"11":{"loc":{"start":{"line":127,"column":6},"end":{"line":127,"column":35}},"type":"binary-expr","locations":[{"start":{"line":127,"column":6},"end":{"line":127,"column":19}},{"start":{"line":127,"column":23},"end":{"line":127,"column":35}}],"line":127},"12":{"loc":{"start":{"line":138,"column":9},"end":{"line":145,"column":9}},"type":"cond-expr","locations":[{"start":{"line":139,"column":10},"end":{"line":142,"column":12}},{"start":{"line":144,"column":10},"end":{"line":144,"column":96}}],"line":138},"13":{"loc":{"start":{"line":162,"column":7},"end":{"line":228,"column":7}},"type":"binary-expr","locations":[{"start":{"line":162,"column":7},"end":{"line":162,"column":33}},{"start":{"line":163,"column":8},"end":{"line":227,"column":16}}],"line":162},"14":{"loc":{"start":{"line":182,"column":15},"end":{"line":189,"column":15}},"type":"cond-expr","locations":[{"start":{"line":183,"column":16},"end":{"line":186,"column":18}},{"start":{"line":188,"column":16},"end":{"line":188,"column":102}}],"line":182},"15":{"loc":{"start":{"line":198,"column":19},"end":{"line":209,"column":110}},"type":"cond-expr","locations":[{"start":{"line":199,"column":20},"end":{"line":208,"column":22}},{"start":{"line":209,"column":26},"end":{"line":209,"column":110}}],"line":198},"16":{"loc":{"start":{"line":232,"column":2},"end":{"line":234,"column":3}},"type":"if","locations":[{"start":{"line":232,"column":2},"end":{"line":234,"column":3}},{"start":{},"end":{}}],"line":232}},"s":{"0":1,"1":1,"2":1,"3":24,"4":24,"5":24,"6":24,"7":24,"8":24,"9":24,"10":24,"11":24,"12":24,"13":24,"14":24,"15":24,"16":10,"17":24,"18":11,"19":10,"20":1,"21":2,"22":24,"23":0,"24":24,"25":2,"26":2,"27":0,"28":0,"29":2,"30":0,"31":0,"32":2,"33":0,"34":0,"35":2,"36":2,"37":1,"38":1,"39":1,"40":2,"41":1,"42":1,"43":0,"44":1,"45":1,"46":1,"47":1,"48":0,"49":4,"50":4,"51":4,"52":0,"53":0,"54":24,"55":35,"56":24,"57":18,"58":4,"59":24,"60":39,"61":1,"62":4,"63":0,"64":1,"65":1,"66":2,"67":2,"68":24,"69":1,"70":23,"71":48,"72":1,"73":1},"f":{"0":24,"1":10,"2":11,"3":2,"4":0,"5":2,"6":2,"7":4,"8":35,"9":18,"10":39,"11":1,"12":4,"13":0,"14":1,"15":1,"16":2,"17":48,"18":1},"b":{"0":[1,0],"1":[1,0],"2":[1,0],"3":[23],"4":[24,0],"5":[10,1],"6":[0,2],"7":[0,2],"8":[0,2],"9":[1,1],"10":[4,14],"11":[18,4],"12":[0,39],"13":[39,8],"14":[0,8],"15":[0,8],"16":[1,23]},"_coverageSchema":"1a1c01bbd47fc00a2c39e90264f33305004495a9","hash":"4e6cbd13dd631285e6cc15a287a9d7522bf31e41"}
,"/Users/raynergoh/Orbital/BudgetBuddy/app/(tabs)/group/[groupId]/GroupHeader.tsx": {"path":"/Users/raynergoh/Orbital/BudgetBuddy/app/(tabs)/group/[groupId]/GroupHeader.tsx","statementMap":{"0":{"start":{"line":17,"column":19},"end":{"line":17,"column":69}},"1":{"start":{"line":18,"column":27},"end":{"line":18,"column":86}},"2":{"start":{"line":19,"column":23},"end":{"line":19,"column":85}},"3":{"start":{"line":28,"column":32},"end":{"line":28,"column":47}},"4":{"start":{"line":29,"column":28},"end":{"line":29,"column":56}},"5":{"start":{"line":30,"column":40},"end":{"line":30,"column":74}},"6":{"start":{"line":31,"column":30},"end":{"line":31,"column":45}},"7":{"start":{"line":32,"column":28},"end":{"line":32,"column":40}},"8":{"start":{"line":33,"column":30},"end":{"line":33,"column":59}},"9":{"start":{"line":34,"column":36},"end":{"line":34,"column":51}},"10":{"start":{"line":36,"column":2},"end":{"line":36,"column":39}},"11":{"start":{"line":38,"column":2},"end":{"line":42,"column":14}},"12":{"start":{"line":39,"column":4},"end":{"line":39,"column":33}},"13":{"start":{"line":40,"column":4},"end":{"line":40,"column":45}},"14":{"start":{"line":41,"column":4},"end":{"line":41,"column":35}},"15":{"start":{"line":44,"column":2},"end":{"line":50,"column":3}},"16":{"start":{"line":45,"column":4},"end":{"line":49,"column":6}},"17":{"start":{"line":52,"column":29},"end":{"line":125,"column":3}},"18":{"start":{"line":53,"column":23},"end":{"line":53,"column":78}},"19":{"start":{"line":54,"column":4},"end":{"line":57,"column":5}},"20":{"start":{"line":55,"column":6},"end":{"line":55,"column":57}},"21":{"start":{"line":56,"column":6},"end":{"line":56,"column":13}},"22":{"start":{"line":58,"column":4},"end":{"line":124,"column":5}},"23":{"start":{"line":59,"column":21},"end":{"line":64,"column":8}},"24":{"start":{"line":65,"column":6},"end":{"line":65,"column":34}},"25":{"start":{"line":65,"column":27},"end":{"line":65,"column":34}},"26":{"start":{"line":67,"column":6},"end":{"line":67,"column":25}},"27":{"start":{"line":68,"column":20},"end":{"line":68,"column":36}},"28":{"start":{"line":69,"column":18},"end":{"line":69,"column":27}},"29":{"start":{"line":70,"column":23},"end":{"line":70,"column":43}},"30":{"start":{"line":71,"column":21},"end":{"line":71,"column":64}},"31":{"start":{"line":72,"column":23},"end":{"line":72,"column":37}},"32":{"start":{"line":73,"column":6},"end":{"line":73,"column":40}},"33":{"start":{"line":74,"column":6},"end":{"line":79,"column":8}},"34":{"start":{"line":80,"column":23},"end":{"line":80,"column":109}},"35":{"start":{"line":81,"column":6},"end":{"line":81,"column":52}},"36":{"start":{"line":82,"column":23},"end":{"line":88,"column":8}},"37":{"start":{"line":90,"column":6},"end":{"line":96,"column":7}},"38":{"start":{"line":91,"column":8},"end":{"line":91,"column":40}},"39":{"start":{"line":93,"column":8},"end":{"line":93,"column":28}},"40":{"start":{"line":94,"column":8},"end":{"line":94,"column":62}},"41":{"start":{"line":95,"column":8},"end":{"line":95,"column":15}},"42":{"start":{"line":97,"column":6},"end":{"line":101,"column":7}},"43":{"start":{"line":98,"column":8},"end":{"line":98,"column":28}},"44":{"start":{"line":99,"column":8},"end":{"line":99,"column":73}},"45":{"start":{"line":100,"column":8},"end":{"line":100,"column":15}},"46":{"start":{"line":102,"column":22},"end":{"line":102,"column":199}},"47":{"start":{"line":103,"column":6},"end":{"line":103,"column":56}},"48":{"start":{"line":106,"column":24},"end":{"line":111,"column":7}},"49":{"start":{"line":112,"column":6},"end":{"line":112,"column":56}},"50":{"start":{"line":114,"column":6},"end":{"line":114,"column":25}},"51":{"start":{"line":115,"column":6},"end":{"line":118,"column":7}},"52":{"start":{"line":116,"column":8},"end":{"line":116,"column":68}},"53":{"start":{"line":117,"column":8},"end":{"line":117,"column":54}},"54":{"start":{"line":120,"column":6},"end":{"line":120,"column":37}},"55":{"start":{"line":121,"column":6},"end":{"line":121,"column":55}},"56":{"start":{"line":123,"column":6},"end":{"line":123,"column":26}},"57":{"start":{"line":128,"column":21},"end":{"line":152,"column":3}},"58":{"start":{"line":129,"column":4},"end":{"line":129,"column":20}},"59":{"start":{"line":130,"column":4},"end":{"line":130,"column":17}},"60":{"start":{"line":131,"column":4},"end":{"line":150,"column":5}},"61":{"start":{"line":132,"column":6},"end":{"line":136,"column":9}},"62":{"start":{"line":139,"column":6},"end":{"line":139,"column":24}},"63":{"start":{"line":140,"column":6},"end":{"line":147,"column":7}},"64":{"start":{"line":141,"column":8},"end":{"line":146,"column":11}},"65":{"start":{"line":149,"column":6},"end":{"line":149,"column":50}},"66":{"start":{"line":151,"column":4},"end":{"line":151,"column":21}},"67":{"start":{"line":155,"column":2},"end":{"line":200,"column":3}},"68":{"start":{"line":156,"column":4},"end":{"line":199,"column":6}},"69":{"start":{"line":191,"column":29},"end":{"line":191,"column":46}},"70":{"start":{"line":202,"column":2},"end":{"line":257,"column":4}},"71":{"start":{"line":225,"column":27},"end":{"line":225,"column":112}},"72":{"start":{"line":242,"column":43},"end":{"line":242,"column":127}},"73":{"start":{"line":249,"column":27},"end":{"line":249,"column":43}},"74":{"start":{"line":260,"column":15},"end":{"line":348,"column":2}}},"fnMap":{"0":{"name":"GroupHeader","decl":{"start":{"line":27,"column":24},"end":{"line":27,"column":35}},"loc":{"start":{"line":27,"column":96},"end":{"line":258,"column":1}},"line":27},"1":{"name":"(anonymous_1)","decl":{"start":{"line":38,"column":12},"end":{"line":38,"column":13}},"loc":{"start":{"line":38,"column":18},"end":{"line":42,"column":3}},"line":38},"2":{"name":"(anonymous_2)","decl":{"start":{"line":52,"column":29},"end":{"line":52,"column":30}},"loc":{"start":{"line":52,"column":41},"end":{"line":125,"column":3}},"line":52},"3":{"name":"(anonymous_3)","decl":{"start":{"line":128,"column":21},"end":{"line":128,"column":22}},"loc":{"start":{"line":128,"column":33},"end":{"line":152,"column":3}},"line":128},"4":{"name":"(anonymous_4)","decl":{"start":{"line":191,"column":23},"end":{"line":191,"column":24}},"loc":{"start":{"line":191,"column":29},"end":{"line":191,"column":46}},"line":191},"5":{"name":"(anonymous_5)","decl":{"start":{"line":225,"column":21},"end":{"line":225,"column":22}},"loc":{"start":{"line":225,"column":27},"end":{"line":225,"column":112}},"line":225},"6":{"name":"(anonymous_6)","decl":{"start":{"line":242,"column":37},"end":{"line":242,"column":38}},"loc":{"start":{"line":242,"column":43},"end":{"line":242,"column":127}},"line":242},"7":{"name":"(anonymous_7)","decl":{"start":{"line":249,"column":21},"end":{"line":249,"column":22}},"loc":{"start":{"line":249,"column":27},"end":{"line":249,"column":43}},"line":249}},"branchMap":{"0":{"loc":{"start":{"line":17,"column":19},"end":{"line":17,"column":69}},"type":"binary-expr","locations":[{"start":{"line":17,"column":19},"end":{"line":17,"column":63}},{"start":{"line":17,"column":67},"end":{"line":17,"column":69}}],"line":17},"1":{"loc":{"start":{"line":18,"column":27},"end":{"line":18,"column":86}},"type":"binary-expr","locations":[{"start":{"line":18,"column":27},"end":{"line":18,"column":80}},{"start":{"line":18,"column":84},"end":{"line":18,"column":86}}],"line":18},"2":{"loc":{"start":{"line":19,"column":23},"end":{"line":19,"column":85}},"type":"binary-expr","locations":[{"start":{"line":19,"column":23},"end":{"line":19,"column":72}},{"start":{"line":19,"column":76},"end":{"line":19,"column":85}}],"line":19},"3":{"loc":{"start":{"line":29,"column":37},"end":{"line":29,"column":55}},"type":"binary-expr","locations":[{"start":{"line":29,"column":37},"end":{"line":29,"column":49}},{"start":{"line":29,"column":53},"end":{"line":29,"column":55}}],"line":29},"4":{"loc":{"start":{"line":30,"column":49},"end":{"line":30,"column":73}},"type":"binary-expr","locations":[{"start":{"line":30,"column":49},"end":{"line":30,"column":67}},{"start":{"line":30,"column":71},"end":{"line":30,"column":73}}],"line":30},"5":{"loc":{"start":{"line":33,"column":39},"end":{"line":33,"column":58}},"type":"binary-expr","locations":[{"start":{"line":33,"column":39},"end":{"line":33,"column":52}},{"start":{"line":33,"column":56},"end":{"line":33,"column":58}}],"line":33},"6":{"loc":{"start":{"line":39,"column":13},"end":{"line":39,"column":31}},"type":"binary-expr","locations":[{"start":{"line":39,"column":13},"end":{"line":39,"column":25}},{"start":{"line":39,"column":29},"end":{"line":39,"column":31}}],"line":39},"7":{"loc":{"start":{"line":40,"column":19},"end":{"line":40,"column":43}},"type":"binary-expr","locations":[{"start":{"line":40,"column":19},"end":{"line":40,"column":37}},{"start":{"line":40,"column":41},"end":{"line":40,"column":43}}],"line":40},"8":{"loc":{"start":{"line":41,"column":14},"end":{"line":41,"column":33}},"type":"binary-expr","locations":[{"start":{"line":41,"column":14},"end":{"line":41,"column":27}},{"start":{"line":41,"column":31},"end":{"line":41,"column":33}}],"line":41},"9":{"loc":{"start":{"line":44,"column":2},"end":{"line":50,"column":3}},"type":"if","locations":[{"start":{"line":44,"column":2},"end":{"line":50,"column":3}},{"start":{},"end":{}}],"line":44},"10":{"loc":{"start":{"line":54,"column":4},"end":{"line":57,"column":5}},"type":"if","locations":[{"start":{"line":54,"column":4},"end":{"line":57,"column":5}},{"start":{},"end":{}}],"line":54},"11":{"loc":{"start":{"line":65,"column":6},"end":{"line":65,"column":34}},"type":"if","locations":[{"start":{"line":65,"column":6},"end":{"line":65,"column":34}},{"start":{},"end":{}}],"line":65},"12":{"loc":{"start":{"line":77,"column":16},"end":{"line":77,"column":46}},"type":"binary-expr","locations":[{"start":{"line":77,"column":16},"end":{"line":77,"column":30}},{"start":{"line":77,"column":34},"end":{"line":77,"column":46}}],"line":77},"13":{"loc":{"start":{"line":85,"column":32},"end":{"line":85,"column":81}},"type":"binary-expr","locations":[{"start":{"line":85,"column":32},"end":{"line":85,"column":75}},{"start":{"line":85,"column":79},"end":{"line":85,"column":81}}],"line":85},"14":{"loc":{"start":{"line":97,"column":6},"end":{"line":101,"column":7}},"type":"if","locations":[{"start":{"line":97,"column":6},"end":{"line":101,"column":7}},{"start":{},"end":{}}],"line":97},"15":{"loc":{"start":{"line":99,"column":35},"end":{"line":99,"column":70}},"type":"binary-expr","locations":[{"start":{"line":99,"column":35},"end":{"line":99,"column":51}},{"start":{"line":99,"column":55},"end":{"line":99,"column":70}}],"line":99},"16":{"loc":{"start":{"line":115,"column":6},"end":{"line":118,"column":7}},"type":"if","locations":[{"start":{"line":115,"column":6},"end":{"line":118,"column":7}},{"start":{},"end":{}}],"line":115},"17":{"loc":{"start":{"line":140,"column":6},"end":{"line":147,"column":7}},"type":"if","locations":[{"start":{"line":140,"column":6},"end":{"line":147,"column":7}},{"start":{},"end":{}}],"line":140},"18":{"loc":{"start":{"line":155,"column":2},"end":{"line":200,"column":3}},"type":"if","locations":[{"start":{"line":155,"column":2},"end":{"line":200,"column":3}},{"start":{},"end":{}}],"line":155},"19":{"loc":{"start":{"line":172,"column":13},"end":{"line":174,"column":20}},"type":"cond-expr","locations":[{"start":{"line":173,"column":14},"end":{"line":173,"column":88}},{"start":{"line":174,"column":16},"end":{"line":174,"column":20}}],"line":172},"20":{"loc":{"start":{"line":187,"column":17},"end":{"line":187,"column":46}},"type":"cond-expr","locations":[{"start":{"line":187,"column":26},"end":{"line":187,"column":37}},{"start":{"line":187,"column":40},"end":{"line":187,"column":46}}],"line":187},"21":{"loc":{"start":{"line":208,"column":15},"end":{"line":212,"column":15}},"type":"cond-expr","locations":[{"start":{"line":209,"column":16},"end":{"line":209,"column":75}},{"start":{"line":211,"column":16},"end":{"line":211,"column":75}}],"line":208},"22":{"loc":{"start":{"line":216,"column":15},"end":{"line":218,"column":22}},"type":"cond-expr","locations":[{"start":{"line":217,"column":16},"end":{"line":217,"column":92}},{"start":{"line":218,"column":18},"end":{"line":218,"column":22}}],"line":216},"23":{"loc":{"start":{"line":222,"column":13},"end":{"line":222,"column":39}},"type":"binary-expr","locations":[{"start":{"line":222,"column":13},"end":{"line":222,"column":34}},{"start":{"line":222,"column":38},"end":{"line":222,"column":39}}],"line":222},"24":{"loc":{"start":{"line":222,"column":48},"end":{"line":222,"column":93}},"type":"cond-expr","locations":[{"start":{"line":222,"column":85},"end":{"line":222,"column":88}},{"start":{"line":222,"column":91},"end":{"line":222,"column":93}}],"line":222},"25":{"loc":{"start":{"line":222,"column":49},"end":{"line":222,"column":75}},"type":"binary-expr","locations":[{"start":{"line":222,"column":49},"end":{"line":222,"column":70}},{"start":{"line":222,"column":74},"end":{"line":222,"column":75}}],"line":222}},"s":{"0":1,"1":1,"2":1,"3":6,"4":6,"5":6,"6":6,"7":6,"8":6,"9":6,"10":6,"11":6,"12":6,"13":6,"14":6,"15":6,"16":0,"17":6,"18":0,"19":0,"20":0,"21":0,"22":0,"23":0,"24":0,"25":0,"26":0,"27":0,"28":0,"29":0,"30":0,"31":0,"32":0,"33":0,"34":0,"35":0,"36":0,"37":0,"38":0,"39":0,"40":0,"41":0,"42":0,"43":0,"44":0,"45":0,"46":0,"47":0,"48":0,"49":0,"50":0,"51":0,"52":0,"53":0,"54":0,"55":0,"56":0,"57":6,"58":0,"59":0,"60":0,"61":0,"62":0,"63":0,"64":0,"65":0,"66":0,"67":6,"68":0,"69":0,"70":6,"71":0,"72":0,"73":0,"74":1},"f":{"0":6,"1":6,"2":0,"3":0,"4":0,"5":0,"6":0,"7":0},"b":{"0":[1,0],"1":[1,0],"2":[1,0],"3":[6,0],"4":[6,3],"5":[6,6],"6":[6,0],"7":[6,3],"8":[6,6],"9":[0,6],"10":[0,0],"11":[0,0],"12":[0,0],"13":[0,0],"14":[0,0],"15":[0,0],"16":[0,0],"17":[0,0],"18":[0,6],"19":[0,0],"20":[0,0],"21":[0,6],"22":[3,3],"23":[6,0],"24":[2,4],"25":[6,0]},"_coverageSchema":"1a1c01bbd47fc00a2c39e90264f33305004495a9","hash":"ea2cfeaf3f5b16be4c8644112fc34472730db2f1"}
,"/Users/raynergoh/Orbital/BudgetBuddy/app/(tabs)/group/[groupId]/addExpense.tsx": {"path":"/Users/raynergoh/Orbital/BudgetBuddy/app/(tabs)/group/[groupId]/addExpense.tsx","statementMap":{"0":{"start":{"line":19,"column":19},"end":{"line":19,"column":69}},"1":{"start":{"line":20,"column":29},"end":{"line":20,"column":90}},"2":{"start":{"line":21,"column":27},"end":{"line":21,"column":86}},"3":{"start":{"line":22,"column":26},"end":{"line":22,"column":84}},"4":{"start":{"line":24,"column":20},"end":{"line":28,"column":1}},"5":{"start":{"line":31,"column":22},"end":{"line":31,"column":65}},"6":{"start":{"line":32,"column":17},"end":{"line":32,"column":28}},"7":{"start":{"line":34,"column":40},"end":{"line":34,"column":52}},"8":{"start":{"line":35,"column":30},"end":{"line":35,"column":42}},"9":{"start":{"line":36,"column":30},"end":{"line":36,"column":42}},"10":{"start":{"line":37,"column":32},"end":{"line":37,"column":54}},"11":{"start":{"line":38,"column":46},"end":{"line":38,"column":65}},"12":{"start":{"line":39,"column":36},"end":{"line":39,"column":53}},"13":{"start":{"line":40,"column":42},"end":{"line":40,"column":64}},"14":{"start":{"line":41,"column":40},"end":{"line":41,"column":82}},"15":{"start":{"line":42,"column":32},"end":{"line":42,"column":47}},"16":{"start":{"line":43,"column":28},"end":{"line":43,"column":40}},"17":{"start":{"line":44,"column":34},"end":{"line":44,"column":52}},"18":{"start":{"line":46,"column":2},"end":{"line":82,"column":4}},"19":{"start":{"line":48,"column":21},"end":{"line":48,"column":25}},"20":{"start":{"line":49,"column":6},"end":{"line":49,"column":27}},"21":{"start":{"line":49,"column":20},"end":{"line":49,"column":27}},"22":{"start":{"line":52,"column":6},"end":{"line":76,"column":9}},"23":{"start":{"line":53,"column":8},"end":{"line":53,"column":30}},"24":{"start":{"line":53,"column":23},"end":{"line":53,"column":30}},"25":{"start":{"line":54,"column":8},"end":{"line":54,"column":38}},"26":{"start":{"line":55,"column":8},"end":{"line":55,"column":42}},"27":{"start":{"line":56,"column":8},"end":{"line":56,"column":43}},"28":{"start":{"line":57,"column":8},"end":{"line":57,"column":27}},"29":{"start":{"line":58,"column":8},"end":{"line":58,"column":27}},"30":{"start":{"line":59,"column":8},"end":{"line":59,"column":22}},"31":{"start":{"line":60,"column":8},"end":{"line":60,"column":30}},"32":{"start":{"line":61,"column":8},"end":{"line":61,"column":30}},"33":{"start":{"line":62,"column":8},"end":{"line":62,"column":21}},"34":{"start":{"line":64,"column":8},"end":{"line":75,"column":34}},"35":{"start":{"line":66,"column":12},"end":{"line":73,"column":77}},"36":{"start":{"line":68,"column":32},"end":{"line":72,"column":15}},"37":{"start":{"line":73,"column":28},"end":{"line":73,"column":75}},"38":{"start":{"line":78,"column":6},"end":{"line":80,"column":8}},"39":{"start":{"line":79,"column":8},"end":{"line":79,"column":25}},"40":{"start":{"line":85,"column":27},"end":{"line":152,"column":3}},"41":{"start":{"line":86,"column":4},"end":{"line":86,"column":21}},"42":{"start":{"line":87,"column":4},"end":{"line":87,"column":17}},"43":{"start":{"line":88,"column":4},"end":{"line":150,"column":5}},"44":{"start":{"line":89,"column":6},"end":{"line":93,"column":7}},"45":{"start":{"line":90,"column":8},"end":{"line":90,"column":48}},"46":{"start":{"line":91,"column":8},"end":{"line":91,"column":26}},"47":{"start":{"line":92,"column":8},"end":{"line":92,"column":15}},"48":{"start":{"line":94,"column":6},"end":{"line":98,"column":7}},"49":{"start":{"line":95,"column":8},"end":{"line":95,"column":49}},"50":{"start":{"line":96,"column":8},"end":{"line":96,"column":26}},"51":{"start":{"line":97,"column":8},"end":{"line":97,"column":15}},"52":{"start":{"line":99,"column":6},"end":{"line":103,"column":7}},"53":{"start":{"line":100,"column":8},"end":{"line":100,"column":44}},"54":{"start":{"line":101,"column":8},"end":{"line":101,"column":26}},"55":{"start":{"line":102,"column":8},"end":{"line":102,"column":15}},"56":{"start":{"line":104,"column":6},"end":{"line":108,"column":7}},"57":{"start":{"line":105,"column":8},"end":{"line":105,"column":72}},"58":{"start":{"line":106,"column":8},"end":{"line":106,"column":26}},"59":{"start":{"line":107,"column":8},"end":{"line":107,"column":15}},"60":{"start":{"line":109,"column":6},"end":{"line":119,"column":7}},"61":{"start":{"line":110,"column":22},"end":{"line":113,"column":9}},"62":{"start":{"line":111,"column":24},"end":{"line":111,"column":65}},"63":{"start":{"line":114,"column":8},"end":{"line":118,"column":9}},"64":{"start":{"line":115,"column":10},"end":{"line":115,"column":66}},"65":{"start":{"line":116,"column":10},"end":{"line":116,"column":28}},"66":{"start":{"line":117,"column":10},"end":{"line":117,"column":17}},"67":{"start":{"line":120,"column":6},"end":{"line":130,"column":7}},"68":{"start":{"line":121,"column":22},"end":{"line":124,"column":9}},"69":{"start":{"line":122,"column":24},"end":{"line":122,"column":65}},"70":{"start":{"line":125,"column":8},"end":{"line":129,"column":9}},"71":{"start":{"line":126,"column":10},"end":{"line":126,"column":52}},"72":{"start":{"line":127,"column":10},"end":{"line":127,"column":28}},"73":{"start":{"line":128,"column":10},"end":{"line":128,"column":17}},"74":{"start":{"line":132,"column":6},"end":{"line":146,"column":8}},"75":{"start":{"line":147,"column":6},"end":{"line":147,"column":19}},"76":{"start":{"line":149,"column":6},"end":{"line":149,"column":53}},"77":{"start":{"line":151,"column":4},"end":{"line":151,"column":22}},"78":{"start":{"line":154,"column":2},"end":{"line":376,"column":4}},"79":{"start":{"line":157,"column":39},"end":{"line":157,"column":52}},"80":{"start":{"line":177,"column":31},"end":{"line":177,"column":69}},"81":{"start":{"line":188,"column":12},"end":{"line":202,"column":27}},"82":{"start":{"line":190,"column":29},"end":{"line":190,"column":51}},"83":{"start":{"line":210,"column":29},"end":{"line":210,"column":48}},"84":{"start":{"line":211,"column":12},"end":{"line":232,"column":14}},"85":{"start":{"line":214,"column":31},"end":{"line":214,"column":50}},"86":{"start":{"line":241,"column":27},"end":{"line":241,"column":51}},"87":{"start":{"line":254,"column":31},"end":{"line":254,"column":62}},"88":{"start":{"line":255,"column":12},"end":{"line":282,"column":14}},"89":{"start":{"line":259,"column":18},"end":{"line":263,"column":20}},"90":{"start":{"line":260,"column":20},"end":{"line":262,"column":43}},"91":{"start":{"line":261,"column":43},"end":{"line":261,"column":59}},"92":{"start":{"line":291,"column":12},"end":{"line":304,"column":27}},"93":{"start":{"line":293,"column":29},"end":{"line":293,"column":52}},"94":{"start":{"line":312,"column":27},"end":{"line":312,"column":72}},"95":{"start":{"line":312,"column":52},"end":{"line":312,"column":71}},"96":{"start":{"line":313,"column":14},"end":{"line":342,"column":16}},"97":{"start":{"line":321,"column":22},"end":{"line":324,"column":25}},"98":{"start":{"line":321,"column":46},"end":{"line":324,"column":23}},"99":{"start":{"line":358,"column":27},"end":{"line":358,"column":40}},"100":{"start":{"line":380,"column":29},"end":{"line":408,"column":1}}},"fnMap":{"0":{"name":"AddExpenseScreen","decl":{"start":{"line":30,"column":24},"end":{"line":30,"column":40}},"loc":{"start":{"line":30,"column":43},"end":{"line":377,"column":1}},"line":30},"1":{"name":"(anonymous_1)","decl":{"start":{"line":47,"column":16},"end":{"line":47,"column":17}},"loc":{"start":{"line":47,"column":22},"end":{"line":81,"column":5}},"line":47},"2":{"name":"(anonymous_2)","decl":{"start":{"line":52,"column":84},"end":{"line":52,"column":85}},"loc":{"start":{"line":52,"column":91},"end":{"line":76,"column":7}},"line":52},"3":{"name":"(anonymous_3)","decl":{"start":{"line":65,"column":34},"end":{"line":65,"column":35}},"loc":{"start":{"line":66,"column":12},"end":{"line":73,"column":77}},"line":66},"4":{"name":"(anonymous_4)","decl":{"start":{"line":68,"column":20},"end":{"line":68,"column":21}},"loc":{"start":{"line":68,"column":32},"end":{"line":72,"column":15}},"line":68},"5":{"name":"(anonymous_5)","decl":{"start":{"line":73,"column":21},"end":{"line":73,"column":22}},"loc":{"start":{"line":73,"column":28},"end":{"line":73,"column":75}},"line":73},"6":{"name":"(anonymous_6)","decl":{"start":{"line":78,"column":13},"end":{"line":78,"column":14}},"loc":{"start":{"line":78,"column":19},"end":{"line":80,"column":7}},"line":78},"7":{"name":"(anonymous_7)","decl":{"start":{"line":85,"column":27},"end":{"line":85,"column":28}},"loc":{"start":{"line":85,"column":39},"end":{"line":152,"column":3}},"line":85},"8":{"name":"(anonymous_8)","decl":{"start":{"line":111,"column":10},"end":{"line":111,"column":11}},"loc":{"start":{"line":111,"column":24},"end":{"line":111,"column":65}},"line":111},"9":{"name":"(anonymous_9)","decl":{"start":{"line":122,"column":10},"end":{"line":122,"column":11}},"loc":{"start":{"line":122,"column":24},"end":{"line":122,"column":65}},"line":122},"10":{"name":"(anonymous_10)","decl":{"start":{"line":157,"column":33},"end":{"line":157,"column":34}},"loc":{"start":{"line":157,"column":39},"end":{"line":157,"column":52}},"line":157},"11":{"name":"(anonymous_11)","decl":{"start":{"line":177,"column":24},"end":{"line":177,"column":25}},"loc":{"start":{"line":177,"column":31},"end":{"line":177,"column":69}},"line":177},"12":{"name":"(anonymous_12)","decl":{"start":{"line":187,"column":26},"end":{"line":187,"column":27}},"loc":{"start":{"line":188,"column":12},"end":{"line":202,"column":27}},"line":188},"13":{"name":"(anonymous_13)","decl":{"start":{"line":190,"column":23},"end":{"line":190,"column":24}},"loc":{"start":{"line":190,"column":29},"end":{"line":190,"column":51}},"line":190},"14":{"name":"(anonymous_14)","decl":{"start":{"line":209,"column":30},"end":{"line":209,"column":31}},"loc":{"start":{"line":209,"column":35},"end":{"line":233,"column":11}},"line":209},"15":{"name":"(anonymous_15)","decl":{"start":{"line":214,"column":25},"end":{"line":214,"column":26}},"loc":{"start":{"line":214,"column":31},"end":{"line":214,"column":50}},"line":214},"16":{"name":"(anonymous_16)","decl":{"start":{"line":241,"column":21},"end":{"line":241,"column":22}},"loc":{"start":{"line":241,"column":27},"end":{"line":241,"column":51}},"line":241},"17":{"name":"(anonymous_17)","decl":{"start":{"line":253,"column":30},"end":{"line":253,"column":31}},"loc":{"start":{"line":253,"column":35},"end":{"line":283,"column":11}},"line":253},"18":{"name":"(anonymous_18)","decl":{"start":{"line":258,"column":25},"end":{"line":258,"column":26}},"loc":{"start":{"line":258,"column":31},"end":{"line":264,"column":17}},"line":258},"19":{"name":"(anonymous_19)","decl":{"start":{"line":259,"column":34},"end":{"line":259,"column":35}},"loc":{"start":{"line":260,"column":20},"end":{"line":262,"column":43}},"line":260},"20":{"name":"(anonymous_20)","decl":{"start":{"line":261,"column":36},"end":{"line":261,"column":37}},"loc":{"start":{"line":261,"column":43},"end":{"line":261,"column":59}},"line":261},"21":{"name":"(anonymous_21)","decl":{"start":{"line":290,"column":27},"end":{"line":290,"column":28}},"loc":{"start":{"line":291,"column":12},"end":{"line":304,"column":27}},"line":291},"22":{"name":"(anonymous_22)","decl":{"start":{"line":293,"column":23},"end":{"line":293,"column":24}},"loc":{"start":{"line":293,"column":29},"end":{"line":293,"column":52}},"line":293},"23":{"name":"(anonymous_23)","decl":{"start":{"line":311,"column":30},"end":{"line":311,"column":31}},"loc":{"start":{"line":311,"column":40},"end":{"line":343,"column":13}},"line":311},"24":{"name":"(anonymous_24)","decl":{"start":{"line":312,"column":47},"end":{"line":312,"column":48}},"loc":{"start":{"line":312,"column":52},"end":{"line":312,"column":71}},"line":312},"25":{"name":"(anonymous_25)","decl":{"start":{"line":320,"column":34},"end":{"line":320,"column":35}},"loc":{"start":{"line":321,"column":22},"end":{"line":324,"column":25}},"line":321},"26":{"name":"(anonymous_26)","decl":{"start":{"line":321,"column":37},"end":{"line":321,"column":38}},"loc":{"start":{"line":321,"column":46},"end":{"line":324,"column":23}},"line":321},"27":{"name":"(anonymous_27)","decl":{"start":{"line":358,"column":21},"end":{"line":358,"column":22}},"loc":{"start":{"line":358,"column":27},"end":{"line":358,"column":40}},"line":358}},"branchMap":{"0":{"loc":{"start":{"line":19,"column":19},"end":{"line":19,"column":69}},"type":"binary-expr","locations":[{"start":{"line":19,"column":19},"end":{"line":19,"column":63}},{"start":{"line":19,"column":67},"end":{"line":19,"column":69}}],"line":19},"1":{"loc":{"start":{"line":20,"column":29},"end":{"line":20,"column":90}},"type":"binary-expr","locations":[{"start":{"line":20,"column":29},"end":{"line":20,"column":84}},{"start":{"line":20,"column":88},"end":{"line":20,"column":90}}],"line":20},"2":{"loc":{"start":{"line":21,"column":27},"end":{"line":21,"column":86}},"type":"binary-expr","locations":[{"start":{"line":21,"column":27},"end":{"line":21,"column":80}},{"start":{"line":21,"column":84},"end":{"line":21,"column":86}}],"line":21},"3":{"loc":{"start":{"line":22,"column":26},"end":{"line":22,"column":84}},"type":"binary-expr","locations":[{"start":{"line":22,"column":26},"end":{"line":22,"column":78}},{"start":{"line":22,"column":82},"end":{"line":22,"column":84}}],"line":22},"4":{"loc":{"start":{"line":49,"column":6},"end":{"line":49,"column":27}},"type":"if","locations":[{"start":{"line":49,"column":6},"end":{"line":49,"column":27}},{"start":{},"end":{}}],"line":49},"5":{"loc":{"start":{"line":53,"column":8},"end":{"line":53,"column":30}},"type":"if","locations":[{"start":{"line":53,"column":8},"end":{"line":53,"column":30}},{"start":{},"end":{}}],"line":53},"6":{"loc":{"start":{"line":54,"column":19},"end":{"line":54,"column":36}},"type":"binary-expr","locations":[{"start":{"line":54,"column":19},"end":{"line":54,"column":30}},{"start":{"line":54,"column":34},"end":{"line":54,"column":36}}],"line":54},"7":{"loc":{"start":{"line":55,"column":18},"end":{"line":55,"column":40}},"type":"binary-expr","locations":[{"start":{"line":55,"column":18},"end":{"line":55,"column":34}},{"start":{"line":55,"column":38},"end":{"line":55,"column":40}}],"line":55},"8":{"loc":{"start":{"line":56,"column":24},"end":{"line":56,"column":41}},"type":"binary-expr","locations":[{"start":{"line":56,"column":24},"end":{"line":56,"column":35}},{"start":{"line":56,"column":39},"end":{"line":56,"column":41}}],"line":56},"9":{"loc":{"start":{"line":65,"column":11},"end":{"line":65,"column":28}},"type":"binary-expr","locations":[{"start":{"line":65,"column":11},"end":{"line":65,"column":22}},{"start":{"line":65,"column":26},"end":{"line":65,"column":28}}],"line":65},"10":{"loc":{"start":{"line":71,"column":24},"end":{"line":71,"column":46}},"type":"binary-expr","locations":[{"start":{"line":71,"column":24},"end":{"line":71,"column":38}},{"start":{"line":71,"column":42},"end":{"line":71,"column":46}}],"line":71},"11":{"loc":{"start":{"line":89,"column":6},"end":{"line":93,"column":7}},"type":"if","locations":[{"start":{"line":89,"column":6},"end":{"line":93,"column":7}},{"start":{},"end":{}}],"line":89},"12":{"loc":{"start":{"line":94,"column":6},"end":{"line":98,"column":7}},"type":"if","locations":[{"start":{"line":94,"column":6},"end":{"line":98,"column":7}},{"start":{},"end":{}}],"line":94},"13":{"loc":{"start":{"line":94,"column":10},"end":{"line":94,"column":65}},"type":"binary-expr","locations":[{"start":{"line":94,"column":10},"end":{"line":94,"column":17}},{"start":{"line":94,"column":21},"end":{"line":94,"column":42}},{"start":{"line":94,"column":46},"end":{"line":94,"column":65}}],"line":94},"14":{"loc":{"start":{"line":99,"column":6},"end":{"line":103,"column":7}},"type":"if","locations":[{"start":{"line":99,"column":6},"end":{"line":103,"column":7}},{"start":{},"end":{}}],"line":99},"15":{"loc":{"start":{"line":104,"column":6},"end":{"line":108,"column":7}},"type":"if","locations":[{"start":{"line":104,"column":6},"end":{"line":108,"column":7}},{"start":{},"end":{}}],"line":104},"16":{"loc":{"start":{"line":109,"column":6},"end":{"line":119,"column":7}},"type":"if","locations":[{"start":{"line":109,"column":6},"end":{"line":119,"column":7}},{"start":{},"end":{}}],"line":109},"17":{"loc":{"start":{"line":111,"column":41},"end":{"line":111,"column":64}},"type":"binary-expr","locations":[{"start":{"line":111,"column":41},"end":{"line":111,"column":57}},{"start":{"line":111,"column":61},"end":{"line":111,"column":64}}],"line":111},"18":{"loc":{"start":{"line":114,"column":8},"end":{"line":118,"column":9}},"type":"if","locations":[{"start":{"line":114,"column":8},"end":{"line":118,"column":9}},{"start":{},"end":{}}],"line":114},"19":{"loc":{"start":{"line":120,"column":6},"end":{"line":130,"column":7}},"type":"if","locations":[{"start":{"line":120,"column":6},"end":{"line":130,"column":7}},{"start":{},"end":{}}],"line":120},"20":{"loc":{"start":{"line":122,"column":41},"end":{"line":122,"column":64}},"type":"binary-expr","locations":[{"start":{"line":122,"column":41},"end":{"line":122,"column":57}},{"start":{"line":122,"column":61},"end":{"line":122,"column":64}}],"line":122},"21":{"loc":{"start":{"line":125,"column":8},"end":{"line":129,"column":9}},"type":"if","locations":[{"start":{"line":125,"column":8},"end":{"line":129,"column":9}},{"start":{},"end":{}}],"line":125},"22":{"loc":{"start":{"line":143,"column":23},"end":{"line":143,"column":79}},"type":"cond-expr","locations":[{"start":{"line":143,"column":47},"end":{"line":143,"column":49}},{"start":{"line":143,"column":52},"end":{"line":143,"column":79}}],"line":143},"23":{"loc":{"start":{"line":149,"column":15},"end":{"line":149,"column":51}},"type":"binary-expr","locations":[{"start":{"line":149,"column":15},"end":{"line":149,"column":24}},{"start":{"line":149,"column":28},"end":{"line":149,"column":51}}],"line":149},"24":{"loc":{"start":{"line":193,"column":16},"end":{"line":193,"column":100}},"type":"cond-expr","locations":[{"start":{"line":193,"column":41},"end":{"line":193,"column":68}},{"start":{"line":193,"column":71},"end":{"line":193,"column":100}}],"line":193},"25":{"loc":{"start":{"line":198,"column":72},"end":{"line":198,"column":115}},"type":"cond-expr","locations":[{"start":{"line":198,"column":97},"end":{"line":198,"column":103}},{"start":{"line":198,"column":106},"end":{"line":198,"column":115}}],"line":198},"26":{"loc":{"start":{"line":199,"column":33},"end":{"line":199,"column":125}},"type":"cond-expr","locations":[{"start":{"line":199,"column":58},"end":{"line":199,"column":89}},{"start":{"line":199,"column":92},"end":{"line":199,"column":125}}],"line":199},"27":{"loc":{"start":{"line":217,"column":18},"end":{"line":217,"column":88}},"type":"cond-expr","locations":[{"start":{"line":217,"column":29},"end":{"line":217,"column":56}},{"start":{"line":217,"column":59},"end":{"line":217,"column":88}}],"line":217},"28":{"loc":{"start":{"line":222,"column":17},"end":{"line":227,"column":24}},"type":"cond-expr","locations":[{"start":{"line":223,"column":18},"end":{"line":226,"column":20}},{"start":{"line":227,"column":20},"end":{"line":227,"column":24}}],"line":222},"29":{"loc":{"start":{"line":228,"column":35},"end":{"line":228,"column":113}},"type":"cond-expr","locations":[{"start":{"line":228,"column":46},"end":{"line":228,"column":77}},{"start":{"line":228,"column":80},"end":{"line":228,"column":113}}],"line":228},"30":{"loc":{"start":{"line":244,"column":14},"end":{"line":244,"column":114}},"type":"cond-expr","locations":[{"start":{"line":244,"column":55},"end":{"line":244,"column":82}},{"start":{"line":244,"column":85},"end":{"line":244,"column":114}}],"line":244},"31":{"loc":{"start":{"line":249,"column":31},"end":{"line":249,"column":139}},"type":"cond-expr","locations":[{"start":{"line":249,"column":72},"end":{"line":249,"column":103}},{"start":{"line":249,"column":106},"end":{"line":249,"column":139}}],"line":249},"32":{"loc":{"start":{"line":260,"column":20},"end":{"line":262,"column":43}},"type":"cond-expr","locations":[{"start":{"line":261,"column":24},"end":{"line":261,"column":60}},{"start":{"line":262,"column":24},"end":{"line":262,"column":43}}],"line":260},"33":{"loc":{"start":{"line":267,"column":18},"end":{"line":267,"column":90}},"type":"cond-expr","locations":[{"start":{"line":267,"column":31},"end":{"line":267,"column":58}},{"start":{"line":267,"column":61},"end":{"line":267,"column":90}}],"line":267},"34":{"loc":{"start":{"line":272,"column":17},"end":{"line":277,"column":24}},"type":"cond-expr","locations":[{"start":{"line":273,"column":18},"end":{"line":276,"column":20}},{"start":{"line":277,"column":20},"end":{"line":277,"column":24}}],"line":272},"35":{"loc":{"start":{"line":278,"column":35},"end":{"line":278,"column":115}},"type":"cond-expr","locations":[{"start":{"line":278,"column":48},"end":{"line":278,"column":79}},{"start":{"line":278,"column":82},"end":{"line":278,"column":115}}],"line":278},"36":{"loc":{"start":{"line":297,"column":16},"end":{"line":297,"column":101}},"type":"cond-expr","locations":[{"start":{"line":297,"column":42},"end":{"line":297,"column":69}},{"start":{"line":297,"column":72},"end":{"line":297,"column":101}}],"line":297},"37":{"loc":{"start":{"line":301,"column":33},"end":{"line":301,"column":126}},"type":"cond-expr","locations":[{"start":{"line":301,"column":59},"end":{"line":301,"column":90}},{"start":{"line":301,"column":93},"end":{"line":301,"column":126}}],"line":301},"38":{"loc":{"start":{"line":309,"column":9},"end":{"line":345,"column":9}},"type":"binary-expr","locations":[{"start":{"line":309,"column":10},"end":{"line":309,"column":31}},{"start":{"line":309,"column":35},"end":{"line":309,"column":61}},{"start":{"line":310,"column":10},"end":{"line":344,"column":17}}],"line":309},"39":{"loc":{"start":{"line":316,"column":21},"end":{"line":316,"column":45}},"type":"binary-expr","locations":[{"start":{"line":316,"column":21},"end":{"line":316,"column":35}},{"start":{"line":316,"column":39},"end":{"line":316,"column":45}}],"line":316},"40":{"loc":{"start":{"line":319,"column":27},"end":{"line":319,"column":52}},"type":"binary-expr","locations":[{"start":{"line":319,"column":27},"end":{"line":319,"column":46}},{"start":{"line":319,"column":50},"end":{"line":319,"column":52}}],"line":319},"41":{"loc":{"start":{"line":327,"column":33},"end":{"line":327,"column":77}},"type":"cond-expr","locations":[{"start":{"line":327,"column":57},"end":{"line":327,"column":65}},{"start":{"line":327,"column":68},"end":{"line":327,"column":77}}],"line":327},"42":{"loc":{"start":{"line":338,"column":19},"end":{"line":340,"column":19}},"type":"binary-expr","locations":[{"start":{"line":338,"column":19},"end":{"line":338,"column":45}},{"start":{"line":339,"column":20},"end":{"line":339,"column":72}}],"line":338},"43":{"loc":{"start":{"line":348,"column":9},"end":{"line":352,"column":16}},"type":"cond-expr","locations":[{"start":{"line":349,"column":10},"end":{"line":351,"column":23}},{"start":{"line":352,"column":12},"end":{"line":352,"column":16}}],"line":348},"44":{"loc":{"start":{"line":369,"column":15},"end":{"line":369,"column":53}},"type":"cond-expr","locations":[{"start":{"line":369,"column":25},"end":{"line":369,"column":36}},{"start":{"line":369,"column":39},"end":{"line":369,"column":53}}],"line":369}},"s":{"0":1,"1":1,"2":1,"3":1,"4":1,"5":19,"6":19,"7":19,"8":19,"9":19,"10":19,"11":19,"12":19,"13":19,"14":19,"15":19,"16":19,"17":19,"18":19,"19":4,"20":4,"21":0,"22":4,"23":4,"24":0,"25":4,"26":4,"27":4,"28":4,"29":4,"30":4,"31":4,"32":4,"33":4,"34":4,"35":6,"36":6,"37":0,"38":4,"39":4,"40":19,"41":3,"42":3,"43":3,"44":3,"45":2,"46":2,"47":2,"48":1,"49":1,"50":1,"51":1,"52":0,"53":0,"54":0,"55":0,"56":0,"57":0,"58":0,"59":0,"60":0,"61":0,"62":0,"63":0,"64":0,"65":0,"66":0,"67":0,"68":0,"69":0,"70":0,"71":0,"72":0,"73":0,"74":0,"75":0,"76":0,"77":0,"78":19,"79":0,"80":3,"81":133,"82":0,"83":11,"84":11,"85":1,"86":1,"87":11,"88":11,"89":0,"90":0,"91":0,"92":57,"93":1,"94":0,"95":0,"96":0,"97":0,"98":0,"99":0,"100":1},"f":{"0":19,"1":4,"2":4,"3":6,"4":6,"5":0,"6":4,"7":3,"8":0,"9":0,"10":0,"11":3,"12":133,"13":0,"14":11,"15":1,"16":1,"17":11,"18":0,"19":0,"20":0,"21":57,"22":1,"23":0,"24":0,"25":0,"26":0,"27":0},"b":{"0":[1,0],"1":[1,0],"2":[1,0],"3":[1,0],"4":[0,4],"5":[0,4],"6":[4,0],"7":[4,0],"8":[4,0],"9":[4,0],"10":[6,6],"11":[2,1],"12":[1,0],"13":[1,0,0],"14":[0,0],"15":[0,0],"16":[0,0],"17":[0,0],"18":[0,0],"19":[0,0],"20":[0,0],"21":[0,0],"22":[0,0],"23":[0,0],"24":[19,114],"25":[19,114],"26":[19,114],"27":[9,2],"28":[0,11],"29":[9,2],"30":[19,0],"31":[19,0],"32":[0,0],"33":[11,0],"34":[0,11],"35":[11,0],"36":[19,38],"37":[19,38],"38":[19,18,1],"39":[0,0],"40":[0,0],"41":[0,0],"42":[0,0],"43":[3,16],"44":[0,19]},"_coverageSchema":"1a1c01bbd47fc00a2c39e90264f33305004495a9","hash":"518e624fc60103f3e4646dce960407e39e68b9f8"}
,"/Users/raynergoh/Orbital/BudgetBuddy/app/(tabs)/group/[groupId]/expenseList.tsx": {"path":"/Users/raynergoh/Orbital/BudgetBuddy/app/(tabs)/group/[groupId]/expenseList.tsx","statementMap":{"0":{"start":{"line":19,"column":19},"end":{"line":19,"column":69}},"1":{"start":{"line":20,"column":26},"end":{"line":20,"column":84}},"2":{"start":{"line":31,"column":31},"end":{"line":31,"column":32}},"3":{"start":{"line":40,"column":17},"end":{"line":40,"column":28}},"4":{"start":{"line":41,"column":22},"end":{"line":41,"column":65}},"5":{"start":{"line":42,"column":32},"end":{"line":42,"column":68}},"6":{"start":{"line":46,"column":25},"end":{"line":48,"column":3}},"7":{"start":{"line":47,"column":14},"end":{"line":47,"column":81}},"8":{"start":{"line":51,"column":26},"end":{"line":51,"column":66}},"9":{"start":{"line":52,"column":25},"end":{"line":54,"column":53}},"10":{"start":{"line":57,"column":4},"end":{"line":57,"column":52}},"11":{"start":{"line":57,"column":42},"end":{"line":57,"column":52}},"12":{"start":{"line":58,"column":4},"end":{"line":80,"column":5}},"13":{"start":{"line":59,"column":23},"end":{"line":63,"column":7}},"14":{"start":{"line":65,"column":46},"end":{"line":65,"column":48}},"15":{"start":{"line":66,"column":6},"end":{"line":68,"column":9}},"16":{"start":{"line":67,"column":8},"end":{"line":67,"column":58}},"17":{"start":{"line":70,"column":6},"end":{"line":72,"column":9}},"18":{"start":{"line":71,"column":8},"end":{"line":71,"column":55}},"19":{"start":{"line":71,"column":26},"end":{"line":71,"column":55}},"20":{"start":{"line":73,"column":6},"end":{"line":73,"column":21}},"21":{"start":{"line":75,"column":6},"end":{"line":75,"column":62}},"22":{"start":{"line":77,"column":47},"end":{"line":77,"column":49}},"23":{"start":{"line":78,"column":6},"end":{"line":78,"column":64}},"24":{"start":{"line":78,"column":30},"end":{"line":78,"column":60}},"25":{"start":{"line":79,"column":6},"end":{"line":79,"column":22}},"26":{"start":{"line":84,"column":2},"end":{"line":93,"column":17}},"27":{"start":{"line":85,"column":23},"end":{"line":85,"column":71}},"28":{"start":{"line":85,"column":60},"end":{"line":85,"column":68}},"29":{"start":{"line":86,"column":27},"end":{"line":86,"column":64}},"30":{"start":{"line":86,"column":51},"end":{"line":86,"column":63}},"31":{"start":{"line":87,"column":4},"end":{"line":92,"column":5}},"32":{"start":{"line":89,"column":6},"end":{"line":91,"column":9}},"33":{"start":{"line":90,"column":8},"end":{"line":90,"column":57}},"34":{"start":{"line":90,"column":28},"end":{"line":90,"column":54}},"35":{"start":{"line":95,"column":29},"end":{"line":95,"column":82}},"36":{"start":{"line":95,"column":49},"end":{"line":95,"column":82}},"37":{"start":{"line":97,"column":2},"end":{"line":161,"column":4}},"38":{"start":{"line":102,"column":43},"end":{"line":102,"column":68}},"39":{"start":{"line":116,"column":12},"end":{"line":146,"column":31}},"40":{"start":{"line":119,"column":16},"end":{"line":122,"column":18}},"41":{"start":{"line":150,"column":29},"end":{"line":150,"column":53}},"42":{"start":{"line":164,"column":15},"end":{"line":210,"column":2}}},"fnMap":{"0":{"name":"ExpenseList","decl":{"start":{"line":33,"column":24},"end":{"line":33,"column":35}},"loc":{"start":{"line":39,"column":21},"end":{"line":162,"column":1}},"line":39},"1":{"name":"(anonymous_1)","decl":{"start":{"line":47,"column":4},"end":{"line":47,"column":5}},"loc":{"start":{"line":47,"column":14},"end":{"line":47,"column":81}},"line":47},"2":{"name":"fetchUsernames","decl":{"start":{"line":56,"column":17},"end":{"line":56,"column":31}},"loc":{"start":{"line":56,"column":51},"end":{"line":81,"column":3}},"line":56},"3":{"name":"(anonymous_3)","decl":{"start":{"line":66,"column":33},"end":{"line":66,"column":34}},"loc":{"start":{"line":66,"column":40},"end":{"line":68,"column":7}},"line":66},"4":{"name":"(anonymous_4)","decl":{"start":{"line":70,"column":22},"end":{"line":70,"column":23}},"loc":{"start":{"line":70,"column":28},"end":{"line":72,"column":7}},"line":70},"5":{"name":"(anonymous_5)","decl":{"start":{"line":78,"column":22},"end":{"line":78,"column":23}},"loc":{"start":{"line":78,"column":28},"end":{"line":78,"column":62}},"line":78},"6":{"name":"(anonymous_6)","decl":{"start":{"line":84,"column":12},"end":{"line":84,"column":13}},"loc":{"start":{"line":84,"column":18},"end":{"line":93,"column":3}},"line":84},"7":{"name":"(anonymous_7)","decl":{"start":{"line":85,"column":55},"end":{"line":85,"column":56}},"loc":{"start":{"line":85,"column":60},"end":{"line":85,"column":68}},"line":85},"8":{"name":"(anonymous_8)","decl":{"start":{"line":86,"column":45},"end":{"line":86,"column":46}},"loc":{"start":{"line":86,"column":51},"end":{"line":86,"column":63}},"line":86},"9":{"name":"(anonymous_9)","decl":{"start":{"line":89,"column":42},"end":{"line":89,"column":43}},"loc":{"start":{"line":89,"column":56},"end":{"line":91,"column":7}},"line":89},"10":{"name":"(anonymous_10)","decl":{"start":{"line":90,"column":19},"end":{"line":90,"column":20}},"loc":{"start":{"line":90,"column":28},"end":{"line":90,"column":54}},"line":90},"11":{"name":"(anonymous_11)","decl":{"start":{"line":95,"column":29},"end":{"line":95,"column":30}},"loc":{"start":{"line":95,"column":49},"end":{"line":95,"column":82}},"line":95},"12":{"name":"(anonymous_12)","decl":{"start":{"line":102,"column":37},"end":{"line":102,"column":38}},"loc":{"start":{"line":102,"column":43},"end":{"line":102,"column":68}},"line":102},"13":{"name":"(anonymous_13)","decl":{"start":{"line":115,"column":30},"end":{"line":115,"column":31}},"loc":{"start":{"line":116,"column":12},"end":{"line":146,"column":31}},"line":116},"14":{"name":"(anonymous_14)","decl":{"start":{"line":118,"column":23},"end":{"line":118,"column":24}},"loc":{"start":{"line":119,"column":16},"end":{"line":122,"column":18}},"line":119},"15":{"name":"(anonymous_15)","decl":{"start":{"line":150,"column":23},"end":{"line":150,"column":24}},"loc":{"start":{"line":150,"column":29},"end":{"line":150,"column":53}},"line":150}},"branchMap":{"0":{"loc":{"start":{"line":19,"column":19},"end":{"line":19,"column":69}},"type":"binary-expr","locations":[{"start":{"line":19,"column":19},"end":{"line":19,"column":63}},{"start":{"line":19,"column":67},"end":{"line":19,"column":69}}],"line":19},"1":{"loc":{"start":{"line":20,"column":26},"end":{"line":20,"column":84}},"type":"binary-expr","locations":[{"start":{"line":20,"column":26},"end":{"line":20,"column":78}},{"start":{"line":20,"column":82},"end":{"line":20,"column":84}}],"line":20},"2":{"loc":{"start":{"line":34,"column":2},"end":{"line":34,"column":15}},"type":"default-arg","locations":[{"start":{"line":34,"column":13},"end":{"line":34,"column":15}}],"line":34},"3":{"loc":{"start":{"line":52,"column":25},"end":{"l
[...]
end":{"line":258,"column":3}},"line":240},"33":{"name":"(anonymous_33)","decl":{"start":{"line":244,"column":44},"end":{"line":244,"column":45}},"loc":{"start":{"line":245,"column":8},"end":{"line":245,"column":78}},"line":245},"34":{"name":"(anonymous_34)","decl":{"start":{"line":248,"column":21},"end":{"line":248,"column":22}},"loc":{"start":{"line":248,"column":36},"end":{"line":252,"column":9}},"line":248},"35":{"name":"(anonymous_35)","decl":{"start":{"line":261,"column":26},"end":{"line":261,"column":27}},"loc":{"start":{"line":261,"column":52},"end":{"line":285,"column":3}},"line":261},"36":{"name":"(anonymous_36)","decl":{"start":{"line":296,"column":29},"end":{"line":296,"column":30}},"loc":{"start":{"line":296,"column":49},"end":{"line":314,"column":3}},"line":296},"37":{"name":"(anonymous_37)","decl":{"start":{"line":306,"column":19},"end":{"line":306,"column":20}},"loc":{"start":{"line":306,"column":31},"end":{"line":310,"column":11}},"line":306},"38":{"name":"(anonymous_38)","decl":{"start":{"line":307,"column":56},"end":{"line":307,"column":57}},"loc":{"start":{"line":307,"column":62},"end":{"line":307,"column":75}},"line":307}},"branchMap":{"0":{"loc":{"start":{"line":10,"column":19},"end":{"line":10,"column":69}},"type":"binary-expr","locations":[{"start":{"line":10,"column":19},"end":{"line":10,"column":63}},{"start":{"line":10,"column":67},"end":{"line":10,"column":69}}],"line":10},"1":{"loc":{"start":{"line":11,"column":27},"end":{"line":11,"column":86}},"type":"binary-expr","locations":[{"start":{"line":11,"column":27},"end":{"line":11,"column":80}},{"start":{"line":11,"column":84},"end":{"line":11,"column":86}}],"line":11},"2":{"loc":{"start":{"line":12,"column":26},"end":{"line":12,"column":84}},"type":"binary-expr","locations":[{"start":{"line":12,"column":26},"end":{"line":12,"column":78}},{"start":{"line":12,"column":82},"end":{"line":12,"column":84}}],"line":12},"3":{"loc":{"start":{"line":13,"column":29},"end":{"line":13,"column":90}},"type":"binary-expr","locations":[{"start":{"line":13,"column":29},"end":{"line":13,"column":84}},{"start":{"line":13,"column":88},"end":{"line":13,"column":90}}],"line":13},"4":{"loc":{"start":{"line":14,"column":32},"end":{"line":14,"column":96}},"type":"binary-expr","locations":[{"start":{"line":14,"column":32},"end":{"line":14,"column":90}},{"start":{"line":14,"column":94},"end":{"line":14,"column":96}}],"line":14},"5":{"loc":{"start":{"line":35,"column":4},"end":{"line":35,"column":25}},"type":"if","locations":[{"start":{"line":35,"column":4},"end":{"line":35,"column":25}},{"start":{},"end":{}}],"line":35},"6":{"loc":{"start":{"line":38,"column":15},"end":{"line":38,"column":60}},"type":"cond-expr","locations":[{"start":{"line":38,"column":40},"end":{"line":38,"column":50}},{"start":{"line":38,"column":53},"end":{"line":38,"column":60}}],"line":38},"7":{"loc":{"start":{"line":46,"column":19},"end":{"line":46,"column":36}},"type":"binary-expr","locations":[{"start":{"line":46,"column":19},"end":{"line":46,"column":30}},{"start":{"line":46,"column":34},"end":{"line":46,"column":36}}],"line":46},"8":{"loc":{"start":{"line":60,"column":4},"end":{"line":60,"column":25}},"type":"if","locations":[{"start":{"line":60,"column":4},"end":{"line":60,"column":25}},{"start":{},"end":{}}],"line":60},"9":{"loc":{"start":{"line":75,"column":22},"end":{"line":75,"column":46}},"type":"binary-expr","locations":[{"start":{"line":75,"column":22},"end":{"line":75,"column":34}},{"start":{"line":75,"column":38},"end":{"line":75,"column":46}}],"line":75},"10":{"loc":{"start":{"line":86,"column":4},"end":{"line":86,"column":25}},"type":"if","locations":[{"start":{"line":86,"column":4},"end":{"line":86,"column":25}},{"start":{},"end":{}}],"line":86},"11":{"loc":{"start":{"line":107,"column":6},"end":{"line":107,"column":27}},"type":"if","locations":[{"start":{"line":107,"column":6},"end":{"line":107,"column":27}},{"start":{},"end":{}}],"line":107},"12":{"loc":{"start":{"line":122,"column":24},"end":{"line":122,"column":48}},"type":"binary-expr","locations":[{"start":{"line":122,"column":24},"end":{"line":122,"column":36}},{"start":{"line":122,"column":40},"end":{"line":122,"column":48}}],"line":122},"13":{"loc":{"start":{"line":150,"column":4},"end":{"line":153,"column":5}},"type":"if","locations":[{"start":{"line":150,"column":4},"end":{"line":153,"column":5}},{"start":{},"end":{}}],"line":150},"14":{"loc":{"start":{"line":150,"column":8},"end":{"line":150,"column":39}},"type":"binary-expr","locations":[{"start":{"line":150,"column":8},"end":{"line":150,"column":14}},{"start":{"line":150,"column":18},"end":{"line":150,"column":39}}],"line":150},"15":{"loc":{"start":{"line":162,"column":20},"end":{"line":162,"column":42}},"type":"binary-expr","locations":[{"start":{"line":162,"column":20},"end":{"line":162,"column":34}},{"start":{"line":162,"column":38},"end":{"line":162,"column":42}}],"line":162},"16":{"loc":{"start":{"line":175,"column":11},"end":{"line":175,"column":46}},"type":"cond-expr","locations":[{"start":{"line":175,"column":21},"end":{"line":175,"column":37}},{"start":{"line":175,"column":40},"end":{"line":175,"column":46}}],"line":175},"17":{"loc":{"start":{"line":186,"column":13},"end":{"line":186,"column":47}},"type":"binary-expr","locations":[{"start":{"line":186,"column":13},"end":{"line":186,"column":29}},{"start":{"line":186,"column":33},"end":{"line":186,"column":47}}],"line":186},"18":{"loc":{"start":{"line":194,"column":19},"end":{"line":194,"column":87}},"type":"cond-expr","locations":[{"start":{"line":194,"column":27},"end":{"line":194,"column":82}},{"start":{"line":194,"column":85},"end":{"line":194,"column":87}}],"line":194},"19":{"loc":{"start":{"line":195,"column":25},"end":{"line":195,"column":68}},"type":"cond-expr","locations":[{"start":{"line":195,"column":33},"end":{"line":195,"column":63}},{"start":{"line":195,"column":66},"end":{"line":195,"column":68}}],"line":195},"20":{"loc":{"start":{"line":207,"column":4},"end":{"line":207,"column":23}},"type":"if","locations":[{"start":{"line":207,"column":4},"end":{"line":207,"column":23}},{"start":{},"end":{}}],"line":207},"21":{"loc":{"start":{"line":236,"column":18},"end":{"line":236,"column":38}},"type":"cond-expr","locations":[{"start":{"line":236,"column":31},"end":{"line":236,"column":32}},{"start":{"line":236,"column":35},"end":{"line":236,"column":38}}],"line":236},"22":{"loc":{"start":{"line":251,"column":18},"end":{"line":251,"column":36}},"type":"binary-expr","locations":[{"start":{"line":251,"column":18},"end":{"line":251,"column":28}},{"start":{"line":251,"column":32},"end":{"line":251,"column":36}}],"line":251},"23":{"loc":{"start":{"line":262,"column":4},"end":{"line":265,"column":5}},"type":"if","locations":[{"start":{"line":262,"column":4},"end":{"line":265,"column":5}},{"start":{},"end":{}}],"line":262},"24":{"loc":{"start":{"line":266,"column":4},"end":{"line":269,"column":5}},"type":"if","locations":[{"start":{"line":266,"column":4},"end":{"line":269,"column":5}},{"start":{},"end":{}}],"line":266},"25":{"loc":{"start":{"line":297,"column":4},"end":{"line":297,"column":23}},"type":"if","locations":[{"start":{"line":297,"column":4},"end":{"line":297,"column":23}},{"start":{},"end":{}}],"line":297},"26":{"loc":{"start":{"line":335,"column":20},"end":{"line":335,"column":90}},"type":"cond-expr","locations":[{"start":{"line":335,"column":38},"end":{"line":335,"column":46}},{"start":{"line":335,"column":49},"end":{"line":335,"column":90}}],"line":335}},"s":{"0":1,"1":1,"2":1,"3":1,"4":1,"5":0,"6":0,"7":0,"8":0,"9":0,"10":0,"11":0,"12":0,"13":0,"14":0,"15":0,"16":0,"17":0,"18":0,"19":0,"20":0,"21":0,"22":0,"23":0,"24":0,"25":0,"26":0,"27":0,"28":0,"29":0,"30":0,"31":0,"32":0,"33":0,"34":0,"35":0,"36":0,"37":0,"38":0,"39":0,"40":0,"41":0,"42":0,"43":0,"44":0,"45":0,"46":0,"47":0,"48":0,"49":0,"50":0,"51":0,"52":0,"53":0,"54":0,"55":0,"56":0,"57":0,"58":0,"59":0,"60":0,"61":0,"62":0,"63":0,"64":0,"65":0,"66":0,"67":0,"68":0,"69":0,"70":0,"71":0,"72":0,"73":0,"74":0,"75":0,"76":0,"77":0,"78":0,"79":0,"80":0,"81":0,"82":0,"83":0,"84":0,"85":0,"86":0,"87":0,"88":0,"89":0,"90":0,"91":0,"92":0,"93":0,"94":0,"95":0,"96":0,"97":0,"98":0,"99":0,"100":0,"101":0,"102":0,"103":0,"104":0,"105":0,"106":0,"107":0,"108":0,"109":0,"110":0,"111":0,"112":0,"113":0,"114":0,"115":0,"116":0,"117":0,"118":0,"119":0,"120":0,"121":0,"122":0,"123":0,"124":0,"125":0,"126":0,"127":0,"128":0},"f":{"0":0,"1":0,"2":0,"3":0,"4":0,"5":0,"6":0,"7":0,"8":0,"9":0,"10":0,"11":0,"12":0,"13":0,"14":0,"15":0,"16":0,"17":0,"18":0,"19":0,"20":0,"21":0,"22":0,"23":0,"24":0,"25":0,"26":0,"27":0,"28":0,"29":0,"30":0,"31":0,"32":0,"33":0,"34":0,"35":0,"36":0,"37":0,"38":0},"b":{"0":[1,0],"1":[1,0],"2":[1,0],"3":[1,0],"4":[1,0],"5":[0,0],"6":[0,0],"7":[0,0],"8":[0,0],"9":[0,0],"10":[0,0],"11":[0,0],"12":[0,0],"13":[0,0],"14":[0,0],"15":[0,0],"16":[0,0],"17":[0,0],"18":[0,0],"19":[0,0],"20":[0,0],"21":[0,0],"22":[0,0],"23":[0,0],"24":[0,0],"25":[0,0],"26":[0,0]},"_coverageSchema":"1a1c01bbd47fc00a2c39e90264f33305004495a9","hash":"a097f81d56b1738ccab488f561e7ed90c5058a43"}
,"/Users/raynergoh/Orbital/BudgetBuddy/hooks/useGroups.ts": {"path":"/Users/raynergoh/Orbital/BudgetBuddy/hooks/useGroups.ts","statementMap":{"0":{"start":{"line":5,"column":20},"end":{"line":5,"column":45}},"1":{"start":{"line":8,"column":4},"end":{"line":10,"column":5}},"2":{"start":{"line":9,"column":8},"end":{"line":9,"column":70}},"3":{"start":{"line":13,"column":4},"end":{"line":13,"column":18}}},"fnMap":{"0":{"name":"useGroups","decl":{"start":{"line":4,"column":16},"end":{"line":4,"column":25}},"loc":{"start":{"line":4,"column":28},"end":{"line":14,"column":1}},"line":4}},"branchMap":{"0":{"loc":{"start":{"line":8,"column":4},"end":{"line":10,"column":5}},"type":"if","locations":[{"start":{"line":8,"column":4},"end":{"line":10,"column":5}},{"start":{},"end":{}}],"line":8}},"s":{"0":10,"1":10,"2":8,"3":2},"f":{"0":10},"b":{"0":[8,2]},"_coverageSchema":"1a1c01bbd47fc00a2c39e90264f33305004495a9","hash":"9a77d437734736af1cdf844d3780692117959af7"}
,"/Users/raynergoh/Orbital/BudgetBuddy/hooks/useThemeColor.ts": {"path":"/Users/raynergoh/Orbital/BudgetBuddy/hooks/useThemeColor.ts","statementMap":{"0":{"start":{"line":13,"column":16},"end":{"line":13,"column":43}},"1":{"start":{"line":14,"column":25},"end":{"line":14,"column":37}},"2":{"start":{"line":16,"column":2},"end":{"line":20,"column":3}},"3":{"start":{"line":17,"column":4},"end":{"line":17,"column":26}},"4":{"start":{"line":19,"column":4},"end":{"line":19,"column":36}}},"fnMap":{"0":{"name":"useThemeColor","decl":{"start":{"line":9,"column":16},"end":{"line":9,"column":29}},"loc":{"start":{"line":12,"column":2},"end":{"line":21,"column":1}},"line":12}},"branchMap":{"0":{"loc":{"start":{"line":13,"column":16},"end":{"line":13,"column":43}},"type":"binary-expr","locations":[{"start":{"line":13,"column":16},"end":{"line":13,"column":32}},{"start":{"line":13,"column":36},"end":{"line":13,"column":43}}],"line":13},"1":{"loc":{"start":{"line":16,"column":2},"end":{"line":20,"column":3}},"type":"if","locations":[{"start":{"line":16,"column":2},"end":{"line":20,"column":3}},{"start":{"line":18,"column":9},"end":{"line":20,"column":3}}],"line":16}},"s":{"0":1527,"1":1527,"2":1527,"3":2,"4":1525},"f":{"0":1527},"b":{"0":[1527,1],"1":[2,1525]},"_coverageSchema":"1a1c01bbd47fc00a2c39e90264f33305004495a9","hash":"06e5f1560d3983b78b05dc55d30872dc3b0f3d18"}
,"/Users/raynergoh/Orbital/BudgetBuddy/hooks/useUser.ts": {"path":"/Users/raynergoh/Orbital/BudgetBuddy/hooks/useUser.ts","statementMap":{"0":{"start":{"line":5,"column":20},"end":{"line":5,"column":43}},"1":{"start":{"line":8,"column":4},"end":{"line":10,"column":5}},"2":{"start":{"line":9,"column":8},"end":{"line":9,"column":69}},"3":{"start":{"line":13,"column":4},"end":{"line":13,"column":18}}},"fnMap":{"0":{"name":"useUser","decl":{"start":{"line":4,"column":16},"end":{"line":4,"column":23}},"loc":{"start":{"line":4,"column":26},"end":{"line":14,"column":1}},"line":4}},"branchMap":{"0":{"loc":{"start":{"line":8,"column":4},"end":{"line":10,"column":5}},"type":"if","locations":[{"start":{"line":8,"column":4},"end":{"line":10,"column":5}},{"start":{},"end":{}}],"line":8}},"s":{"0":43,"1":42,"2":2,"3":40},"f":{"0":43},"b":{"0":[2,40]},"_coverageSchema":"1a1c01bbd47fc00a2c39e90264f33305004495a9","hash":"9f0304c993ee1e443b79ad57cb346486dded4bbe"}
,"/Users/raynergoh/Orbital/BudgetBuddy/lib/appwrite.js": {"path":"/Users/raynergoh/Orbital/BudgetBuddy/lib/appwrite.js","statementMap":{"0":{"start":{"line":4,"column":22},"end":{"line":7,"column":43}},"1":{"start":{"line":9,"column":23},"end":{"line":9,"column":42}},"2":{"start":{"line":10,"column":23},"end":{"line":10,"column":42}},"3":{"start":{"line":11,"column":25},"end":{"line":11,"column":46}}},"fnMap":{},"branchMap":{},"s":{"0":18,"1":18,"2":18,"3":18},"f":{},"b":{},"_coverageSchema":"1a1c01bbd47fc00a2c39e90264f33305004495a9","hash":"0ee4f1a00b4e261bdeafcc75fc1fe497c3d25b1c"}
,"/Users/raynergoh/Orbital/BudgetBuddy/scripts/reset-project.js": {"path":"/Users/raynergoh/Orbital/BudgetBuddy/scripts/reset-project.js","statementMap":{"0":{"start":{"line":9,"column":11},"end":{"line":9,"column":24}},"1":{"start":{"line":10,"column":13},"end":{"line":10,"column":28}},"2":{"start":{"line":11,"column":17},"end":{"line":11,"column":36}},"3":{"start":{"line":13,"column":13},"end":{"line":13,"column":26}},"4":{"start":{"line":14,"column":16},"end":{"line":14,"column":70}},"5":{"start":{"line":15,"column":19},"end":{"line":15,"column":32}},"6":{"start":{"line":16,"column":18},"end":{"line":16,"column":23}},"7":{"start":{"line":17,"column":23},"end":{"line":17,"column":50}},"8":{"start":{"line":19,"column":21},"end":{"line":34,"column":1}},"9":{"start":{"line":36,"column":22},"end":{"line":41,"column":1}},"10":{"start":{"line":43,"column":11},"end":{"line":46,"column":2}},"11":{"start":{"line":48,"column":24},"end":{"line":99,"column":1}},"12":{"start":{"line":49,"column":2},"end":{"line":98,"column":3}},"13":{"start":{"line":50,"column":4},"end":{"line":54,"column":5}},"14":{"start":{"line":52,"column":6},"end":{"line":52,"column":67}},"15":{"start":{"line":53,"column":6},"end":{"line":53,"column":58}},"16":{"start":{"line":57,"column":4},"end":{"line":71,"column":5}},"17":{"start":{"line":58,"column":25},"end":{"line":58,"column":45}},"18":{"start":{"line":59,"column":6},"end":{"line":70,"column":7}},"19":{"start":{"line":60,"column":8},"end":{"line":67,"column":9}},"20":{"start":{"line":61,"column":29},"end":{"line":61,"column":61}},"21":{"start":{"line":62,"column":10},"end":{"line":62,"column":59}},"22":{"start":{"line":63,"column":10},"end":{"line":63,"column":68}},"23":{"start":{"line":65,"column":10},"end":{"line":65,"column":77}},"24":{"start":{"line":66,"column":10},"end":{"line":66,"column":44}},"25":{"start":{"line":69,"column":8},"end":{"line":69,"column":60}},"26":{"start":{"line":74,"column":26},"end":{"line":74,"column":52}},"27":{"start":{"line":75,"column":4},"end":{"line":75,"column":64}},"28":{"start":{"line":76,"column":4},"end":{"line":76,"column":52}},"29":{"start":{"line":79,"column":22},"end":{"line":79,"column":59}},"30":{"start":{"line":80,"column":4},"end":{"line":80,"column":57}},"31":{"start":{"line":81,"column":4},"end":{"line":81,"column":45}},"32":{"start":{"line":84,"column":23},"end":{"line":84,"column":62}},"33":{"start":{"line":85,"column":4},"end":{"line":85,"column":59}},"34":{"start":{"line":86,"column":4},"end":{"line":86,"column":47}},"35":{"start":{"line":88,"column":4},"end":{"line":88,"column":59}},"36":{"start":{"line":89,"column":4},"end":{"line":95,"column":6}},"37":{"start":{"line":97,"column":4},"end":{"line":97,"column":71}},"38":{"start":{"line":101,"column":0},"end":{"line":112,"column":2}},"39":{"start":{"line":104,"column":22},"end":{"line":104,"column":56}},"40":{"start":{"line":105,"column":4},"end":{"line":110,"column":5}},"41":{"start":{"line":106,"column":6},"end":{"line":106,"column":59}},"42":{"start":{"line":106,"column":47},"end":{"line":106,"column":57}},"43":{"start":{"line":108,"column":6},"end":{"line":108,"column":63}},"44":{"start":{"line":109,"column":6},"end":{"line":109,"column":17}}},"fnMap":{"0":{"name":"(anonymous_0)","decl":{"start":{"line":48,"column":24},"end":{"line":48,"column":25}},"loc":{"start":{"line":48,"column":45},"end":{"line":99,"column":1}},"line":48},"1":{"name":"(anonymous_1)","decl":{"start":{"line":103,"column":2},"end":{"line":103,"column":3}},"loc":{"start":{"line":103,"column":14},"end":{"line":111,"column":3}},"line":103},"2":{"name":"(anonymous_2)","decl":{"start":{"line":106,"column":41},"end":{"line":106,"column":42}},"loc":{"start":{"line":106,"column":47},"end":{"line":106,"column":57}},"line":106}},"branchMap":{"0":{"loc":{"start":{"line":50,"column":4},"end":{"line":54,"column":5}},"type":"if","locations":[{"start":{"line":50,"column":4},"end":{"line":54,"column":5}},{"start":{},"end":{}}],"line":50},"1":{"loc":{"start":{"line":59,"column":6},"end":{"line":70,"column":7}},"type":"if","locations":[{"start":{"line":59,"column":6},"end":{"line":70,"column":7}},{"start":{"line":68,"column":13},"end":{"line":70,"column":7}}],"line":59},"2":{"loc":{"start":{"line":60,"column":8},"end":{"line":67,"column":9}},"type":"if","locations":[{"start":{"line":60,"column":8},"end":{"line":67,"column":9}},{"start":{"line":64,"column":15},"end":{"line":67,"column":9}}],"line":60},"3":{"loc":{"start":{"line":91,"column":8},"end":{"line":93,"column":14}},"type":"cond-expr","locations":[{"start":{"line":92,"column":12},"end":{"line":92,"column":87}},{"start":{"line":93,"column":12},"end":{"line":93,"column":14}}],"line":91},"4":{"loc":{"start":{"line":104,"column":22},"end":{"line":104,"column":56}},"type":"binary-expr","locations":[{"start":{"line":104,"column":22},"end":{"line":104,"column":49}},{"start":{"line":104,"column":53},"end":{"line":104,"column":56}}],"line":104},"5":{"loc":{"start":{"line":105,"column":4},"end":{"line":110,"column":5}},"type":"if","locations":[{"start":{"line":105,"column":4},"end":{"line":110,"column":5}},{"start":{"line":107,"column":11},"end":{"line":110,"column":5}}],"line":105},"6":{"loc":{"start":{"line":105,"column":8},"end":{"line":105,"column":46}},"type":"binary-expr","locations":[{"start":{"line":105,"column":8},"end":{"line":105,"column":25}},{"start":{"line":105,"column":29},"end":{"line":105,"column":46}}],"line":105}},"s":{"0":0,"1":0,"2":0,"3":0,"4":0,"5":0,"6":0,"7":0,"8":0,"9":0,"10":0,"11":0,"12":0,"13":0,"14":0,"15":0,"16":0,"17":0,"18":0,"19":0,"20":0,"21":0,"22":0,"23":0,"24":0,"25":0,"26":0,"27":0,"28":0,"29":0,"30":0,"31":0,"32":0,"33":0,"34":0,"35":0,"36":0,"37":0,"38":0,"39":0,"40":0,"41":0,"42":0,"43":0,"44":0},"f":{"0":0,"1":0,"2":0},"b":{"0":[0,0],"1":[0,0],"2":[0,0],"3":[0,0],"4":[0,0],"5":[0,0],"6":[0,0]}}
,"/Users/raynergoh/Orbital/BudgetBuddy/types/expense.ts": {"path":"/Users/raynergoh/Orbital/BudgetBuddy/types/expense.ts","statementMap":{},"fnMap":{},"branchMap":{},"s":{},"f":{},"b":{}}
,"/Users/raynergoh/Orbital/BudgetBuddy/types/group.ts": {"path":"/Users/raynergoh/Orbital/BudgetBuddy/types/group.ts","statementMap":{},"fnMap":{},"branchMap":{},"s":{},"f":{},"b":{}}
,"/Users/raynergoh/Orbital/BudgetBuddy/types/index.ts": {"path":"/Users/raynergoh/Orbital/BudgetBuddy/types/index.ts","statementMap":{},"fnMap":{},"branchMap":{},"s":{},"f":{},"b":{}}
,"/Users/raynergoh/Orbital/BudgetBuddy/types/pie.ts": {"path":"/Users/raynergoh/Orbital/BudgetBuddy/types/pie.ts","statementMap":{},"fnMap":{},"branchMap":{},"s":{},"f":{},"b":{}}
,"/Users/raynergoh/Orbital/BudgetBuddy/types/settlement.ts": {"path":"/Users/raynergoh/Orbital/BudgetBuddy/types/settlement.ts","statementMap":{},"fnMap":{},"branchMap":{},"s":{},"f":{},"b":{}}
,"/Users/raynergoh/Orbital/BudgetBuddy/types/user.ts": {"path":"/Users/raynergoh/Orbital/BudgetBuddy/types/user.ts","statementMap":{},"fnMap":{},"branchMap":{},"s":{},"f":{},"b":{}}
}
