{"/Users/raynergoh/Orbital/BudgetBuddy/app.config.js": {"path":"/Users/raynergoh/Orbital/BudgetBuddy/app.config.js","statementMap":{"0":{"start":{"line":4,"column":32},"end":{"line":12,"column":1}}},"fnMap":{"0":{"name":"(anonymous_0)","decl":{"start":{"line":4,"column":15},"end":{"line":4,"column":16}},"loc":{"start":{"line":4,"column":32},"end":{"line":12,"column":1}},"line":4}},"branchMap":{},"s":{"0":0},"f":{"0":0},"b":{}}
,"/Users/raynergoh/Orbital/BudgetBuddy/env.d.ts": {"path":"/Users/raynergoh/Orbital/BudgetBuddy/env.d.ts","statementMap":{},"fnMap":{},"branchMap":{},"s":{},"f":{},"b":{}}
,"/Users/raynergoh/Orbital/BudgetBuddy/env.ts": {"path":"/Users/raynergoh/Orbital/BudgetBuddy/env.ts","statementMap":{"0":{"start":{"line":9,"column":14},"end":{"line":9,"column":60}},"1":{"start":{"line":11,"column":0},"end":{"line":13,"column":1}},"2":{"start":{"line":12,"column":2},"end":{"line":12,"column":86}},"3":{"start":{"line":15,"column":36},"end":{"line":15,"column":74}},"4":{"start":{"line":16,"column":44},"end":{"line":16,"column":90}}},"fnMap":{},"branchMap":{"0":{"loc":{"start":{"line":11,"column":0},"end":{"line":13,"column":1}},"type":"if","locations":[{"start":{"line":11,"column":0},"end":{"line":13,"column":1}},{"start":{},"end":{}}],"line":11},"1":{"loc":{"start":{"line":11,"column":4},"end":{"line":11,"column":96}},"type":"binary-expr","locations":[{"start":{"line":11,"column":4},"end":{"line":11,"column":44}},{"start":{"line":11,"column":48},"end":{"line":11,"column":96}}],"line":11}},"s":{"0":0,"1":0,"2":0,"3":0,"4":0},"f":{},"b":{"0":[0,0],"1":[0,0]}}
,"/Users/raynergoh/Orbital/BudgetBuddy/eslint.config.js": {"path":"/Users/raynergoh/Orbital/BudgetBuddy/eslint.config.js","statementMap":{"0":{"start":{"line":2,"column":25},"end":{"line":2,"column":49}},"1":{"start":{"line":3,"column":19},"end":{"line":3,"column":53}},"2":{"start":{"line":5,"column":0},"end":{"line":10,"column":3}}},"fnMap":{},"branchMap":{},"s":{"0":0,"1":0,"2":0},"f":{},"b":{}}
,"/Users/raynergoh/Orbital/BudgetBuddy/app/+not-found.tsx": {"path":"/Users/raynergoh/Orbital/BudgetBuddy/app/+not-found.tsx","statementMap":{"0":{"start":{"line":8,"column":2},"end":{"line":18,"column":4}},"1":{"start":{"line":21,"column":15},"end":{"line":32,"column":2}}},"fnMap":{"0":{"name":"NotFoundScreen","decl":{"start":{"line":7,"column":24},"end":{"line":7,"column":38}},"loc":{"start":{"line":7,"column":41},"end":{"line":19,"column":1}},"line":7}},"branchMap":{},"s":{"0":0,"1":0},"f":{"0":0},"b":{}}
,"/Users/raynergoh/Orbital/BudgetBuddy/app/_layout.tsx": {"path":"/Users/raynergoh/Orbital/BudgetBuddy/app/_layout.tsx","statementMap":{"0":{"start":{"line":14,"column":22},"end":{"line":14,"column":38}},"1":{"start":{"line":15,"column":19},"end":{"line":17,"column":4}},"2":{"start":{"line":19,"column":2},"end":{"line":22,"column":3}},"3":{"start":{"line":21,"column":4},"end":{"line":21,"column":16}},"4":{"start":{"line":24,"column":2},"end":{"line":42,"column":4}}},"fnMap":{"0":{"name":"RootLayout","decl":{"start":{"line":13,"column":24},"end":{"line":13,"column":34}},"loc":{"start":{"line":13,"column":37},"end":{"line":43,"column":1}},"line":13}},"branchMap":{"0":{"loc":{"start":{"line":19,"column":2},"end":{"line":22,"column":3}},"type":"if","locations":[{"start":{"line":19,"column":2},"end":{"line":22,"column":3}},{"start":{},"end":{}}],"line":19},"1":{"loc":{"start":{"line":29,"column":32},"end":{"line":29,"column":81}},"type":"cond-expr","locations":[{"start":{"line":29,"column":57},"end":{"line":29,"column":66}},{"start":{"line":29,"column":69},"end":{"line":29,"column":81}}],"line":29}},"s":{"0":0,"1":0,"2":0,"3":0,"4":0},"f":{"0":0},"b":{"0":[0,0],"1":[0,0]}}
,"/Users/raynergoh/Orbital/BudgetBuddy/app/index.tsx": {"path":"/Users/raynergoh/Orbital/BudgetBuddy/app/index.tsx","statementMap":{"0":{"start":{"line":12,"column":2},"end":{"line":44,"column":4}},"1":{"start":{"line":47,"column":15},"end":{"line":67,"column":2}}},"fnMap":{"0":{"name":"HomeScreen","decl":{"start":{"line":11,"column":24},"end":{"line":11,"column":34}},"loc":{"start":{"line":11,"column":37},"end":{"line":45,"column":1}},"line":11}},"branchMap":{},"s":{"0":0,"1":0},"f":{"0":0},"b":{}}
,"/Users/raynergoh/Orbital/BudgetBuddy/app/(auth)/_layout.tsx": {"path":"/Users/raynergoh/Orbital/BudgetBuddy/app/(auth)/_layout.tsx","statementMap":{"0":{"start":{"line":14,"column":21},"end":{"line":14,"column":30}},"1":{"start":{"line":16,"column":4},"end":{"line":16,"column":21}},"2":{"start":{"line":17,"column":24},"end":{"line":17,"column":40}},"3":{"start":{"line":19,"column":4},"end":{"line":30,"column":5}}},"fnMap":{"0":{"name":"AuthLayout","decl":{"start":{"line":12,"column":24},"end":{"line":12,"column":34}},"loc":{"start":{"line":12,"column":37},"end":{"line":31,"column":1}},"line":12}},"branchMap":{"0":{"loc":{"start":{"line":21,"column":34},"end":{"line":21,"column":83}},"type":"cond-expr","locations":[{"start":{"line":21,"column":59},"end":{"line":21,"column":68}},{"start":{"line":21,"column":71},"end":{"line":21,"column":83}}],"line":21}},"s":{"0":0,"1":0,"2":0,"3":0},"f":{"0":0},"b":{"0":[0,0]}}
,"/Users/raynergoh/Orbital/BudgetBuddy/app/(auth)/login.tsx": {"path":"/Users/raynergoh/Orbital/BudgetBuddy/app/(auth)/login.tsx","statementMap":{"0":{"start":{"line":14,"column":14},"end":{"line":84,"column":1}},"1":{"start":{"line":15,"column":30},"end":{"line":15,"column":42}},"2":{"start":{"line":16,"column":36},"end":{"line":16,"column":48}},"3":{"start":{"line":17,"column":30},"end":{"line":17,"column":59}},"4":{"start":{"line":19,"column":22},"end":{"line":19,"column":31}},"5":{"start":{"line":21,"column":25},"end":{"line":34,"column":5}},"6":{"start":{"line":22,"column":8},"end":{"line":22,"column":22}},"7":{"start":{"line":24,"column":8},"end":{"line":33,"column":9}},"8":{"start":{"line":25,"column":12},"end":{"line":25,"column":39}},"9":{"start":{"line":28,"column":12},"end":{"line":32,"column":13}},"10":{"start":{"line":29,"column":16},"end":{"line":29,"column":39}},"11":{"start":{"line":31,"column":16},"end":{"line":31,"column":56}},"12":{"start":{"line":36,"column":2},"end":{"line":83,"column":3}},"13":{"start":{"line":88,"column":15},"end":{"line":107,"column":4}}},"fnMap":{"0":{"name":"(anonymous_0)","decl":{"start":{"line":14,"column":14},"end":{"line":14,"column":15}},"loc":{"start":{"line":14,"column":20},"end":{"line":84,"column":1}},"line":14},"1":{"name":"(anonymous_1)","decl":{"start":{"line":21,"column":25},"end":{"line":21,"column":26}},"loc":{"start":{"line":21,"column":37},"end":{"line":34,"column":5}},"line":21}},"branchMap":{"0":{"loc":{"start":{"line":28,"column":12},"end":{"line":32,"column":13}},"type":"if","locations":[{"start":{"line":28,"column":12},"end":{"line":32,"column":13}},{"start":{"line":30,"column":19},"end":{"line":32,"column":13}}],"line":28},"1":{"loc":{"start":{"line":67,"column":13},"end":{"line":67,"column":63}},"type":"binary-expr","locations":[{"start":{"line":67,"column":13},"end":{"line":67,"column":18}},{"start":{"line":67,"column":22},"end":{"line":67,"column":63}}],"line":67}},"s":{"0":0,"1":0,"2":0,"3":0,"4":0,"5":0,"6":0,"7":0,"8":0,"9":0,"10":0,"11":0,"12":0,"13":0},"f":{"0":0,"1":0},"b":{"0":[0,0],"1":[0,0]}}
,"/Users/raynergoh/Orbital/BudgetBuddy/app/(auth)/register.tsx": {"path":"/Users/raynergoh/Orbital/BudgetBuddy/app/(auth)/register.tsx","statementMap":{"0":{"start":{"line":14,"column":17},"end":{"line":91,"column":1}},"1":{"start":{"line":15,"column":36},"end":{"line":15,"column":48}},"2":{"start":{"line":16,"column":30},"end":{"line":16,"column":42}},"3":{"start":{"line":17,"column":36},"end":{"line":17,"column":48}},"4":{"start":{"line":18,"column":30},"end":{"line":18,"column":59}},"5":{"start":{"line":20,"column":41},"end":{"line":20,"column":50}},"6":{"start":{"line":21,"column":19},"end":{"line":21,"column":30}},"7":{"start":{"line":23,"column":25},"end":{"line":38,"column":5}},"8":{"start":{"line":24,"column":8},"end":{"line":24,"column":23}},"9":{"start":{"line":25,"column":8},"end":{"line":37,"column":9}},"10":{"start":{"line":26,"column":8},"end":{"line":26,"column":50}},"11":{"start":{"line":28,"column":24},"end":{"line":28,"column":46}},"12":{"start":{"line":29,"column":8},"end":{"line":34,"column":9}},"13":{"start":{"line":31,"column":12},"end":{"line":31,"column":39}},"14":{"start":{"line":33,"column":12},"end":{"line":33,"column":62}},"15":{"start":{"line":36,"column":8},"end":{"line":36,"column":91}},"16":{"start":{"line":40,"column":2},"end":{"line":90,"column":3}},"17":{"start":{"line":95,"column":15},"end":{"line":114,"column":2}}},"fnMap":{"0":{"name":"(anonymous_0)","decl":{"start":{"line":14,"column":17},"end":{"line":14,"column":18}},"loc":{"start":{"line":14,"column":23},"end":{"line":91,"column":1}},"line":14},"1":{"name":"(anonymous_1)","decl":{"start":{"line":23,"column":25},"end":{"line":23,"column":26}},"loc":{"start":{"line":23,"column":37},"end":{"line":38,"column":5}},"line":23}},"branchMap":{"0":{"loc":{"start":{"line":29,"column":8},"end":{"line":34,"column":9}},"type":"if","locations":[{"start":{"line":29,"column":8},"end":{"line":34,"column":9}},{"start":{"line":32,"column":15},"end":{"line":34,"column":9}}],"line":29},"1":{"loc":{"start":{"line":36,"column":17},"end":{"line":36,"column":89}},"type":"cond-expr","locations":[{"start":{"line":36,"column":42},"end":{"line":36,"column":55}},{"start":{"line":36,"column":58},"end":{"line":36,"column":89}}],"line":36},"2":{"loc":{"start":{"line":76,"column":13},"end":{"line":76,"column":63}},"type":"binary-expr","locations":[{"start":{"line":76,"column":13},"end":{"line":76,"column":18}},{"start":{"line":76,"column":22},"end":{"line":76,"column":63}}],"line":76}},"s":{"0":0,"1":0,"2":0,"3":0,"4":0,"5":0,"6":0,"7":0,"8":0,"9":0,"10":0,"11":0,"12":0,"13":0,"14":0,"15":0,"16":0,"17":0},"f":{"0":0,"1":0},"b":{"0":[0,0],"1":[0,0],"2":[0,0]}}
,"/Users/raynergoh/Orbital/BudgetBuddy/app/(tabs)/_layout.tsx": {"path":"/Users/raynergoh/Orbital/BudgetBuddy/app/(tabs)/_layout.tsx","statementMap":{"0":{"start":{"line":13,"column":22},"end":{"line":13,"column":38}},"1":{"start":{"line":15,"column":2},"end":{"line":121,"column":4}},"2":{"start":{"line":42,"column":39},"end":{"line":42,"column":98}},"3":{"start":{"line":49,"column":39},"end":{"line":49,"column":116}},"4":{"start":{"line":56,"column":39},"end":{"line":56,"column":96}}},"fnMap":{"0":{"name":"TabLayout","decl":{"start":{"line":12,"column":24},"end":{"line":12,"column":33}},"loc":{"start":{"line":12,"column":36},"end":{"line":122,"column":1}},"line":12},"1":{"name":"(anonymous_1)","decl":{"start":{"line":42,"column":24},"end":{"line":42,"column":25}},"loc":{"start":{"line":42,"column":39},"end":{"line":42,"column":98}},"line":42},"2":{"name":"(anonymous_2)","decl":{"start":{"line":49,"column":24},"end":{"line":49,"column":25}},"loc":{"start":{"line":49,"column":39},"end":{"line":49,"column":116}},"line":49},"3":{"name":"(anonymous_3)","decl":{"start":{"line":56,"column":24},"end":{"line":56,"column":25}},"loc":{"start":{"line":56,"column":39},"end":{"line":56,"column":96}},"line":56}},"branchMap":{"0":{"loc":{"start":{"line":19,"column":40},"end":{"line":19,"column":62}},"type":"binary-expr","locations":[{"start":{"line":19,"column":40},"end":{"line":19,"column":51}},{"start":{"line":19,"column":55},"end":{"line":19,"column":62}}],"line":19}},"s":{"0":0,"1":0,"2":0,"3":0,"4":0},"f":{"0":0,"1":0,"2":0,"3":0},"b":{"0":[0,0]}}
,"/Users/raynergoh/Orbital/BudgetBuddy/app/(tabs)/home.tsx": {"path":"/Users/raynergoh/Orbital/BudgetBuddy/app/(tabs)/home.tsx","statementMap":{"0":{"start":{"line":10,"column":2},"end":{"line":25,"column":4}},"1":{"start":{"line":28,"column":15},"end":{"line":45,"column":2}}},"fnMap":{"0":{"name":"HomeScreen","decl":{"start":{"line":9,"column":24},"end":{"line":9,"column":34}},"loc":{"start":{"line":9,"column":37},"end":{"line":26,"column":1}},"line":9}},"branchMap":{},"s":{"0":0,"1":0},"f":{"0":0},"b":{}}
,"/Users/raynergoh/Orbital/BudgetBuddy/app/(tabs)/profile.tsx": {"path":"/Users/raynergoh/Orbital/BudgetBuddy/app/(tabs)/profile.tsx","statementMap":{"0":{"start":{"line":26,"column":20},"end":{"line":26,"column":23}},"1":{"start":{"line":27,"column":19},"end":{"line":27,"column":69}},"2":{"start":{"line":28,"column":27},"end":{"line":28,"column":86}},"3":{"start":{"line":29,"column":29},"end":{"line":29,"column":90}},"4":{"start":{"line":30,"column":23},"end":{"line":30,"column":85}},"5":{"start":{"line":31,"column":16},"end":{"line":31,"column":35}},"6":{"start":{"line":34,"column":80},"end":{"line":34,"column":89}},"7":{"start":{"line":35,"column":98},"end":{"line":35,"column":108}},"8":{"start":{"line":36,"column":17},"end":{"line":36,"column":28}},"9":{"start":{"line":38,"column":32},"end":{"line":38,"column":47}},"10":{"start":{"line":39,"column":34},"end":{"line":39,"column":46}},"11":{"start":{"line":40,"column":28},"end":{"line":40,"column":40}},"12":{"start":{"line":41,"column":24},"end":{"line":41,"column":36}},"13":{"start":{"line":42,"column":30},"end":{"line":42,"column":45}},"14":{"start":{"line":43,"column":28},"end":{"line":43,"column":42}},"15":{"start":{"line":44,"column":36},"end":{"line":44,"column":51}},"16":{"start":{"line":45,"column":40},"end":{"line":45,"column":60}},"17":{"start":{"line":46,"column":46},"end":{"line":46,"column":61}},"18":{"start":{"line":98,"column":2},"end":{"line":104,"column":22}},"19":{"start":{"line":99,"column":4},"end":{"line":103,"column":5}},"20":{"start":{"line":100,"column":6},"end":{"line":100,"column":42}},"21":{"start":{"line":101,"column":6},"end":{"line":101,"column":51}},"22":{"start":{"line":102,"column":6},"end":{"line":102,"column":32}},"23":{"start":{"line":107,"column":24},"end":{"line":112,"column":36}},"24":{"start":{"line":108,"column":4},"end":{"line":108,"column":28}},"25":{"start":{"line":109,"column":4},"end":{"line":109,"column":27}},"26":{"start":{"line":110,"column":4},"end":{"line":110,"column":19}},"27":{"start":{"line":111,"column":4},"end":{"line":111,"column":29}},"28":{"start":{"line":115,"column":29},"end":{"line":176,"column":3}},"29":{"start":{"line":116,"column":23},"end":{"line":116,"column":78}},"30":{"start":{"line":117,"column":4},"end":{"line":120,"column":5}},"31":{"start":{"line":118,"column":6},"end":{"line":118,"column":57}},"32":{"start":{"line":119,"column":6},"end":{"line":119,"column":13}},"33":{"start":{"line":121,"column":4},"end":{"line":175,"column":5}},"34":{"start":{"line":122,"column":21},"end":{"line":127,"column":8}},"35":{"start":{"line":128,"column":6},"end":{"line":131,"column":7}},"36":{"start":{"line":129,"column":8},"end":{"line":129,"column":28}},"37":{"start":{"line":130,"column":8},"end":{"line":130,"column":15}},"38":{"start":{"line":132,"column":6},"end":{"line":132,"column":25}},"39":{"start":{"line":133,"column":20},"end":{"line":133,"column":36}},"40":{"start":{"line":134,"column":18},"end":{"line":134,"column":27}},"41":{"start":{"line":135,"column":23},"end":{"line":135,"column":43}},"42":{"start":{"line":136,"column":21},"end":{"line":136,"column":64}},"43":{"start":{"line":137,"column":23},"end":{"line":137,"column":37}},"44":{"start":{"line":138,"column":6},"end":{"line":138,"column":40}},"45":{"start":{"line":139,"column":6},"end":{"line":143,"column":9}},"46":{"start":{"line":144,"column":23},"end":{"line":144,"column":109}},"47":{"start":{"line":145,"column":23},"end":{"line":151,"column":8}},"48":{"start":{"line":153,"column":6},"end":{"line":159,"column":7}},"49":{"start":{"line":154,"column":8},"end":{"line":154,"column":40}},"50":{"start":{"line":156,"column":8},"end":{"line":156,"column":28}},"51":{"start":{"line":157,"column":8},"end":{"line":157,"column":62}},"52":{"start":{"line":158,"column":8},"end":{"line":158,"column":15}},"53":{"start":{"line":160,"column":6},"end":{"line":164,"column":7}},"54":{"start":{"line":161,"column":8},"end":{"line":161,"column":28}},"55":{"start":{"line":162,"column":8},"end":{"line":162,"column":73}},"56":{"start":{"line":163,"column":8},"end":{"line":163,"column":15}},"57":{"start":{"line":165,"column":22},"end":{"line":165,"column":199}},"58":{"start":{"line":166,"column":6},"end":{"line":166,"column":47}},"59":{"start":{"line":167,"column":6},"end":{"line":169,"column":7}},"60":{"start":{"line":168,"column":8},"end":{"line":168,"column":31}},"61":{"start":{"line":170,"column":6},"end":{"line":170,"column":33}},"62":{"start":{"line":172,"column":6},"end":{"line":172,"column":35}},"63":{"start":{"line":174,"column":6},"end":{"line":174,"column":26}},"64":{"start":{"line":179,"column":23},"end":{"line":182,"column":3}},"65":{"start":{"line":180,"column":4},"end":{"line":180,"column":19}},"66":{"start":{"line":181,"column":4},"end":{"line":181,"column":24}},"67":{"start":{"line":185,"column":21},"end":{"line":198,"column":3}},"68":{"start":{"line":186,"column":4},"end":{"line":186,"column":20}},"69":{"start":{"line":187,"column":4},"end":{"line":187,"column":19}},"70":{"start":{"line":188,"column":4},"end":{"line":197,"column":5}},"71":{"start":{"line":189,"column":6},"end":{"line":189,"column":52}},"72":{"start":{"line":190,"column":6},"end":{"line":190,"column":24}},"73":{"start":{"line":192,"column":6},"end":{"line":194,"column":8}},"74":{"start":{"line":196,"column":6},"end":{"line":196,"column":23}},"75":{"start":{"line":200,"column":2},"end":{"line":207,"column":3}},"76":{"start":{"line":201,"column":4},"end":{"line":206,"column":6}},"77":{"start":{"line":209,"column":2},"end":{"line":225,"column":3}},"78":{"start":{"line":210,"column":4},"end":{"line":224,"column":6}},"79":{"start":{"line":227,"column":2},"end":{"line":360,"column":4}},"80":{"start":{"line":232,"column":45},"end":{"line":232,"column":69}},"81":{"start":{"line":332,"column":31},"end":{"line":332,"column":48}},"82":{"start":{"line":341,"column":31},"end":{"line":341,"column":47}},"83":{"start":{"line":363,"column":15},"end":{"line":470,"column":2}}},"fnMap":{"0":{"name":"Profile","decl":{"start":{"line":33,"column":24},"end":{"line":33,"column":31}},"loc":{"start":{"line":33,"column":34},"end":{"line":361,"column":1}},"line":33},"1":{"name":"(anonymous_1)","decl":{"start":{"line":98,"column":12},"end":{"line":98,"column":13}},"loc":{"start":{"line":98,"column":18},"end":{"line":104,"column":3}},"line":98},"2":{"name":"(anonymous_2)","decl":{"start":{"line":107,"column":36},"end":{"line":107,"column":37}},"loc":{"start":{"line":107,"column":48},"end":{"line":112,"column":3}},"line":107},"3":{"name":"(anonymous_3)","decl":{"start":{"line":115,"column":29},"end":{"line":115,"column":30}},"loc":{"start":{"line":115,"column":41},"end":{"line":176,"column":3}},"line":115},"4":{"name":"(anonymous_4)","decl":{"start":{"line":179,"column":23},"end":{"line":179,"column":24}},"loc":{"start":{"line":179,"column":35},"end":{"line":182,"column":3}},"line":179},"5":{"name":"(anonymous_5)","decl":{"start":{"line":185,"column":21},"end":{"line":185,"column":22}},"loc":{"start":{"line":185,"column":33},"end":{"line":198,"column":3}},"line":185},"6":{"name":"(anonymous_6)","decl":{"start":{"line":232,"column":39},"end":{"line":232,"column":40}},"loc":{"start":{"line":232,"column":45},"end":{"line":232,"column":69}},"line":232},"7":{"name":"(anonymous_7)","decl":{"start":{"line":332,"column":25},"end":{"line":332,"column":26}},"loc":{"start":{"line":332,"column":31},"end":{"line":332,"column":48}},"line":332},"8":{"name":"(anonymous_8)","decl":{"start":{"line":341,"column":25},"end":{"line":341,"column":26}},"loc":{"start":{"line":341,"column":31},"end":{"line":341,"column":47}},"line":341}},"branchMap":{"0":{"loc":{"start":{"line":27,"column":19},"end":{"line":27,"column":69}},"type":"binary-expr","locations":[{"start":{"line":27,"column":19},"end":{"line":27,"column":63}},{"start":{"line":27,"column":67},"end":{"line":27,"column":69}}],"line":27},"1":{"loc":{"start":{"line":28,"column":27},"end":{"line":28,"column":86}},"type":"binary-expr","locations":[{"start":{"line":28,"column":27},"end":{"line":28,"column":80}},{"start":{"line":28,"column":84},"end":{"line":28,"column":86}}],"line":28},"2":{"loc":{"start":{"line":29,"column":29},"end":{"line":29,"column":90}},"type":"binary-expr","locations":[{"start":{"line":29,"column":29},"end":{"line":29,"column":84}},{"start":{"line":29,"column":88},"end":{"line":29,"column":90}}],"line":29},"3":{"loc":{"start":{"line":30,"column":23},"end":{"line":30,"column":85}},"type":"binary-expr","locations":[{"start":{"line":30,"column":23},"end":{"line":30,"column":72}},{"start":{"line":30,"column":76},"end":{"line":30,"column":85}}],"line":30},"4":{"loc":{"start":{"line":99,"column":4},"end":{"line":103,"column":5}},"type":"if","locations":[{"start":{"line":99,"column":4},"end":{"line":103,"column":5}},{"start":{},"end":{}}],"line":99},"5":{"loc":{"start":{"line":100,"column":18},"end":{"line":100,"column":40}},"type":"binary-expr","locations":[{"start":{"line":100,"column":18},"end":{"line":100,"column":34}},{"start":{"line":100,"column":38},"end":{"line":100,"column":40}}],"line":100},"6":{"loc":{"start":{"line":101,"column":15},"end":{"line":101,"column":49}},"type":"binary-expr","locations":[{"start":{"line":101,"column":15},"end":{"line":101,"column":28}},{"start":{"line":101,"column":32},"end":{"line":101,"column":43}},{"start":{"line":101,"column":47},"end":{"line":101,"column":49}}],"line":101},"7":{"loc":{"start":{"line":102,"column":13},"end":{"line":102,"column":30}},"type":"binary-expr","locations":[{"start":{"line":102,"column":13},"end":{"line":102,"column":24}},{"start":{"line":102,"column":28},"end":{"line":102,"column":30}}],"line":102},"8":{"loc":{"start":{"line":117,"column":4},"end":{"line":120,"column":5}},"type":"if","locations":[{"start":{"line":117,"column":4},"end":{"line":120,"column":5}},{"start":{},"end":{}}],"line":117},"9":{"loc":{"start":{"line":128,"column":6},"end":{"line":131,"column":7}},"type":"if","locations":[{"start":{"line":128,"column":6},"end":{"line":131,"column":7}},{"start":{},"end":{}}],"line":128},"10":{"loc":{"start":{"line":142,"column":14},"end":{"line":142,"column":44}},"type":"binary-expr","locations":[{"start":{"line":142,"column":14},"end":{"line":142,"column":28}},{"start":{"line":142,"column":32},"end":{"line":142,"column":44}}],"line":142},"11":{"loc":{"start":{"line":160,"column":6},"end":{"line":164,"column":7}},"type":"if","locations":[{"start":{"line":160,"column":6},"end":{"line":164,"column":7}},{"start":{},"end":{}}],"line":160},"12":{"loc":{"start":{"line":162,"column":35},"end":{"line":162,"column":70}},"type":"binary-expr","locations":[{"start":{"line":162,"column":35},"end":{"line":162,"column":51}},{"start":{"line":162,"column":55},"end":{"line":162,"column":70}}],"line":162},"13":{"loc":{"start":{"line":167,"column":6},"end":{"line":169,"column":7}},"type":"if","locations":[{"start":{"line":167,"column":6},"end":{"line":169,"column":7}},{"start":{},"end":{}}],"line":167},"14":{"loc":{"start":{"line":193,"column":8},"end":{"line":193,"column":71}},"type":"cond-expr","locations":[{"start":{"line":193,"column":31},"end":{"line":193,"column":42}},{"start":{"line":193,"column":45},"end":{"line":193,"column":71}}],"line":193},"15":{"loc":{"start":{"line":200,"column":2},"end":{"line":207,"column":3}},"type":"if","locations":[{"start":{"line":200,"column":2},"end":{"line":207,"column":3}},{"start":{},"end":{}}],"line":200},"16":{"loc":{"start":{"line":200,"column":6},"end":{"line":200,"column":36}},"type":"binary-expr","locations":[{"start":{"line":200,"column":6},"end":{"line":200,"column":18}},{"start":{"line":200,"column":22},"end":{"line":200,"column":36}}],"line":200},"17":{"loc":{"start":{"line":209,"column":2},"end":{"line":225,"column":3}},"type":"if","locations":[{"start":{"line":209,"column":2},"end":{"line":225,"column":3}},{"start":{},"end":{}}],"line":209},"18":{"loc":{"start":{"line":240,"column":22},"end":{"line":240,"column":85}},"type":"binary-expr","locations":[{"start":{"line":240,"column":22},"end":{"line":240,"column":36}},{"start":{"line":240,"column":40},"end":{"line":240,"column":85}}],"line":240},"19":{"loc":{"start":{"line":241,"column":37},"end":{"line":241,"column":66}},"type":"binary-expr","locations":[{"start":{"line":241,"column":37},"end":{"line":241,"column":46}},{"start":{"line":241,"column":50},"end":{"line":241,"column":66}}],"line":241},"20":{"loc":{"start":{"line":245,"column":13},"end":{"line":261,"column":13}},"type":"binary-expr","locations":[{"start":{"line":245,"column":13},"end":{"line":245,"column":22}},{"start":{"line":246,"column":14},"end":{"line":260,"column":21}}],"line":245},"21":{"loc":{"start":{"line":264,"column":13},"end":{"line":276,"column":13}},"type":"cond-expr","locations":[{"start":{"line":265,"column":14},"end":{"line":267,"column":27}},{"start":{"line":269,"column":14},"end":{"line":275,"column":16}}],"line":264},"22":{"loc":{"start":{"line":266,"column":17},"end":{"line":266,"column":46}},"type":"binary-expr","locations":[{"start":{"line":266,"column":17},"end":{"line":266,"column":33}},{"start":{"line":266,"column":37},"end":{"line":266,"column":46}}],"line":266},"23":{"loc":{"start":{"line":281,"column":9},"end":{"line":286,"column":16}},"type":"cond-expr","locations":[{"start":{"line":282,"column":10},"end":{"line":285,"column":17}},{"start":{"line":286,"column":12},"end":{"line":286,"column":16}}],"line":281},"24":{"loc":{"start":{"line":281,"column":9},"end":{"line":281,"column":32}},"type":"binary-expr","locations":[{"start":{"line":281,"column":9},"end":{"line":281,"column":17}},{"start":{"line":281,"column":21},"end":{"line":281,"column":32}}],"line":281},"25":{"loc":{"start":{"line":288,"column":9},"end":{"line":305,"column":9}},"type":"cond-expr","locations":[{"start":{"line":289,"column":10},"end":{"line":289,"column":44}},{"start":{"line":291,"column":10},"end":{"line":304,"column":17}}],"line":288},"26":{"loc":{"start":{"line":308,"column":9},"end":{"line":347,"column":9}},"type":"cond-expr","locations":[{"start":{"line":309,"column":10},"end":{"line":337,"column":13}},{"start":{"line":339,"column":10},"end":{"line":346,"column":17}}],"line":308},"27":{"loc":{"start":{"line":325,"column":13},"end":{"line":327,"column":20}},"type":"cond-expr","locations":[{"start":{"line":326,"column":14},"end":{"line":326,"column":67}},{"start":{"line":327,"column":16},"end":{"line":327,"column":20}}],"line":325},"28":{"loc":{"start":{"line":329,"column":58},"end":{"line":329,"column":95}},"type":"cond-expr","locations":[{"start":{"line":329,"column":67},"end":{"line":329,"column":78}},{"start":{"line":329,"column":81},"end":{"line":329,"column":95}}],"line":329}},"s":{"0":0,"1":0,"2":0,"3":0,"4":0,"5":0,"6":0,"7":0,"8":0,"9":0,"10":0,"11":0,"12":0,"13":0,"14":0,"15":0,"16":0,"17":0,"18":0,"19":0,"20":0,"21":0,"22":0,"23":0,"24":0,"25":0,"26":0,"27":0,"28":0,"29":0,"30":0,"31":0,"32":0,"33":0,"34":0,"35":0,"36":0,"37":0,"38":0,"39":0,"40":0,"41":0,"42":0,"43":0,"44":0,"45":0,"46":0,"47":0,"48":0,"49":0,"50":0,"51":0,"52":0,"53":0,"54":0,"55":0,"56":0,"57":0,"58":0,"59":0,"60":0,"61":0,"62":0,"63":0,"64":0,"65":0,"66":0,"67":0,"68":0,"69":0,"70":0,"71":0,"72":0,"73":0,"74":0,"75":0,"76":0,"77":0,"78":0,"79":0,"80":0,"81":0,"82":0,"83":0},"f":{"0":0,"1":0,"2":0,"3":0,"4":0,"5":0,"6":0,"7":0,"8":0},"b":{"0":[0,0],"1":[0,0],"2":[0,0],"3":[0,0],"4":[0,0],"5":[0,0],"6":[0,0,0],"7":[0,0],"8":[0,0],"9":[0,0],"10":[0,0],"11":[0,0],"12":[0,0],"13":[0,0],"14":[0,0],"15":[0,0],"16":[0,0],"17":[0,0],"18":[0,0],"19":[0,0],"20":[0,0],"21":[0,0],"22":[0,0],"23":[0,0],"24":[0,0],"25":[0,0],"26":[0,0],"27":[0,0],"28":[0,0]}}
,"/Users/raynergoh/Orbital/BudgetBuddy/app/(tabs)/settings.tsx": {"path":"/Users/raynergoh/Orbital/BudgetBuddy/app/(tabs)/settings.tsx","statementMap":{"0":{"start":{"line":13,"column":15},"end":{"line":15,"column":59}},"1":{"start":{"line":17,"column":16},"end":{"line":17,"column":35}},"2":{"start":{"line":20,"column":19},"end":{"line":20,"column":30}},"3":{"start":{"line":21,"column":23},"end":{"line":21,"column":32}},"4":{"start":{"line":24,"column":56},"end":{"line":24,"column":71}},"5":{"start":{"line":25,"column":50},"end":{"line":25,"column":62}},"6":{"start":{"line":26,"column":42},"end":{"line":26,"column":54}},"7":{"start":{"line":27,"column":50},"end":{"line":27,"column":65}},"8":{"start":{"line":28,"column":46},"end":{"line":28,"column":58}},"9":{"start":{"line":29,"column":50},"end":{"line":29,"column":62}},"10":{"start":{"line":32,"column":33},"end":{"line":49,"column":5}},"11":{"start":{"line":33,"column":8},"end":{"line":33,"column":29}},"12":{"start":{"line":34,"column":8},"end":{"line":34,"column":31}},"13":{"start":{"line":35,"column":8},"end":{"line":38,"column":9}},"14":{"start":{"line":36,"column":8},"end":{"line":36,"column":72}},"15":{"start":{"line":37,"column":8},"end":{"line":37,"column":15}},"16":{"start":{"line":39,"column":8},"end":{"line":39,"column":33}},"17":{"start":{"line":40,"column":8},"end":{"line":47,"column":9}},"18":{"start":{"line":41,"column":8},"end":{"line":41,"column":67}},"19":{"start":{"line":42,"column":8},"end":{"line":42,"column":61}},"20":{"start":{"line":43,"column":8},"end":{"line":43,"column":31}},"21":{"start":{"line":44,"column":8},"end":{"line":44,"column":27}},"22":{"start":{"line":46,"column":8},"end":{"line":46,"column":69}},"23":{"start":{"line":48,"column":8},"end":{"line":48,"column":34}},"24":{"start":{"line":51,"column":4},"end":{"line":190,"column":6}},"25":{"start":{"line":55,"column":49},"end":{"line":55,"column":76}},"26":{"start":{"line":66,"column":31},"end":{"line":66,"column":58}},"27":{"start":{"line":99,"column":31},"end":{"line":99,"column":100}},"28":{"start":{"line":173,"column":24},"end":{"line":173,"column":53}},"29":{"start":{"line":174,"column":24},"end":{"line":174,"column":47}},"30":{"start":{"line":175,"column":24},"end":{"line":175,"column":43}},"31":{"start":{"line":176,"column":24},"end":{"line":176,"column":45}},"32":{"start":{"line":177,"column":24},"end":{"line":177,"column":47}}},"fnMap":{"0":{"name":"SettingsPage","decl":{"start":{"line":19,"column":24},"end":{"line":19,"column":36}},"loc":{"start":{"line":19,"column":39},"end":{"line":191,"column":1}},"line":19},"1":{"name":"(anonymous_1)","decl":{"start":{"line":32,"column":33},"end":{"line":32,"column":34}},"loc":{"start":{"line":32,"column":45},"end":{"line":49,"column":5}},"line":32},"2":{"name":"(anonymous_2)","decl":{"start":{"line":55,"column":43},"end":{"line":55,"column":44}},"loc":{"start":{"line":55,"column":49},"end":{"line":55,"column":76}},"line":55},"3":{"name":"(anonymous_3)","decl":{"start":{"line":66,"column":25},"end":{"line":66,"column":26}},"loc":{"start":{"line":66,"column":31},"end":{"line":66,"column":58}},"line":66},"4":{"name":"(anonymous_4)","decl":{"start":{"line":99,"column":25},"end":{"line":99,"column":26}},"loc":{"start":{"line":99,"column":31},"end":{"line":99,"column":100}},"line":99},"5":{"name":"(anonymous_5)","decl":{"start":{"line":172,"column":29},"end":{"line":172,"column":30}},"loc":{"start":{"line":172,"column":35},"end":{"line":178,"column":21}},"line":172}},"branchMap":{"0":{"loc":{"start":{"line":35,"column":8},"end":{"line":38,"column":9}},"type":"if","locations":[{"start":{"line":35,"column":8},"end":{"line":38,"column":9}},{"start":{},"end":{}}],"line":35},"1":{"loc":{"start":{"line":46,"column":25},"end":{"line":46,"column":67}},"type":"binary-expr","locations":[{"start":{"line":46,"column":25},"end":{"line":46,"column":35}},{"start":{"line":46,"column":39},"end":{"line":46,"column":67}}],"line":46},"2":{"loc":{"start":{"line":157,"column":17},"end":{"line":159,"column":24}},"type":"cond-expr","locations":[{"start":{"line":158,"column":20},"end":{"line":158,"column":106}},{"start":{"line":159,"column":20},"end":{"line":159,"column":24}}],"line":157},"3":{"loc":{"start":{"line":160,"column":17},"end":{"line":162,"column":24}},"type":"cond-expr","locations":[{"start":{"line":161,"column":20},"end":{"line":161,"column":108}},{"start":{"line":162,"column":20},"end":{"line":162,"column":24}}],"line":160}},"s":{"0":0,"1":0,"2":0,"3":0,"4":0,"5":0,"6":0,"7":0,"8":0,"9":0,"10":0,"11":0,"12":0,"13":0,"14":0,"15":0,"16":0,"17":0,"18":0,"19":0,"20":0,"21":0,"22":0,"23":0,"24":0,"25":0,"26":0,"27":0,"28":0,"29":0,"30":0,"31":0,"32":0},"f":{"0":0,"1":0,"2":0,"3":0,"4":0,"5":0},"b":{"0":[0,0],"1":[0,0],"2":[0,0],"3":[0,0]}}
,"/Users/raynergoh/Orbital/BudgetBuddy/app/(tabs)/group/[groupId].tsx": {"path":"/Users/raynergoh/Orbital/BudgetBuddy/app/(tabs)/group/[groupId].tsx","statementMap":{"0":{"start":{"line":18,"column":22},"end":{"line":18,"column":44}},"1":{"start":{"line":19,"column":19},"end":{"line":19,"column":28}},"2":{"start":{"line":20,"column":17},"end":{"line":20,"column":28}},"3":{"start":{"line":47,"column":6},"end":{"line":47,"column":30}},"4":{"start":{"line":49,"column":42},"end":{"line":49,"column":57}},"5":{"start":{"line":51,"column":2},"end":{"line":53,"column":14}},"6":{"start":{"line":52,"column":4},"end":{"line":52,"column":27}},"7":{"start":{"line":55,"column":2},"end":{"line":61,"column":3}},"8":{"start":{"line":56,"column":4},"end":{"line":60,"column":6}},"9":{"start":{"line":62,"column":2},"end":{"line":69,"column":3}},"10":{"start":{"line":63,"column":4},"end":{"line":63,"column":22}},"11":{"start":{"line":64,"column":4},"end":{"line":68,"column":6}},"12":{"start":{"line":70,"column":2},"end":{"line":76,"column":3}},"13":{"start":{"line":71,"column":4},"end":{"line":75,"column":6}},"14":{"start":{"line":78,"column":2},"end":{"line":205,"column":4}},"15":{"start":{"line":82,"column":41},"end":{"line":82,"column":73}},"16":{"start":{"line":99,"column":37},"end":{"line":99,"column":114}},"17":{"start":{"line":124,"column":32},"end":{"line":124,"column":60}},"18":{"start":{"line":163,"column":42},"end":{"line":163,"column":53}},"19":{"start":{"line":165,"column":22},"end":{"line":175,"column":41}},"20":{"start":{"line":172,"column":39},"end":{"line":172,"column":67}},"21":{"start":{"line":195,"column":33},"end":{"line":195,"column":61}}},"fnMap":{"0":{"name":"GroupDetailScreen","decl":{"start":{"line":17,"column":24},"end":{"line":17,"column":41}},"loc":{"start":{"line":17,"column":44},"end":{"line":206,"column":1}},"line":17},"1":{"name":"(anonymous_1)","decl":{"start":{"line":51,"column":12},"end":{"line":51,"column":13}},"loc":{"start":{"line":51,"column":18},"end":{"line":53,"column":3}},"line":51},"2":{"name":"(anonymous_2)","decl":{"start":{"line":82,"column":35},"end":{"line":82,"column":36}},"loc":{"start":{"line":82,"column":41},"end":{"line":82,"column":73}},"line":82},"3":{"name":"(anonymous_3)","decl":{"start":{"line":99,"column":31},"end":{"line":99,"column":32}},"loc":{"start":{"line":99,"column":37},"end":{"line":99,"column":114}},"line":99},"4":{"name":"(anonymous_4)","decl":{"start":{"line":124,"column":26},"end":{"line":124,"column":27}},"loc":{"start":{"line":124,"column":32},"end":{"line":124,"column":60}},"line":124},"5":{"name":"(anonymous_5)","decl":{"start":{"line":163,"column":34},"end":{"line":163,"column":35}},"loc":{"start":{"line":163,"column":42},"end":{"line":163,"column":53}},"line":163},"6":{"name":"(anonymous_6)","decl":{"start":{"line":164,"column":32},"end":{"line":164,"column":33}},"loc":{"start":{"line":165,"column":22},"end":{"line":175,"column":41}},"line":165},"7":{"name":"(anonymous_7)","decl":{"start":{"line":172,"column":33},"end":{"line":172,"column":34}},"loc":{"start":{"line":172,"column":39},"end":{"line":172,"column":67}},"line":172},"8":{"name":"(anonymous_8)","decl":{"start":{"line":195,"column":27},"end":{"line":195,"column":28}},"loc":{"start":{"line":195,"column":33},"end":{"line":195,"column":61}},"line":195}},"branchMap":{"0":{"loc":{"start":{"line":55,"column":2},"end":{"line":61,"column":3}},"type":"if","locations":[{"start":{"line":55,"column":2},"end":{"line":61,"column":3}},{"start":{},"end":{}}],"line":55},"1":{"loc":{"start":{"line":62,"column":2},"end":{"line":69,"column":3}},"type":"if","locations":[{"start":{"line":62,"column":2},"end":{"line":69,"column":3}},{"start":{},"end":{}}],"line":62},"2":{"loc":{"start":{"line":70,"column":2},"end":{"line":76,"column":3}},"type":"if","locations":[{"start":{"line":70,"column":2},"end":{"line":76,"column":3}},{"start":{},"end":{}}],"line":70},"3":{"loc":{"start":{"line":79,"column":56},"end":{"line":79,"column":101}},"type":"cond-expr","locations":[{"start":{"line":79,"column":80},"end":{"line":79,"column":89}},{"start":{"line":79,"column":92},"end":{"line":79,"column":101}}],"line":79},"4":{"loc":{"start":{"line":158,"column":17},"end":{"line":185,"column":17}},"type":"cond-expr","locations":[{"start":{"line":159,"column":18},"end":{"line":159,"column":39}},{"start":{"line":161,"column":18},"end":{"line":184,"column":20}}],"line":158},"5":{"loc":{"start":{"line":179,"column":25},"end":{"line":179,"column":88}},"type":"cond-expr","locations":[{"start":{"line":179,"column":39},"end":{"line":179,"column":56}},{"start":{"line":179,"column":59},"end":{"line":179,"column":88}}],"line":179}},"s":{"0":0,"1":0,"2":0,"3":0,"4":0,"5":0,"6":0,"7":0,"8":0,"9":0,"10":0,"11":0,"12":0,"13":0,"14":0,"15":0,"16":0,"17":0,"18":0,"19":0,"20":0,"21":0},"f":{"0":0,"1":0,"2":0,"3":0,"4":0,"5":0,"6":0,"7":0,"8":0},"b":{"0":[0,0],"1":[0,0],"2":[0,0],"3":[0,0],"4":[0,0],"5":[0,0]}}
,"/Users/raynergoh/Orbital/BudgetBuddy/app/(tabs)/group/create.tsx": {"path":"/Users/raynergoh/Orbital/BudgetBuddy/app/(tabs)/group/create.tsx","statementMap":{"0":{"start":{"line":16,"column":15},"end":{"line":86,"column":1}},"1":{"start":{"line":17,"column":30},"end":{"line":17,"column":42}},"2":{"start":{"line":18,"column":34},"end":{"line":18,"column":46}},"3":{"start":{"line":19,"column":42},"end":{"line":19,"column":54}},"4":{"start":{"line":20,"column":33},"end":{"line":20,"column":48}},"5":{"start":{"line":22,"column":28},"end":{"line":22,"column":39}},"6":{"start":{"line":23,"column":19},"end":{"line":23,"column":30}},"7":{"start":{"line":24,"column":21},"end":{"line":24,"column":30}},"8":{"start":{"line":26,"column":25},"end":{"line":50,"column":5}},"9":{"start":{"line":27,"column":8},"end":{"line":30,"column":9}},"10":{"start":{"line":28,"column":12},"end":{"line":28,"column":66}},"11":{"start":{"line":29,"column":12},"end":{"line":29,"column":19}},"12":{"start":{"line":32,"column":8},"end":{"line":32,"column":25}},"13":{"start":{"line":34,"column":8},"end":{"line":49,"column":9}},"14":{"start":{"line":35,"column":12},"end":{"line":35,"column":54}},"15":{"start":{"line":38,"column":12},"end":{"line":38,"column":25}},"16":{"start":{"line":39,"column":12},"end":{"line":39,"column":31}},"17":{"start":{"line":42,"column":12},"end":{"line":42,"column":44}},"18":{"start":{"line":44,"column":12},"end":{"line":44,"column":57}},"19":{"start":{"line":45,"column":12},"end":{"line":45,"column":63}},"20":{"start":{"line":48,"column":12},"end":{"line":48,"column":30}},"21":{"start":{"line":52,"column":8},"end":{"line":85,"column":9}},"22":{"start":{"line":91,"column":15},"end":{"line":111,"column":2}}},"fnMap":{"0":{"name":"(anonymous_0)","decl":{"start":{"line":16,"column":15},"end":{"line":16,"column":16}},"loc":{"start":{"line":16,"column":21},"end":{"line":86,"column":1}},"line":16},"1":{"name":"(anonymous_1)","decl":{"start":{"line":26,"column":25},"end":{"line":26,"column":26}},"loc":{"start":{"line":26,"column":37},"end":{"line":50,"column":5}},"line":26}},"branchMap":{"0":{"loc":{"start":{"line":27,"column":8},"end":{"line":30,"column":9}},"type":"if","locations":[{"start":{"line":27,"column":8},"end":{"line":30,"column":9}},{"start":{},"end":{}}],"line":27},"1":{"loc":{"start":{"line":79,"column":21},"end":{"line":79,"column":59}},"type":"cond-expr","locations":[{"start":{"line":79,"column":31},"end":{"line":79,"column":42}},{"start":{"line":79,"column":45},"end":{"line":79,"column":59}}],"line":79}},"s":{"0":0,"1":0,"2":0,"3":0,"4":0,"5":0,"6":0,"7":0,"8":0,"9":0,"10":0,"11":0,"12":0,"13":0,"14":0,"15":0,"16":0,"17":0,"18":0,"19":0,"20":0,"21":0,"22":0},"f":{"0":0,"1":0},"b":{"0":[0,0],"1":[0,0]}}
,"/Users/raynergoh/Orbital/BudgetBuddy/app/(tabs)/group/expenseList.tsx": {"path":"/Users/raynergoh/Orbital/BudgetBuddy/app/(tabs)/group/expenseList.tsx","statementMap":{"0":{"start":{"line":19,"column":19},"end":{"line":19,"column":69}},"1":{"start":{"line":20,"column":26},"end":{"line":20,"column":84}},"2":{"start":{"line":31,"column":31},"end":{"line":31,"column":32}},"3":{"start":{"line":33,"column":48},"end":{"line":162,"column":1}},"4":{"start":{"line":40,"column":17},"end":{"line":40,"column":28}},"5":{"start":{"line":41,"column":22},"end":{"line":41,"column":44}},"6":{"start":{"line":42,"column":32},"end":{"line":42,"column":44}},"7":{"start":{"line":46,"column":25},"end":{"line":48,"column":3}},"8":{"start":{"line":47,"column":14},"end":{"line":47,"column":79}},"9":{"start":{"line":51,"column":26},"end":{"line":51,"column":66}},"10":{"start":{"line":52,"column":25},"end":{"line":54,"column":53}},"11":{"start":{"line":57,"column":4},"end":{"line":57,"column":52}},"12":{"start":{"line":57,"column":42},"end":{"line":57,"column":52}},"13":{"start":{"line":58,"column":4},"end":{"line":80,"column":5}},"14":{"start":{"line":59,"column":23},"end":{"line":63,"column":7}},"15":{"start":{"line":65,"column":22},"end":{"line":65,"column":24}},"16":{"start":{"line":66,"column":6},"end":{"line":68,"column":9}},"17":{"start":{"line":67,"column":8},"end":{"line":67,"column":58}},"18":{"start":{"line":70,"column":6},"end":{"line":72,"column":9}},"19":{"start":{"line":71,"column":8},"end":{"line":71,"column":55}},"20":{"start":{"line":71,"column":26},"end":{"line":71,"column":55}},"21":{"start":{"line":73,"column":6},"end":{"line":73,"column":21}},"22":{"start":{"line":75,"column":6},"end":{"line":75,"column":62}},"23":{"start":{"line":77,"column":23},"end":{"line":77,"column":25}},"24":{"start":{"line":78,"column":6},"end":{"line":78,"column":64}},"25":{"start":{"line":78,"column":30},"end":{"line":78,"column":60}},"26":{"start":{"line":79,"column":6},"end":{"line":79,"column":22}},"27":{"start":{"line":84,"column":2},"end":{"line":93,"column":17}},"28":{"start":{"line":85,"column":23},"end":{"line":85,"column":71}},"29":{"start":{"line":85,"column":60},"end":{"line":85,"column":68}},"30":{"start":{"line":86,"column":27},"end":{"line":86,"column":64}},"31":{"start":{"line":86,"column":51},"end":{"line":86,"column":63}},"32":{"start":{"line":87,"column":4},"end":{"line":92,"column":5}},"33":{"start":{"line":89,"column":6},"end":{"line":91,"column":9}},"34":{"start":{"line":90,"column":8},"end":{"line":90,"column":57}},"35":{"start":{"line":90,"column":28},"end":{"line":90,"column":54}},"36":{"start":{"line":95,"column":29},"end":{"line":95,"column":74}},"37":{"start":{"line":95,"column":41},"end":{"line":95,"column":74}},"38":{"start":{"line":97,"column":2},"end":{"line":161,"column":4}},"39":{"start":{"line":102,"column":43},"end":{"line":102,"column":68}},"40":{"start":{"line":116,"column":12},"end":{"line":146,"column":31}},"41":{"start":{"line":119,"column":16},"end":{"line":122,"column":18}},"42":{"start":{"line":150,"column":29},"end":{"line":150,"column":53}},"43":{"start":{"line":164,"column":15},"end":{"line":210,"column":2}}},"fnMap":{"0":{"name":"(anonymous_0)","decl":{"start":{"line":33,"column":48},"end":{"line":33,"column":49}},"loc":{"start":{"line":39,"column":6},"end":{"line":162,"column":1}},"line":39},"1":{"name":"(anonymous_1)","decl":{"start":{"line":47,"column":4},"end":{"line":47,"column":5}},"loc":{"start":{"line":47,"column":14},"end":{"line":47,"column":79}},"line":47},"2":{"name":"fetchUsernames","decl":{"start":{"line":56,"column":17},"end":{"line":56,"column":31}},"loc":{"start":{"line":56,"column":51},"end":{"line":81,"column":3}},"line":56},"3":{"name":"(anonymous_3)","decl":{"start":{"line":66,"column":33},"end":{"line":66,"column":34}},"loc":{"start":{"line":66,"column":40},"end":{"line":68,"column":7}},"line":66},"4":{"name":"(anonymous_4)","decl":{"start":{"line":70,"column":22},"end":{"line":70,"column":23}},"loc":{"start":{"line":70,"column":28},"end":{"line":72,"column":7}},"line":70},"5":{"name":"(anonymous_5)","decl":{"start":{"line":78,"column":22},"end":{"line":78,"column":23}},"loc":{"start":{"line":78,"column":28},"end":{"line":78,"column":62}},"line":78},"6":{"name":"(anonymous_6)","decl":{"start":{"line":84,"column":12},"end":{"line":84,"column":13}},"loc":{"start":{"line":84,"column":18},"end":{"line":93,"column":3}},"line":84},"7":{"name":"(anonymous_7)","decl":{"start":{"line":85,"column":55},"end":{"line":85,"column":56}},"loc":{"start":{"line":85,"column":60},"end":{"line":85,"column":68}},"line":85},"8":{"name":"(anonymous_8)","decl":{"start":{"line":86,"column":45},"end":{"line":86,"column":46}},"loc":{"start":{"line":86,"column":51},"end":{"line":86,"column":63}},"line":86},"9":{"name":"(anonymous_9)","decl":{"start":{"line":89,"column":42},"end":{"line":89,"column":43}},"loc":{"start":{"line":89,"column":56},"end":{"line":91,"column":7}},"line":89},"10":{"name":"(anonymous_10)","decl":{"start":{"line":90,"column":19},"end":{"line":90,"column":20}},"loc":{"start":{"line":90,"column":28},"end":{"line":90,"column":54}},"line":90},"11":{"name":"(anonymous_11)","decl":{"start":{"line":95,"column":29},"end":{"line":95,"column":30}},"loc":{"start":{"line":95,"column":41},"end":{"line":95,"column":74}},"line":95},"12":{"name":"(anonymous_12)","decl":{"start":{"line":102,"column":37},"end":{"line":102,"column":38}},"loc":{"start":{"line":102,"column":43},"end":{"line":102,"column":68}},"line":102},"13":{"name":"(anonymous_13)","decl":{"start":{"line":115,"column":30},"end":{"line":115,"column":31}},"loc":{"start":{"line":116,"column":12},"end":{"line":146,"column":31}},"line":116},"14":{"name":"(anonymous_14)","decl":{"start":{"line":118,"column":23},"end":{"line":118,"column":24}},"loc":{"start":{"line":119,"column":16},"end":{"line":122,"column":18}},"line":119},"15":{"name":"(anonymous_15)","decl":{"start":{"line":150,"column":23},"end":{"line":150,"column":24}},"loc":{"start":{"line":150,"column":29},"end":{"line":150,"column":53}},"line":150}},"branchMap":{"0":{"loc":{"start":{"line":19,"column":19},"end":{"line":19,"column":69}},"type":"binary-expr","locations":[{"start":{"line":19,"column":19},"end":{"line":19,"column":63}},{"start":{"line":19,"column":67},"end":{"line":19,"column":69}}],"line":19},"1":{"loc":{"start":{"line":20,"column":26},"end":{"line":20,"column":84}},"type":"binary-expr","locations":[{"start":{"line":20,"column":26},"end":{"line":20,"column":78}},{"start":{"line":20,"column":82},"end":{"line":20,"column":84}}],"line":20},"2":{"loc":{"start":{"line":34,"column":2},"end":{"line":34,"column":15}},"type":"default-arg","locations":[{"start":{"line":34,"column":13},"end":{"line":34,"column":15}}],"line":34},"3":{"loc":{"start":{"line":52,"column":25},"end":{"line":54,"column":53}},"type":"cond-expr","locations":[{"start":{"line":53,"column":6},"end":{"line":53,"column":20}},{"start":{"line":54,"column":6},"end":{"line":54,"column":53}}],"line":52},"4":{"loc":{"start":{"line":57,"column":4},"end":{"line":57,"column":52}},"type":"if","locations":[{"start":{"line":57,"column":4},"end":{"line":57,"column":52}},{"start":{},"end":{}}],"line":57},"5":{"loc":{"start":{"line":57,"column":8},"end":{"line":57,"column":40}},"type":"binary-expr","locations":[{"start":{"line":57,"column":8},"end":{"line":57,"column":16}},{"start":{"line":57,"column":20},"end":{"line":57,"column":40}}],"line":57},"6":{"loc":{"start":{"line":67,"column":27},"end":{"line":67,"column":57}},"type":"binary-expr","locations":[{"start":{"line":67,"column":27},"end":{"line":67,"column":39}},{"start":{"line":67,"column":43},"end":{"line":67,"column":57}}],"line":67},"7":{"loc":{"start":{"line":71,"column":8},"end":{"line":71,"column":55}},"type":"if","locations":[{"start":{"line":71,"column":8},"end":{"line":71,"column":55}},{"start":{},"end":{}}],"line":71},"8":{"loc":{"start":{"line":87,"column":4},"end":{"line":92,"column":5}},"type":"if","locations":[{"start":{"line":87,"column":4},"end":{"line":92,"column":5}},{"start":{},"end":{}}],"line":87},"9":{"loc":{"start":{"line":95,"column":41},"end":{"line":95,"column":74}},"type":"binary-expr","locations":[{"start":{"line":95,"column":41},"end":{"line":95,"column":56}},{"start":{"line":95,"column":60},"end":{"line":95,"column":74}}],"line":95},"10":{"loc":{"start":{"line":101,"column":9},"end":{"line":105,"column":16}},"type":"cond-expr","locations":[{"start":{"line":102,"column":10},"end":{"line":104,"column":29}},{"start":{"line":105,"column":12},"end":{"line":105,"column":16}}],"line":101},"11":{"loc":{"start":{"line":101,"column":9},"end":{"line":101,"column":43}},"type":"binary-expr","locations":[{"start":{"line":101,"column":9},"end":{"line":101,"column":24}},{"start":{"line":101,"column":28},"end":{"line":101,"column":43}}],"line":101},"12":{"loc":{"start":{"line":107,"column":7},"end":{"line":159,"column":7}},"type":"cond-expr","locations":[{"start":{"line":108,"column":8},"end":{"line":108,"column":29}},{"start":{"line":109,"column":10},"end":{"line":159,"column":7}}],"line":107},"13":{"loc":{"start":{"line":109,"column":10},"end":{"line":159,"column":7}},"type":"cond-expr","locations":[{"start":{"line":110,"column":8},"end":{"line":112,"column":21}},{"start":{"line":114,"column":8},"end":{"line":158,"column":11}}],"line":109},"14":{"loc":{"start":{"line":117,"column":19},"end":{"line":117,"column":82}},"type":"binary-expr","locations":[{"start":{"line":117,"column":19},"end":{"line":117,"column":27}},{"start":{"line":117,"column":31},"end":{"line":117,"column":82}}],"line":117},"15":{"loc":{"start":{"line":148,"column":11},"end":{"line":157,"column":18}},"type":"cond-expr","locations":[{"start":{"line":149,"column":12},"end":{"line":156,"column":27}},{"start":{"line":157,"column":14},"end":{"line":157,"column":18}}],"line":148},"16":{"loc":{"start":{"line":148,"column":11},"end":{"line":148,"column":46}},"type":"binary-expr","locations":[{"start":{"line":148,"column":11},"end":{"line":148,"column":27}},{"start":{"line":148,"column":31},"end":{"line":148,"column":46}}],"line":148}},"s":{"0":0,"1":0,"2":0,"3":0,"4":0,"5":0,"6":0,"7":0,"8":0,"9":0,"10":0,"11":0,"12":0,"13":0,"14":0,"15":0,"16":0,"17":0,"18":0,"19":0,"20":0,"21":0,"22":0,"23":0,"24":0,"25":0,"26":0,"27":0,"28":0,"29":0,"30":0,"31":0,"32":0,"33":0,"34":0,"35":0,"36":0,"37":0,"38":0,"39":0,"40":0,"41":0,"42":0,"43":0},"f":{"0":0,"1":0,"2":0,"3":0,"4":0,"5":0,"6":0,"7":0,"8":0,"9":0,"10":0,"11":0,"12":0,"13":0,"14":0,"15":0},"b":{"0":[0,0],"1":[0,0],"2":[0],"3":[0,0],"4":[0,0],"5":[0,0],"6":[0,0],"7":[0,0],"8":[0,0],"9":[0,0],"10":[0,0],"11":[0,0],"12":[0,0],"13":[0,0],"14":[0,0],"15":[0,0],"16":[0,0]}}
,"/Users/raynergoh/Orbital/BudgetBuddy/app/(tabs)/group/groups.tsx": {"path":"/Users/raynergoh/Orbital/BudgetBuddy/app/(tabs)/group/groups.tsx","statementMap":{"0":{"start":{"line":22,"column":19},"end":{"line":22,"column":69}},"1":{"start":{"line":23,"column":27},"end":{"line":23,"column":86}},"2":{"start":{"line":26,"column":34},"end":{"line":26,"column":45}},"3":{"start":{"line":27,"column":19},"end":{"line":27,"column":28}},"4":{"start":{"line":28,"column":18},"end":{"line":28,"column":43}},"5":{"start":{"line":29,"column":17},"end":{"line":29,"column":28}},"6":{"start":{"line":30,"column":31},"end":{"line":30,"column":46}},"7":{"start":{"line":31,"column":30},"end":{"line":31,"column":42}},"8":{"start":{"line":32,"column":46},"end":{"line":32,"column":62}},"9":{"start":{"line":33,"column":44},"end":{"line":33,"column":73}},"10":{"start":{"line":34,"column":22},"end":{"line":34,"column":49}},"11":{"start":{"line":35,"column":26},"end":{"line":35,"column":56}},"12":{"start":{"line":36,"column":32},"end":{"line":36,"column":63}},"13":{"start":{"line":39,"column":2},"end":{"line":41,"column":13}},"14":{"start":{"line":40,"column":4},"end":{"line":40,"column":18}},"15":{"start":{"line":43,"column":2},"end":{"line":53,"column":23}},"16":{"start":{"line":44,"column":4},"end":{"line":52,"column":5}},"17":{"start":{"line":45,"column":6},"end":{"line":45,"column":32}},"18":{"start":{"line":47,"column":6},"end":{"line":51,"column":8}},"19":{"start":{"line":49,"column":10},"end":{"line":49,"column":73}},"20":{"start":{"line":55,"column":2},"end":{"line":59,"column":4}},"21":{"start":{"line":57,"column":6},"end":{"line":57,"column":20}},"22":{"start":{"line":61,"column":29},"end":{"line":102,"column":3}},"23":{"start":{"line":62,"column":4},"end":{"line":62,"column":64}},"24":{"start":{"line":64,"column":4},"end":{"line":67,"column":5}},"25":{"start":{"line":65,"column":6},"end":{"line":65,"column":39}},"26":{"start":{"line":66,"column":6},"end":{"line":66,"column":13}},"27":{"start":{"line":68,"column":4},"end":{"line":71,"column":5}},"28":{"start":{"line":69,"column":6},"end":{"line":69,"column":35}},"29":{"start":{"line":70,"column":6},"end":{"line":70,"column":13}},"30":{"start":{"line":72,"column":4},"end":{"line":75,"column":5}},"31":{"start":{"line":73,"column":6},"end":{"line":73,"column":48}},"32":{"start":{"line":74,"column":6},"end":{"line":74,"column":13}},"33":{"start":{"line":77,"column":28},"end":{"line":77,"column":35}},"34":{"start":{"line":79,"column":4},"end":{"line":101,"column":5}},"35":{"start":{"line":80,"column":6},"end":{"line":80,"column":68}},"36":{"start":{"line":81,"column":6},"end":{"line":92,"column":7}},"37":{"start":{"line":82,"column":31},"end":{"line":82,"column":74}},"38":{"start":{"line":82,"column":58},"end":{"line":82,"column":73}},"39":{"start":{"line":83,"column":8},"end":{"line":88,"column":8}},"40":{"start":{"line":89,"column":8},"end":{"line":89,"column":52}},"41":{"start":{"line":91,"column":8},"end":{"line":91,"column":59}},"42":{"start":{"line":94,"column":6},"end":{"line":94,"column":64}},"43":{"start":{"line":95,"column":6},"end":{"line":100,"column":7}},"44":{"start":{"line":96,"column":8},"end":{"line":96,"column":36}},"45":{"start":{"line":97,"column":8},"end":{"line":97,"column":45}},"46":{"start":{"line":99,"column":8},"end":{"line":99,"column":52}},"47":{"start":{"line":106,"column":21},"end":{"line":161,"column":3}},"48":{"start":{"line":107,"column":4},"end":{"line":160,"column":17}},"49":{"start":{"line":109,"column":34},"end":{"line":109,"column":66}},"50":{"start":{"line":115,"column":23},"end":{"line":115,"column":48}},"51":{"start":{"line":126,"column":32},"end":{"line":126,"column":54}},"52":{"start":{"line":128,"column":64},"end":{"line":128,"column":86}},"53":{"start":{"line":133,"column":29},"end":{"line":133,"column":51}},"54":{"start":{"line":150,"column":16},"end":{"line":150,"column":39}},"55":{"start":{"line":151,"column":16},"end":{"line":151,"column":41}},"56":{"start":{"line":163,"column":2},"end":{"line":165,"column":3}},"57":{"start":{"line":164,"column":4},"end":{"line":164,"column":33}},"58":{"start":{"line":167,"column":2},"end":{"line":213,"column":4}},"59":{"start":{"line":191,"column":25},"end":{"line":191,"column":32}},"60":{"start":{"line":202,"column":24},"end":{"line":202,"column":52}},"61":{"start":{"line":216,"column":15},"end":{"line":319,"column":2}}},"fnMap":{"0":{"name":"GroupsScreen","decl":{"start":{"line":25,"column":24},"end":{"line":25,"column":36}},"loc":{"start":{"line":25,"column":39},"end":{"line":214,"column":1}},"line":25},"1":{"name":"(anonymous_1)","decl":{"start":{"line":39,"column":12},"end":{"line":39,"column":13}},"loc":{"start":{"line":39,"column":18},"end":{"line":41,"column":3}},"line":39},"2":{"name":"(anonymous_2)","decl":{"start":{"line":43,"column":12},"end":{"line":43,"column":13}},"loc":{"start":{"line":43,"column":18},"end":{"line":53,"column":3}},"line":43},"3":{"name":"(anonymous_3)","decl":{"start":{"line":48,"column":22},"end":{"line":48,"column":23}},"loc":{"start":{"line":49,"column":10},"end":{"line":49,"column":73}},"line":49},"4":{"name":"(anonymous_4)","decl":{"start":{"line":56,"column":16},"end":{"line":56,"column":17}},"loc":{"start":{"line":56,"column":22},"end":{"line":58,"column":5}},"line":56},"5":{"name":"(anonymous_5)","decl":{"start":{"line":61,"column":29},"end":{"line":61,"column":30}},"loc":{"start":{"line":61,"column":46},"end":{"line":102,"column":3}},"line":61},"6":{"name":"(anonymous_6)","decl":{"start":{"line":82,"column":52},"end":{"line":82,"column":53}},"loc":{"start":{"line":82,"column":58},"end":{"line":82,"column":73}},"line":82},"7":{"name":"(anonymous_7)","decl":{"start":{"line":106,"column":21},"end":{"line":106,"column":22}},"loc":{"start":{"line":107,"column":4},"end":{"line":160,"column":17}},"line":107},"8":{"name":"(anonymous_8)","decl":{"start":{"line":109,"column":28},"end":{"line":109,"column":29}},"loc":{"start":{"line":109,"column":34},"end":{"line":109,"column":66}},"line":109},"9":{"name":"(anonymous_9)","decl":{"start":{"line":115,"column":17},"end":{"line":115,"column":18}},"loc":{"start":{"line":115,"column":23},"end":{"line":115,"column":48}},"line":115},"10":{"name":"(anonymous_10)","decl":{"start":{"line":126,"column":26},"end":{"line":126,"column":27}},"loc":{"start":{"line":126,"column":32},"end":{"line":126,"column":54}},"line":126},"11":{"name":"(anonymous_11)","decl":{"start":{"line":128,"column":58},"end":{"line":128,"column":59}},"loc":{"start":{"line":128,"column":64},"end":{"line":128,"column":86}},"line":128},"12":{"name":"(anonymous_12)","decl":{"start":{"line":133,"column":23},"end":{"line":133,"column":24}},"loc":{"start":{"line":133,"column":29},"end":{"line":133,"column":51}},"line":133},"13":{"name":"(anonymous_13)","decl":{"start":{"line":149,"column":23},"end":{"line":149,"column":24}},"loc":{"start":{"line":149,"column":29},"end":{"line":152,"column":15}},"line":149},"14":{"name":"(anonymous_14)","decl":{"start":{"line":191,"column":17},"end":{"line":191,"column":18}},"loc":{"start":{"line":191,"column":25},"end":{"line":191,"column":32}},"line":191},"15":{"name":"(anonymous_15)","decl":{"start":{"line":202,"column":18},"end":{"line":202,"column":19}},"loc":{"start":{"line":202,"column":24},"end":{"line":202,"column":52}},"line":202}},"branchMap":{"0":{"loc":{"start":{"line":22,"column":19},"end":{"line":22,"column":69}},"type":"binary-expr","locations":[{"start":{"line":22,"column":19},"end":{"line":22,"column":63}},{"start":{"line":22,"column":67},"end":{"line":22,"column":69}}],"line":22},"1":{"loc":{"start":{"line":23,"column":27},"end":{"line":23,"column":86}},"type":"binary-expr","locations":[{"start":{"line":23,"column":27},"end":{"line":23,"column":80}},{"start":{"line":23,"column":84},"end":{"line":23,"column":86}}],"line":23},"2":{"loc":{"start":{"line":34,"column":22},"end":{"line":34,"column":49}},"type":"binary-expr","locations":[{"start":{"line":34,"column":22},"end":{"line":34,"column":38}},{"start":{"line":34,"column":42},"end":{"line":34,"column":49}}],"line":34},"3":{"loc":{"start":{"line":44,"column":4},"end":{"line":52,"column":5}},"type":"if","locations":[{"start":{"line":44,"column":4},"end":{"line":52,"column":5}},{"start":{"line":46,"column":11},"end":{"line":52,"column":5}}],"line":44},"4":{"loc":{"start":{"line":64,"column":4},"end":{"line":67,"column":5}},"type":"if","locations":[{"start":{"line":64,"column":4},"end":{"line":67,"column":5}},{"start":{},"end":{}}],"line":64},"5":{"loc":{"start":{"line":68,"column":4},"end":{"line":71,"column":5}},"type":"if","locations":[{"start":{"line":68,"column":4},"end":{"line":71,"column":5}},{"start":{},"end":{}}],"line":68},"6":{"loc":{"start":{"line":72,"column":4},"end":{"line":75,"column":5}},"type":"if","locations":[{"start":{"line":72,"column":4},"end":{"line":75,"column":5}},{"start":{},"end":{}}],"line":72},"7":{"loc":{"start":{"line":79,"column":4},"end":{"line":101,"column":5}},"type":"if","locations":[{"start":{"line":79,"column":4},"end":{"line":101,"column":5}},{"start":{"line":93,"column":11},"end":{"line":101,"column":5}}],"line":79},"8":{"loc":{"start":{"line":121,"column":7},"end":{"line":159,"column":7}},"type":"binary-expr","locations":[{"start":{"line":121,"column":7},"end":{"line":121,"column":32}},{"start":{"line":122,"column":8},"end":{"line":158,"column":16}}],"line":121},"9":{"loc":{"start":{"line":163,"column":2},"end":{"line":165,"column":3}},"type":"if","locations":[{"start":{"line":163,"column":2},"end":{"line":165,"column":3}},{"start":{},"end":{}}],"line":163}},"s":{"0":0,"1":0,"2":0,"3":0,"4":0,"5":0,"6":0,"7":0,"8":0,"9":0,"10":0,"11":0,"12":0,"13":0,"14":0,"15":0,"16":0,"17":0,"18":0,"19":0,"20":0,"21":0,"22":0,"23":0,"24":0,"25":0,"26":0,"27":0,"28":0,"29":0,"30":0,"31":0,"32":0,"33":0,"34":0,"35":0,"36":0,"37":0,"38":0,"39":0,"40":0,"41":0,"42":0,"43":0,"44":0,"45":0,"46":0,"47":0,"48":0,"49":0,"50":0,"51":0,"52":0,"53":0,"54":0,"55":0,"56":0,"57":0,"58":0,"59":0,"60":0,"61":0},"f":{"0":0,"1":0,"2":0,"3":0,"4":0,"5":0,"6":0,"7":0,"8":0,"9":0,"10":0,"11":0,"12":0,"13":0,"14":0,"15":0},"b":{"0":[0,0],"1":[0,0],"2":[0,0],"3":[0,0],"4":[0,0],"5":[0,0],"6":[0,0],"7":[0,0],"8":[0,0],"9":[0,0]}}
,"/Users/raynergoh/Orbital/BudgetBuddy/app/(tabs)/group/membersDropdown.tsx": {"path":"/Users/raynergoh/Orbital/BudgetBuddy/app/(tabs)/group/membersDropdown.tsx","statementMap":{"0":{"start":{"line":18,"column":17},"end":{"line":18,"column":28}},"1":{"start":{"line":19,"column":2},"end":{"line":84,"column":4}},"2":{"start":{"line":25,"column":25},"end":{"line":25,"column":58}},"3":{"start":{"line":25,"column":52},"end":{"line":25,"column":57}},"4":{"start":{"line":46,"column":14},"end":{"line":74,"column":13}},"5":{"start":{"line":50,"column":20},"end":{"line":53,"column":22}},"6":{"start":{"line":68,"column":33},"end":{"line":68,"column":64}},"7":{"start":{"line":77,"column":39},"end":{"line":77,"column":66}},"8":{"start":{"line":87,"column":15},"end":{"line":134,"column":2}}},"fnMap":{"0":{"name":"MembersDropdown","decl":{"start":{"line":10,"column":24},"end":{"line":10,"column":39}},"loc":{"start":{"line":17,"column":3},"end":{"line":85,"column":1}},"line":17},"1":{"name":"(anonymous_1)","decl":{"start":{"line":25,"column":19},"end":{"line":25,"column":20}},"loc":{"start":{"line":25,"column":25},"end":{"line":25,"column":58}},"line":25},"2":{"name":"(anonymous_2)","decl":{"start":{"line":25,"column":44},"end":{"line":25,"column":45}},"loc":{"start":{"line":25,"column":52},"end":{"line":25,"column":57}},"line":25},"3":{"name":"(anonymous_3)","decl":{"start":{"line":45,"column":31},"end":{"line":45,"column":32}},"loc":{"start":{"line":45,"column":39},"end":{"line":74,"column":14}},"line":45},"4":{"name":"(anonymous_4)","decl":{"start":{"line":49,"column":27},"end":{"line":49,"column":28}},"loc":{"start":{"line":50,"column":20},"end":{"line":53,"column":22}},"line":50},"5":{"name":"(anonymous_5)","decl":{"start":{"line":68,"column":27},"end":{"line":68,"column":28}},"loc":{"start":{"line":68,"column":33},"end":{"line":68,"column":64}},"line":68},"6":{"name":"(anonymous_6)","decl":{"start":{"line":77,"column":33},"end":{"line":77,"column":34}},"loc":{"start":{"line":77,"column":39},"end":{"line":77,"column":66}},"line":77}},"branchMap":{"0":{"loc":{"start":{"line":30,"column":13},"end":{"line":30,"column":46}},"type":"cond-expr","locations":[{"start":{"line":30,"column":31},"end":{"line":30,"column":37}},{"start":{"line":30,"column":40},"end":{"line":30,"column":46}}],"line":30},"1":{"loc":{"start":{"line":33,"column":18},"end":{"line":33,"column":65}},"type":"cond-expr","locations":[{"start":{"line":33,"column":36},"end":{"line":33,"column":48}},{"start":{"line":33,"column":51},"end":{"line":33,"column":65}}],"line":33},"2":{"loc":{"start":{"line":40,"column":7},"end":{"line":82,"column":7}},"type":"binary-expr","locations":[{"start":{"line":40,"column":7},"end":{"line":40,"column":22}},{"start":{"line":41,"column":8},"end":{"line":81,"column":15}}],"line":40},"3":{"loc":{"start":{"line":42,"column":11},"end":{"line":75,"column":11}},"type":"cond-expr","locations":[{"start":{"line":43,"column":12},"end":{"line":43,"column":89}},{"start":{"line":45,"column":12},"end":{"line":74,"column":15}}],"line":42},"4":{"loc":{"start":{"line":59,"column":22},"end":{"line":61,"column":78}},"type":"cond-expr","locations":[{"start":{"line":60,"column":26},"end":{"line":60,"column":46}},{"start":{"line":61,"column":26},"end":{"line":61,"column":78}}],"line":59},"5":{"loc":{"start":{"line":59,"column":22},"end":{"line":59,"column":68}},"type":"binary-expr","locations":[{"start":{"line":59,"column":22},"end":{"line":59,"column":33}},{"start":{"line":59,"column":37},"end":{"line":59,"column":68}}],"line":59}},"s":{"0":0,"1":0,"2":0,"3":0,"4":0,"5":0,"6":0,"7":0,"8":0},"f":{"0":0,"1":0,"2":0,"3":0,"4":0,"5":0,"6":0},"b":{"0":[0,0],"1":[0,0],"2":[0,0],"3":[0,0],"4":[0,0],"5":[0,0]}}
,"/Users/raynergoh/Orbital/BudgetBuddy/app/(tabs)/group/settlementList.tsx": {"path":"/Users/raynergoh/Orbital/BudgetBuddy/app/(tabs)/group/settlementList.tsx","statementMap":{"0":{"start":{"line":15,"column":26},"end":{"line":17,"column":3}},"1":{"start":{"line":16,"column":9},"end":{"line":16,"column":59}},"2":{"start":{"line":20,"column":19},"end":{"line":20,"column":20}},"3":{"start":{"line":21,"column":2},"end":{"line":24,"column":5}},"4":{"start":{"line":22,"column":4},"end":{"line":23,"column":62}},"5":{"start":{"line":22,"column":32},"end":{"line":22,"column":55}},"6":{"start":{"line":23,"column":9},"end":{"line":23,"column":62}},"7":{"start":{"line":23,"column":39},"end":{"line":23,"column":62}},"8":{"start":{"line":27,"column":18},"end":{"line":27,"column":20}},"9":{"start":{"line":28,"column":23},"end":{"line":28,"column":29}},"10":{"start":{"line":29,"column":2},"end":{"line":39,"column":3}},"11":{"start":{"line":30,"column":4},"end":{"line":30,"column":41}},"12":{"start":{"line":31,"column":9},"end":{"line":39,"column":3}},"13":{"start":{"line":32,"column":4},"end":{"line":32,"column":57}},"14":{"start":{"line":33,"column":4},"end":{"line":33,"column":31}},"15":{"start":{"line":34,"column":9},"end":{"line":39,"column":3}},"16":{"start":{"line":35,"column":4},"end":{"line":35,"column":62}},"17":{"start":{"line":36,"column":4},"end":{"line":36,"column":31}},"18":{"start":{"line":38,"column":4},"end":{"line":38,"column":41}},"19":{"start":{"line":41,"column":38},"end":{"line":41,"column":50}},"20":{"start":{"line":43,"column":25},"end":{"line":59,"column":3}},"21":{"start":{"line":44,"column":4},"end":{"line":58,"column":6}},"22":{"start":{"line":52,"column":12},"end":{"line":52,"column":53}},"23":{"start":{"line":53,"column":12},"end":{"line":53,"column":45}},"24":{"start":{"line":54,"column":12},"end":{"line":54,"column":30}},"25":{"start":{"line":61,"column":2},"end":{"line":93,"column":4}},"26":{"start":{"line":74,"column":10},"end":{"line":89,"column":17}},"27":{"start":{"line":83,"column":29},"end":{"line":83,"column":61}}},"fnMap":{"0":{"name":"SettlementList","decl":{"start":{"line":7,"column":24},"end":{"line":7,"column":38}},"loc":{"start":{"line":12,"column":3},"end":{"line":94,"column":1}},"line":12},"1":{"name":"(anonymous_1)","decl":{"start":{"line":16,"column":4},"end":{"line":16,"column":5}},"loc":{"start":{"line":16,"column":9},"end":{"line":16,"column":59}},"line":16},"2":{"name":"(anonymous_2)","decl":{"start":{"line":21,"column":31},"end":{"line":21,"column":32}},"loc":{"start":{"line":21,"column":36},"end":{"line":24,"column":3}},"line":21},"3":{"name":"(anonymous_3)","decl":{"start":{"line":43,"column":25},"end":{"line":43,"column":26}},"loc":{"start":{"line":43,"column":47},"end":{"line":59,"column":3}},"line":43},"4":{"name":"(anonymous_4)","decl":{"start":{"line":51,"column":19},"end":{"line":51,"column":20}},"loc":{"start":{"line":51,"column":31},"end":{"line":55,"column":11}},"line":51},"5":{"name":"(anonymous_5)","decl":{"start":{"line":73,"column":28},"end":{"line":73,"column":29}},"loc":{"start":{"line":74,"column":10},"end":{"line":89,"column":17}},"line":74},"6":{"name":"(anonymous_6)","decl":{"start":{"line":83,"column":23},"end":{"line":83,"column":24}},"loc":{"start":{"line":83,"column":29},"end":{"line":83,"column":61}},"line":83}},"branchMap":{"0":{"loc":{"start":{"line":16,"column":9},"end":{"line":16,"column":59}},"type":"binary-expr","locations":[{"start":{"line":16,"column":9},"end":{"line":16,"column":33}},{"start":{"line":16,"column":37},"end":{"line":16,"column":59}}],"line":16},"1":{"loc":{"start":{"line":22,"column":4},"end":{"line":23,"column":62}},"type":"if","locations":[{"start":{"line":22,"column":4},"end":{"line":23,"column":62}},{"start":{"line":23,"column":9},"end":{"line":23,"column":62}}],"line":22},"2":{"loc":{"start":{"line":23,"column":9},"end":{"line":23,"column":62}},"type":"if","locations":[{"start":{"line":23,"column":9},"end":{"line":23,"column":62}},{"start":{},"end":{}}],"line":23},"3":{"loc":{"start":{"line":29,"column":2},"end":{"line":39,"column":3}},"type":"if","locations":[{"start":{"line":29,"column":2},"end":{"line":39,"column":3}},{"start":{"line":31,"column":9},"end":{"line":39,"column":3}}],"line":29},"4":{"loc":{"start":{"line":31,"column":9},"end":{"line":39,"column":3}},"type":"if","locations":[{"start":{"line":31,"column":9},"end":{"line":39,"column":3}},{"start":{"line":34,"column":9},"end":{"line":39,"column":3}}],"line":31},"5":{"loc":{"start":{"line":34,"column":9},"end":{"line":39,"column":3}},"type":"if","locations":[{"start":{"line":34,"column":9},"end":{"line":39,"column":3}},{"start":{"line":37,"column":9},"end":{"line":39,"column":3}}],"line":34},"6":{"loc":{"start":{"line":69,"column":7},"end":{"line":91,"column":7}},"type":"cond-expr","locations":[{"start":{"line":71,"column":8},"end":{"line":71,"column":13}},{"start":{"line":73,"column":8},"end":{"line":90,"column":10}}],"line":69}},"s":{"0":0,"1":0,"2":0,"3":0,"4":0,"5":0,"6":0,"7":0,"8":0,"9":0,"10":0,"11":0,"12":0,"13":0,"14":0,"15":0,"16":0,"17":0,"18":0,"19":0,"20":0,"21":0,"22":0,"23":0,"24":0,"25":0,"26":0,"27":0},"f":{"0":0,"1":0,"2":0,"3":0,"4":0,"5":0,"6":0},"b":{"0":[0,0],"1":[0,0],"2":[0,0],"3":[0,0],"4":[0,0],"5":[0,0],"6":[0,0]}}
,"/Users/raynergoh/Orbital/BudgetBuddy/app/(tabs)/group/[groupId]/addExpense.tsx": {"path":"/Users/raynergoh/Orbital/BudgetBuddy/app/(tabs)/group/[groupId]/addExpense.tsx","statementMap":{"0":{"start":{"line":18,"column":19},"end":{"line":18,"column":69}},"1":{"start":{"line":19,"column":29},"end":{"line":19,"column":90}},"2":{"start":{"line":20,"column":27},"end":{"line":20,"column":86}},"3":{"start":{"line":21,"column":26},"end":{"line":21,"column":84}},"4":{"start":{"line":23,"column":20},"end":{"line":27,"column":1}},"5":{"start":{"line":30,"column":2},"end":{"line":39,"column":4}},"6":{"start":{"line":44,"column":22},"end":{"line":44,"column":44}},"7":{"start":{"line":45,"column":17},"end":{"line":45,"column":28}},"8":{"start":{"line":47,"column":40},"end":{"line":47,"column":52}},"9":{"start":{"line":48,"column":30},"end":{"line":48,"column":42}},"10":{"start":{"line":49,"column":30},"end":{"line":49,"column":42}},"11":{"start":{"line":50,"column":32},"end":{"line":50,"column":54}},"12":{"start":{"line":51,"column":46},"end":{"line":51,"column":65}},"13":{"start":{"line":52,"column":36},"end":{"line":52,"column":53}},"14":{"start":{"line":53,"column":42},"end":{"line":53,"column":64}},"15":{"start":{"line":54,"column":40},"end":{"line":54,"column":82}},"16":{"start":{"line":55,"column":32},"end":{"line":55,"column":47}},"17":{"start":{"line":56,"column":28},"end":{"line":56,"column":40}},"18":{"start":{"line":57,"column":34},"end":{"line":57,"column":52}},"19":{"start":{"line":59,"column":2},"end":{"line":95,"column":4}},"20":{"start":{"line":61,"column":21},"end":{"line":61,"column":25}},"21":{"start":{"line":62,"column":6},"end":{"line":62,"column":27}},"22":{"start":{"line":62,"column":20},"end":{"line":62,"column":27}},"23":{"start":{"line":65,"column":6},"end":{"line":89,"column":9}},"24":{"start":{"line":66,"column":8},"end":{"line":66,"column":30}},"25":{"start":{"line":66,"column":23},"end":{"line":66,"column":30}},"26":{"start":{"line":67,"column":8},"end":{"line":67,"column":38}},"27":{"start":{"line":68,"column":8},"end":{"line":68,"column":42}},"28":{"start":{"line":69,"column":8},"end":{"line":69,"column":43}},"29":{"start":{"line":70,"column":8},"end":{"line":70,"column":27}},"30":{"start":{"line":71,"column":8},"end":{"line":71,"column":27}},"31":{"start":{"line":72,"column":8},"end":{"line":72,"column":22}},"32":{"start":{"line":73,"column":8},"end":{"line":73,"column":30}},"33":{"start":{"line":74,"column":8},"end":{"line":74,"column":30}},"34":{"start":{"line":75,"column":8},"end":{"line":75,"column":21}},"35":{"start":{"line":77,"column":8},"end":{"line":88,"column":34}},"36":{"start":{"line":79,"column":12},"end":{"line":86,"column":77}},"37":{"start":{"line":81,"column":32},"end":{"line":85,"column":15}},"38":{"start":{"line":86,"column":28},"end":{"line":86,"column":75}},"39":{"start":{"line":91,"column":6},"end":{"line":93,"column":8}},"40":{"start":{"line":92,"column":8},"end":{"line":92,"column":25}},"41":{"start":{"line":98,"column":27},"end":{"line":165,"column":3}},"42":{"start":{"line":99,"column":4},"end":{"line":99,"column":21}},"43":{"start":{"line":100,"column":4},"end":{"line":100,"column":17}},"44":{"start":{"line":101,"column":4},"end":{"line":163,"column":5}},"45":{"start":{"line":102,"column":6},"end":{"line":106,"column":7}},"46":{"start":{"line":103,"column":8},"end":{"line":103,"column":48}},"47":{"start":{"line":104,"column":8},"end":{"line":104,"column":26}},"48":{"start":{"line":105,"column":8},"end":{"line":105,"column":15}},"49":{"start":{"line":107,"column":6},"end":{"line":111,"column":7}},"50":{"start":{"line":108,"column":8},"end":{"line":108,"column":49}},"51":{"start":{"line":109,"column":8},"end":{"line":109,"column":26}},"52":{"start":{"line":110,"column":8},"end":{"line":110,"column":15}},"53":{"start":{"line":112,"column":6},"end":{"line":116,"column":7}},"54":{"start":{"line":113,"column":8},"end":{"line":113,"column":44}},"55":{"start":{"line":114,"column":8},"end":{"line":114,"column":26}},"56":{"start":{"line":115,"column":8},"end":{"line":115,"column":15}},"57":{"start":{"line":117,"column":6},"end":{"line":121,"column":7}},"58":{"start":{"line":118,"column":8},"end":{"line":118,"column":72}},"59":{"start":{"line":119,"column":8},"end":{"line":119,"column":26}},"60":{"start":{"line":120,"column":8},"end":{"line":120,"column":15}},"61":{"start":{"line":122,"column":6},"end":{"line":132,"column":7}},"62":{"start":{"line":123,"column":22},"end":{"line":126,"column":9}},"63":{"start":{"line":124,"column":24},"end":{"line":124,"column":65}},"64":{"start":{"line":127,"column":8},"end":{"line":131,"column":9}},"65":{"start":{"line":128,"column":10},"end":{"line":128,"column":66}},"66":{"start":{"line":129,"column":10},"end":{"line":129,"column":28}},"67":{"start":{"line":130,"column":10},"end":{"line":130,"column":17}},"68":{"start":{"line":133,"column":6},"end":{"line":143,"column":7}},"69":{"start":{"line":134,"column":22},"end":{"line":137,"column":9}},"70":{"start":{"line":135,"column":24},"end":{"line":135,"column":65}},"71":{"start":{"line":138,"column":8},"end":{"line":142,"column":9}},"72":{"start":{"line":139,"column":10},"end":{"line":139,"column":52}},"73":{"start":{"line":140,"column":10},"end":{"line":140,"column":28}},"74":{"start":{"line":141,"column":10},"end":{"line":141,"column":17}},"75":{"start":{"line":145,"column":6},"end":{"line":159,"column":8}},"76":{"start":{"line":160,"column":6},"end":{"line":160,"column":76}},"77":{"start":{"line":162,"column":6},"end":{"line":162,"column":53}},"78":{"start":{"line":164,"column":4},"end":{"line":164,"column":22}},"79":{"start":{"line":167,"column":2},"end":{"line":388,"column":4}},"80":{"start":{"line":170,"column":39},"end":{"line":170,"column":75}},"81":{"start":{"line":190,"column":31},"end":{"line":190,"column":69}},"82":{"start":{"line":201,"column":12},"end":{"line":215,"column":27}},"83":{"start":{"line":203,"column":29},"end":{"line":203,"column":51}},"84":{"start":{"line":223,"column":29},"end":{"line":223,"column":48}},"85":{"start":{"line":224,"column":12},"end":{"line":245,"column":14}},"86":{"start":{"line":227,"column":31},"end":{"line":227,"column":50}},"87":{"start":{"line":254,"column":27},"end":{"line":254,"column":51}},"88":{"start":{"line":267,"column":31},"end":{"line":267,"column":62}},"89":{"start":{"line":268,"column":12},"end":{"line":295,"column":14}},"90":{"start":{"line":272,"column":18},"end":{"line":276,"column":20}},"91":{"start":{"line":273,"column":20},"end":{"line":275,"column":43}},"92":{"start":{"line":274,"column":43},"end":{"line":274,"column":59}},"93":{"start":{"line":304,"column":12},"end":{"line":317,"column":27}},"94":{"start":{"line":306,"column":29},"end":{"line":306,"column":52}},"95":{"start":{"line":325,"column":27},"end":{"line":325,"column":72}},"96":{"start":{"line":325,"column":52},"end":{"line":325,"column":71}},"97":{"start":{"line":326,"column":14},"end":{"line":355,"column":16}},"98":{"start":{"line":334,"column":22},"end":{"line":337,"column":25}},"99":{"start":{"line":334,"column":46},"end":{"line":337,"column":23}},"100":{"start":{"line":371,"column":27},"end":{"line":371,"column":63}},"101":{"start":{"line":392,"column":29},"end":{"line":420,"column":1}}},"fnMap":{"0":{"name":"getInitialState","decl":{"start":{"line":29,"column":9},"end":{"line":29,"column":24}},"loc":{"start":{"line":29,"column":34},"end":{"line":40,"column":1}},"line":29},"1":{"name":"AddExpenseScreen","decl":{"start":{"line":43,"column":24},"end":{"line":43,"column":40}},"loc":{"start":{"line":43,"column":43},"end":{"line":389,"column":1}},"line":43},"2":{"name":"(anonymous_2)","decl":{"start":{"line":60,"column":16},"end":{"line":60,"column":17}},"loc":{"start":{"line":60,"column":22},"end":{"line":94,"column":5}},"line":60},"3":{"name":"(anonymous_3)","decl":{"start":{"line":65,"column":84},"end":{"line":65,"column":85}},"loc":{"start":{"line":65,"column":91},"end":{"line":89,"column":7}},"line":65},"4":{"name":"(anonymous_4)","decl":{"start":{"line":78,"column":34},"end":{"line":78,"column":35}},"loc":{"start":{"line":79,"column":12},"end":{"line":86,"column":77}},"line":79},"5":{"name":"(anonymous_5)","decl":{"start":{"line":81,"column":20},"end":{"line":81,"column":21}},"loc":{"start":{"line":81,"column":32},"end":{"line":85,"column":15}},"line":81},"6":{"name":"(anonymous_6)","decl":{"start":{"line":86,"column":21},"end":{"line":86,"column":22}},"loc":{"start":{"line":86,"column":28},"end":{"line":86,"column":75}},"line":86},"7":{"name":"(anonymous_7)","decl":{"start":{"line":91,"column":13},"end":{"line":91,"column":14}},"loc":{"start":{"line":91,"column":19},"end":{"line":93,"column":7}},"line":91},"8":{"name":"(anonymous_8)","decl":{"start":{"line":98,"column":27},"end":{"line":98,"column":28}},"loc":{"start":{"line":98,"column":39},"end":{"line":165,"column":3}},"line":98},"9":{"name":"(anonymous_9)","decl":{"start":{"line":124,"column":10},"end":{"line":124,"column":11}},"loc":{"start":{"line":124,"column":24},"end":{"line":124,"column":65}},"line":124},"10":{"name":"(anonymous_10)","decl":{"start":{"line":135,"column":10},"end":{"line":135,"column":11}},"loc":{"start":{"line":135,"column":24},"end":{"line":135,"column":65}},"line":135},"11":{"name":"(anonymous_11)","decl":{"start":{"line":170,"column":33},"end":{"line":170,"column":34}},"loc":{"start":{"line":170,"column":39},"end":{"line":170,"column":75}},"line":170},"12":{"name":"(anonymous_12)","decl":{"start":{"line":190,"column":24},"end":{"line":190,"column":25}},"loc":{"start":{"line":190,"column":31},"end":{"line":190,"column":69}},"line":190},"13":{"name":"(anonymous_13)","decl":{"start":{"line":200,"column":26},"end":{"line":200,"column":27}},"loc":{"start":{"line":201,"column":12},"end":{"
[...]
olumn":51},"end":{"line":178,"column":3}},"line":165},"27":{"name":"(anonymous_27)","decl":{"start":{"line":186,"column":20},"end":{"line":186,"column":21}},"loc":{"start":{"line":186,"column":25},"end":{"line":186,"column":88}},"line":186},"28":{"name":"(anonymous_28)","decl":{"start":{"line":189,"column":4},"end":{"line":189,"column":5}},"loc":{"start":{"line":189,"column":9},"end":{"line":189,"column":97}},"line":189},"29":{"name":"(anonymous_29)","decl":{"start":{"line":193,"column":19},"end":{"line":193,"column":20}},"loc":{"start":{"line":193,"column":71},"end":{"line":215,"column":3}},"line":193},"30":{"name":"(anonymous_30)","decl":{"start":{"line":209,"column":35},"end":{"line":209,"column":36}},"loc":{"start":{"line":209,"column":43},"end":{"line":213,"column":7}},"line":209},"31":{"name":"(anonymous_31)","decl":{"start":{"line":218,"column":40},"end":{"line":218,"column":41}},"loc":{"start":{"line":218,"column":54},"end":{"line":221,"column":3}},"line":218},"32":{"name":"(anonymous_32)","decl":{"start":{"line":224,"column":23},"end":{"line":224,"column":24}},"loc":{"start":{"line":224,"column":35},"end":{"line":242,"column":3}},"line":224},"33":{"name":"(anonymous_33)","decl":{"start":{"line":228,"column":44},"end":{"line":228,"column":45}},"loc":{"start":{"line":229,"column":8},"end":{"line":229,"column":78}},"line":229},"34":{"name":"(anonymous_34)","decl":{"start":{"line":232,"column":21},"end":{"line":232,"column":22}},"loc":{"start":{"line":232,"column":36},"end":{"line":236,"column":9}},"line":232},"35":{"name":"(anonymous_35)","decl":{"start":{"line":245,"column":26},"end":{"line":245,"column":27}},"loc":{"start":{"line":245,"column":52},"end":{"line":269,"column":3}},"line":245},"36":{"name":"(anonymous_36)","decl":{"start":{"line":274,"column":29},"end":{"line":274,"column":30}},"loc":{"start":{"line":274,"column":55},"end":{"line":279,"column":3}},"line":274},"37":{"name":"(anonymous_37)","decl":{"start":{"line":276,"column":48},"end":{"line":276,"column":49}},"loc":{"start":{"line":276,"column":54},"end":{"line":276,"column":67}},"line":276}},"branchMap":{"0":{"loc":{"start":{"line":9,"column":19},"end":{"line":9,"column":69}},"type":"binary-expr","locations":[{"start":{"line":9,"column":19},"end":{"line":9,"column":63}},{"start":{"line":9,"column":67},"end":{"line":9,"column":69}}],"line":9},"1":{"loc":{"start":{"line":10,"column":27},"end":{"line":10,"column":86}},"type":"binary-expr","locations":[{"start":{"line":10,"column":27},"end":{"line":10,"column":80}},{"start":{"line":10,"column":84},"end":{"line":10,"column":86}}],"line":10},"2":{"loc":{"start":{"line":11,"column":26},"end":{"line":11,"column":84}},"type":"binary-expr","locations":[{"start":{"line":11,"column":26},"end":{"line":11,"column":78}},{"start":{"line":11,"column":82},"end":{"line":11,"column":84}}],"line":11},"3":{"loc":{"start":{"line":12,"column":29},"end":{"line":12,"column":90}},"type":"binary-expr","locations":[{"start":{"line":12,"column":29},"end":{"line":12,"column":84}},{"start":{"line":12,"column":88},"end":{"line":12,"column":90}}],"line":12},"4":{"loc":{"start":{"line":13,"column":32},"end":{"line":13,"column":96}},"type":"binary-expr","locations":[{"start":{"line":13,"column":32},"end":{"line":13,"column":90}},{"start":{"line":13,"column":94},"end":{"line":13,"column":96}}],"line":13},"5":{"loc":{"start":{"line":34,"column":4},"end":{"line":34,"column":25}},"type":"if","locations":[{"start":{"line":34,"column":4},"end":{"line":34,"column":25}},{"start":{},"end":{}}],"line":34},"6":{"loc":{"start":{"line":37,"column":15},"end":{"line":37,"column":60}},"type":"cond-expr","locations":[{"start":{"line":37,"column":40},"end":{"line":37,"column":50}},{"start":{"line":37,"column":53},"end":{"line":37,"column":60}}],"line":37},"7":{"loc":{"start":{"line":45,"column":19},"end":{"line":45,"column":36}},"type":"binary-expr","locations":[{"start":{"line":45,"column":19},"end":{"line":45,"column":30}},{"start":{"line":45,"column":34},"end":{"line":45,"column":36}}],"line":45},"8":{"loc":{"start":{"line":58,"column":4},"end":{"line":58,"column":25}},"type":"if","locations":[{"start":{"line":58,"column":4},"end":{"line":58,"column":25}},{"start":{},"end":{}}],"line":58},"9":{"loc":{"start":{"line":79,"column":4},"end":{"line":79,"column":25}},"type":"if","locations":[{"start":{"line":79,"column":4},"end":{"line":79,"column":25}},{"start":{},"end":{}}],"line":79},"10":{"loc":{"start":{"line":97,"column":6},"end":{"line":97,"column":27}},"type":"if","locations":[{"start":{"line":97,"column":6},"end":{"line":97,"column":27}},{"start":{},"end":{}}],"line":97},"11":{"loc":{"start":{"line":112,"column":24},"end":{"line":112,"column":48}},"type":"binary-expr","locations":[{"start":{"line":112,"column":24},"end":{"line":112,"column":36}},{"start":{"line":112,"column":40},"end":{"line":112,"column":48}}],"line":112},"12":{"loc":{"start":{"line":137,"column":4},"end":{"line":140,"column":5}},"type":"if","locations":[{"start":{"line":137,"column":4},"end":{"line":140,"column":5}},{"start":{},"end":{}}],"line":137},"13":{"loc":{"start":{"line":137,"column":8},"end":{"line":137,"column":39}},"type":"binary-expr","locations":[{"start":{"line":137,"column":8},"end":{"line":137,"column":14}},{"start":{"line":137,"column":18},"end":{"line":137,"column":39}}],"line":137},"14":{"loc":{"start":{"line":149,"column":20},"end":{"line":149,"column":42}},"type":"binary-expr","locations":[{"start":{"line":149,"column":20},"end":{"line":149,"column":34}},{"start":{"line":149,"column":38},"end":{"line":149,"column":42}}],"line":149},"15":{"loc":{"start":{"line":162,"column":11},"end":{"line":162,"column":46}},"type":"cond-expr","locations":[{"start":{"line":162,"column":21},"end":{"line":162,"column":37}},{"start":{"line":162,"column":40},"end":{"line":162,"column":46}}],"line":162},"16":{"loc":{"start":{"line":173,"column":13},"end":{"line":173,"column":47}},"type":"binary-expr","locations":[{"start":{"line":173,"column":13},"end":{"line":173,"column":29}},{"start":{"line":173,"column":33},"end":{"line":173,"column":47}}],"line":173},"17":{"loc":{"start":{"line":181,"column":19},"end":{"line":181,"column":87}},"type":"cond-expr","locations":[{"start":{"line":181,"column":27},"end":{"line":181,"column":82}},{"start":{"line":181,"column":85},"end":{"line":181,"column":87}}],"line":181},"18":{"loc":{"start":{"line":182,"column":25},"end":{"line":182,"column":68}},"type":"cond-expr","locations":[{"start":{"line":182,"column":33},"end":{"line":182,"column":63}},{"start":{"line":182,"column":66},"end":{"line":182,"column":68}}],"line":182},"19":{"loc":{"start":{"line":194,"column":4},"end":{"line":194,"column":23}},"type":"if","locations":[{"start":{"line":194,"column":4},"end":{"line":194,"column":23}},{"start":{},"end":{}}],"line":194},"20":{"loc":{"start":{"line":220,"column":18},"end":{"line":220,"column":38}},"type":"cond-expr","locations":[{"start":{"line":220,"column":31},"end":{"line":220,"column":32}},{"start":{"line":220,"column":35},"end":{"line":220,"column":38}}],"line":220},"21":{"loc":{"start":{"line":235,"column":18},"end":{"line":235,"column":36}},"type":"binary-expr","locations":[{"start":{"line":235,"column":18},"end":{"line":235,"column":28}},{"start":{"line":235,"column":32},"end":{"line":235,"column":36}}],"line":235},"22":{"loc":{"start":{"line":246,"column":4},"end":{"line":249,"column":5}},"type":"if","locations":[{"start":{"line":246,"column":4},"end":{"line":249,"column":5}},{"start":{},"end":{}}],"line":246},"23":{"loc":{"start":{"line":250,"column":4},"end":{"line":253,"column":5}},"type":"if","locations":[{"start":{"line":250,"column":4},"end":{"line":253,"column":5}},{"start":{},"end":{}}],"line":250},"24":{"loc":{"start":{"line":275,"column":4},"end":{"line":275,"column":23}},"type":"if","locations":[{"start":{"line":275,"column":4},"end":{"line":275,"column":23}},{"start":{},"end":{}}],"line":275},"25":{"loc":{"start":{"line":299,"column":20},"end":{"line":299,"column":90}},"type":"cond-expr","locations":[{"start":{"line":299,"column":38},"end":{"line":299,"column":46}},{"start":{"line":299,"column":49},"end":{"line":299,"column":90}}],"line":299}},"s":{"0":0,"1":0,"2":0,"3":0,"4":0,"5":0,"6":0,"7":0,"8":0,"9":0,"10":0,"11":0,"12":0,"13":0,"14":0,"15":0,"16":0,"17":0,"18":0,"19":0,"20":0,"21":0,"22":0,"23":0,"24":0,"25":0,"26":0,"27":0,"28":0,"29":0,"30":0,"31":0,"32":0,"33":0,"34":0,"35":0,"36":0,"37":0,"38":0,"39":0,"40":0,"41":0,"42":0,"43":0,"44":0,"45":0,"46":0,"47":0,"48":0,"49":0,"50":0,"51":0,"52":0,"53":0,"54":0,"55":0,"56":0,"57":0,"58":0,"59":0,"60":0,"61":0,"62":0,"63":0,"64":0,"65":0,"66":0,"67":0,"68":0,"69":0,"70":0,"71":0,"72":0,"73":0,"74":0,"75":0,"76":0,"77":0,"78":0,"79":0,"80":0,"81":0,"82":0,"83":0,"84":0,"85":0,"86":0,"87":0,"88":0,"89":0,"90":0,"91":0,"92":0,"93":0,"94":0,"95":0,"96":0,"97":0,"98":0,"99":0,"100":0,"101":0,"102":0,"103":0,"104":0,"105":0,"106":0,"107":0,"108":0,"109":0,"110":0,"111":0,"112":0,"113":0,"114":0,"115":0,"116":0,"117":0,"118":0,"119":0,"120":0,"121":0,"122":0,"123":0,"124":0,"125":0,"126":0,"127":0},"f":{"0":0,"1":0,"2":0,"3":0,"4":0,"5":0,"6":0,"7":0,"8":0,"9":0,"10":0,"11":0,"12":0,"13":0,"14":0,"15":0,"16":0,"17":0,"18":0,"19":0,"20":0,"21":0,"22":0,"23":0,"24":0,"25":0,"26":0,"27":0,"28":0,"29":0,"30":0,"31":0,"32":0,"33":0,"34":0,"35":0,"36":0,"37":0},"b":{"0":[0,0],"1":[0,0],"2":[0,0],"3":[0,0],"4":[0,0],"5":[0,0],"6":[0,0],"7":[0,0],"8":[0,0],"9":[0,0],"10":[0,0],"11":[0,0],"12":[0,0],"13":[0,0],"14":[0,0],"15":[0,0],"16":[0,0],"17":[0,0],"18":[0,0],"19":[0,0],"20":[0,0],"21":[0,0],"22":[0,0],"23":[0,0],"24":[0,0],"25":[0,0]}}
,"/Users/raynergoh/Orbital/BudgetBuddy/hooks/useGroups.ts": {"path":"/Users/raynergoh/Orbital/BudgetBuddy/hooks/useGroups.ts","statementMap":{"0":{"start":{"line":5,"column":20},"end":{"line":5,"column":45}},"1":{"start":{"line":8,"column":4},"end":{"line":10,"column":5}},"2":{"start":{"line":9,"column":8},"end":{"line":9,"column":70}},"3":{"start":{"line":13,"column":4},"end":{"line":13,"column":18}}},"fnMap":{"0":{"name":"useGroups","decl":{"start":{"line":4,"column":16},"end":{"line":4,"column":25}},"loc":{"start":{"line":4,"column":28},"end":{"line":14,"column":1}},"line":4}},"branchMap":{"0":{"loc":{"start":{"line":8,"column":4},"end":{"line":10,"column":5}},"type":"if","locations":[{"start":{"line":8,"column":4},"end":{"line":10,"column":5}},{"start":{},"end":{}}],"line":8}},"s":{"0":0,"1":0,"2":0,"3":0},"f":{"0":0},"b":{"0":[0,0]}}
,"/Users/raynergoh/Orbital/BudgetBuddy/hooks/useThemeColor.ts": {"path":"/Users/raynergoh/Orbital/BudgetBuddy/hooks/useThemeColor.ts","statementMap":{"0":{"start":{"line":13,"column":16},"end":{"line":13,"column":43}},"1":{"start":{"line":14,"column":25},"end":{"line":14,"column":37}},"2":{"start":{"line":16,"column":2},"end":{"line":20,"column":3}},"3":{"start":{"line":17,"column":4},"end":{"line":17,"column":26}},"4":{"start":{"line":19,"column":4},"end":{"line":19,"column":36}}},"fnMap":{"0":{"name":"useThemeColor","decl":{"start":{"line":9,"column":16},"end":{"line":9,"column":29}},"loc":{"start":{"line":12,"column":2},"end":{"line":21,"column":1}},"line":12}},"branchMap":{"0":{"loc":{"start":{"line":13,"column":16},"end":{"line":13,"column":43}},"type":"binary-expr","locations":[{"start":{"line":13,"column":16},"end":{"line":13,"column":32}},{"start":{"line":13,"column":36},"end":{"line":13,"column":43}}],"line":13},"1":{"loc":{"start":{"line":16,"column":2},"end":{"line":20,"column":3}},"type":"if","locations":[{"start":{"line":16,"column":2},"end":{"line":20,"column":3}},{"start":{"line":18,"column":9},"end":{"line":20,"column":3}}],"line":16}},"s":{"0":0,"1":0,"2":0,"3":0,"4":0},"f":{"0":0},"b":{"0":[0,0],"1":[0,0]}}
,"/Users/raynergoh/Orbital/BudgetBuddy/hooks/useUser.ts": {"path":"/Users/raynergoh/Orbital/BudgetBuddy/hooks/useUser.ts","statementMap":{"0":{"start":{"line":5,"column":20},"end":{"line":5,"column":43}},"1":{"start":{"line":8,"column":4},"end":{"line":10,"column":5}},"2":{"start":{"line":9,"column":8},"end":{"line":9,"column":69}},"3":{"start":{"line":13,"column":4},"end":{"line":13,"column":18}}},"fnMap":{"0":{"name":"useUser","decl":{"start":{"line":4,"column":16},"end":{"line":4,"column":23}},"loc":{"start":{"line":4,"column":26},"end":{"line":14,"column":1}},"line":4}},"branchMap":{"0":{"loc":{"start":{"line":8,"column":4},"end":{"line":10,"column":5}},"type":"if","locations":[{"start":{"line":8,"column":4},"end":{"line":10,"column":5}},{"start":{},"end":{}}],"line":8}},"s":{"0":20,"1":20,"2":0,"3":20},"f":{"0":20},"b":{"0":[0,20]},"_coverageSchema":"1a1c01bbd47fc00a2c39e90264f33305004495a9","hash":"9f0304c993ee1e443b79ad57cb346486dded4bbe"}
,"/Users/raynergoh/Orbital/BudgetBuddy/lib/appwrite.js": {"path":"/Users/raynergoh/Orbital/BudgetBuddy/lib/appwrite.js","statementMap":{"0":{"start":{"line":4,"column":22},"end":{"line":7,"column":43}},"1":{"start":{"line":9,"column":23},"end":{"line":9,"column":42}},"2":{"start":{"line":10,"column":23},"end":{"line":10,"column":42}},"3":{"start":{"line":11,"column":25},"end":{"line":11,"column":46}}},"fnMap":{},"branchMap":{},"s":{"0":0,"1":0,"2":0,"3":0},"f":{},"b":{}}
,"/Users/raynergoh/Orbital/BudgetBuddy/scripts/reset-project.js": {"path":"/Users/raynergoh/Orbital/BudgetBuddy/scripts/reset-project.js","statementMap":{"0":{"start":{"line":9,"column":11},"end":{"line":9,"column":24}},"1":{"start":{"line":10,"column":13},"end":{"line":10,"column":28}},"2":{"start":{"line":11,"column":17},"end":{"line":11,"column":36}},"3":{"start":{"line":13,"column":13},"end":{"line":13,"column":26}},"4":{"start":{"line":14,"column":16},"end":{"line":14,"column":70}},"5":{"start":{"line":15,"column":19},"end":{"line":15,"column":32}},"6":{"start":{"line":16,"column":18},"end":{"line":16,"column":23}},"7":{"start":{"line":17,"column":23},"end":{"line":17,"column":50}},"8":{"start":{"line":19,"column":21},"end":{"line":34,"column":1}},"9":{"start":{"line":36,"column":22},"end":{"line":41,"column":1}},"10":{"start":{"line":43,"column":11},"end":{"line":46,"column":2}},"11":{"start":{"line":48,"column":24},"end":{"line":99,"column":1}},"12":{"start":{"line":49,"column":2},"end":{"line":98,"column":3}},"13":{"start":{"line":50,"column":4},"end":{"line":54,"column":5}},"14":{"start":{"line":52,"column":6},"end":{"line":52,"column":67}},"15":{"start":{"line":53,"column":6},"end":{"line":53,"column":58}},"16":{"start":{"line":57,"column":4},"end":{"line":71,"column":5}},"17":{"start":{"line":58,"column":25},"end":{"line":58,"column":45}},"18":{"start":{"line":59,"column":6},"end":{"line":70,"column":7}},"19":{"start":{"line":60,"column":8},"end":{"line":67,"column":9}},"20":{"start":{"line":61,"column":29},"end":{"line":61,"column":61}},"21":{"start":{"line":62,"column":10},"end":{"line":62,"column":59}},"22":{"start":{"line":63,"column":10},"end":{"line":63,"column":68}},"23":{"start":{"line":65,"column":10},"end":{"line":65,"column":77}},"24":{"start":{"line":66,"column":10},"end":{"line":66,"column":44}},"25":{"start":{"line":69,"column":8},"end":{"line":69,"column":60}},"26":{"start":{"line":74,"column":26},"end":{"line":74,"column":52}},"27":{"start":{"line":75,"column":4},"end":{"line":75,"column":64}},"28":{"start":{"line":76,"column":4},"end":{"line":76,"column":52}},"29":{"start":{"line":79,"column":22},"end":{"line":79,"column":59}},"30":{"start":{"line":80,"column":4},"end":{"line":80,"column":57}},"31":{"start":{"line":81,"column":4},"end":{"line":81,"column":45}},"32":{"start":{"line":84,"column":23},"end":{"line":84,"column":62}},"33":{"start":{"line":85,"column":4},"end":{"line":85,"column":59}},"34":{"start":{"line":86,"column":4},"end":{"line":86,"column":47}},"35":{"start":{"line":88,"column":4},"end":{"line":88,"column":59}},"36":{"start":{"line":89,"column":4},"end":{"line":95,"column":6}},"37":{"start":{"line":97,"column":4},"end":{"line":97,"column":71}},"38":{"start":{"line":101,"column":0},"end":{"line":112,"column":2}},"39":{"start":{"line":104,"column":22},"end":{"line":104,"column":56}},"40":{"start":{"line":105,"column":4},"end":{"line":110,"column":5}},"41":{"start":{"line":106,"column":6},"end":{"line":106,"column":59}},"42":{"start":{"line":106,"column":47},"end":{"line":106,"column":57}},"43":{"start":{"line":108,"column":6},"end":{"line":108,"column":63}},"44":{"start":{"line":109,"column":6},"end":{"line":109,"column":17}}},"fnMap":{"0":{"name":"(anonymous_0)","decl":{"start":{"line":48,"column":24},"end":{"line":48,"column":25}},"loc":{"start":{"line":48,"column":45},"end":{"line":99,"column":1}},"line":48},"1":{"name":"(anonymous_1)","decl":{"start":{"line":103,"column":2},"end":{"line":103,"column":3}},"loc":{"start":{"line":103,"column":14},"end":{"line":111,"column":3}},"line":103},"2":{"name":"(anonymous_2)","decl":{"start":{"line":106,"column":41},"end":{"line":106,"column":42}},"loc":{"start":{"line":106,"column":47},"end":{"line":106,"column":57}},"line":106}},"branchMap":{"0":{"loc":{"start":{"line":50,"column":4},"end":{"line":54,"column":5}},"type":"if","locations":[{"start":{"line":50,"column":4},"end":{"line":54,"column":5}},{"start":{},"end":{}}],"line":50},"1":{"loc":{"start":{"line":59,"column":6},"end":{"line":70,"column":7}},"type":"if","locations":[{"start":{"line":59,"column":6},"end":{"line":70,"column":7}},{"start":{"line":68,"column":13},"end":{"line":70,"column":7}}],"line":59},"2":{"loc":{"start":{"line":60,"column":8},"end":{"line":67,"column":9}},"type":"if","locations":[{"start":{"line":60,"column":8},"end":{"line":67,"column":9}},{"start":{"line":64,"column":15},"end":{"line":67,"column":9}}],"line":60},"3":{"loc":{"start":{"line":91,"column":8},"end":{"line":93,"column":14}},"type":"cond-expr","locations":[{"start":{"line":92,"column":12},"end":{"line":92,"column":87}},{"start":{"line":93,"column":12},"end":{"line":93,"column":14}}],"line":91},"4":{"loc":{"start":{"line":104,"column":22},"end":{"line":104,"column":56}},"type":"binary-expr","locations":[{"start":{"line":104,"column":22},"end":{"line":104,"column":49}},{"start":{"line":104,"column":53},"end":{"line":104,"column":56}}],"line":104},"5":{"loc":{"start":{"line":105,"column":4},"end":{"line":110,"column":5}},"type":"if","locations":[{"start":{"line":105,"column":4},"end":{"line":110,"column":5}},{"start":{"line":107,"column":11},"end":{"line":110,"column":5}}],"line":105},"6":{"loc":{"start":{"line":105,"column":8},"end":{"line":105,"column":46}},"type":"binary-expr","locations":[{"start":{"line":105,"column":8},"end":{"line":105,"column":25}},{"start":{"line":105,"column":29},"end":{"line":105,"column":46}}],"line":105}},"s":{"0":0,"1":0,"2":0,"3":0,"4":0,"5":0,"6":0,"7":0,"8":0,"9":0,"10":0,"11":0,"12":0,"13":0,"14":0,"15":0,"16":0,"17":0,"18":0,"19":0,"20":0,"21":0,"22":0,"23":0,"24":0,"25":0,"26":0,"27":0,"28":0,"29":0,"30":0,"31":0,"32":0,"33":0,"34":0,"35":0,"36":0,"37":0,"38":0,"39":0,"40":0,"41":0,"42":0,"43":0,"44":0},"f":{"0":0,"1":0,"2":0},"b":{"0":[0,0],"1":[0,0],"2":[0,0],"3":[0,0],"4":[0,0],"5":[0,0],"6":[0,0]}}
,"/Users/raynergoh/Orbital/BudgetBuddy/types/expense.ts": {"path":"/Users/raynergoh/Orbital/BudgetBuddy/types/expense.ts","statementMap":{},"fnMap":{},"branchMap":{},"s":{},"f":{},"b":{}}
,"/Users/raynergoh/Orbital/BudgetBuddy/types/group.ts": {"path":"/Users/raynergoh/Orbital/BudgetBuddy/types/group.ts","statementMap":{},"fnMap":{},"branchMap":{},"s":{},"f":{},"b":{}}
,"/Users/raynergoh/Orbital/BudgetBuddy/types/index.ts": {"path":"/Users/raynergoh/Orbital/BudgetBuddy/types/index.ts","statementMap":{},"fnMap":{},"branchMap":{},"s":{},"f":{},"b":{}}
,"/Users/raynergoh/Orbital/BudgetBuddy/types/settlement.ts": {"path":"/Users/raynergoh/Orbital/BudgetBuddy/types/settlement.ts","statementMap":{},"fnMap":{},"branchMap":{},"s":{},"f":{},"b":{}}
,"/Users/raynergoh/Orbital/BudgetBuddy/types/user.ts": {"path":"/Users/raynergoh/Orbital/BudgetBuddy/types/user.ts","statementMap":{},"fnMap":{},"branchMap":{},"s":{},"f":{},"b":{}}
}
