TN:
SF:app.config.js
FN:4,(anonymous_0)
FNF:1
FNH:0
FNDA:0,(anonymous_0)
DA:4,0
LF:1
LH:0
BRF:0
BRH:0
end_of_record
TN:
SF:env.d.ts
FNF:0
FNH:0
LF:0
LH:0
BRF:0
BRH:0
end_of_record
TN:
SF:env.ts
FNF:0
FNH:0
DA:9,0
DA:11,0
DA:12,0
DA:15,0
DA:16,0
LF:5
LH:0
BRDA:11,0,0,0
BRDA:11,0,1,0
BRDA:11,1,0,0
BRDA:11,1,1,0
BRF:4
BRH:0
end_of_record
TN:
SF:eslint.config.js
FNF:0
FNH:0
DA:2,0
DA:3,0
DA:5,0
LF:3
LH:0
BRF:0
BRH:0
end_of_record
TN:
SF:app/+not-found.tsx
FN:7,NotFoundScreen
FNF:1
FNH:0
FNDA:0,NotFoundScreen
DA:8,0
DA:21,0
LF:2
LH:0
BRF:0
BRH:0
end_of_record
TN:
SF:app/_layout.tsx
FN:11,RootLayout
FNF:1
FNH:0
FNDA:0,RootLayout
DA:12,0
DA:13,0
DA:17,0
DA:19,0
DA:22,0
LF:5
LH:0
BRDA:17,0,0,0
BRDA:17,0,1,0
BRDA:25,1,0,0
BRDA:25,1,1,0
BRF:4
BRH:0
end_of_record
TN:
SF:app/index.tsx
FN:11,HomeScreen
FNF:1
FNH:0
FNDA:0,HomeScreen
DA:12,0
DA:47,0
LF:2
LH:0
BRF:0
BRH:0
end_of_record
TN:
SF:app/(auth)/_layout.tsx
FN:12,AuthLayout
FNF:1
FNH:0
FNDA:0,AuthLayout
DA:14,0
DA:16,0
DA:17,0
DA:19,0
LF:4
LH:0
BRDA:21,0,0,0
BRDA:21,0,1,0
BRF:2
BRH:0
end_of_record
TN:
SF:app/(auth)/login.tsx
FN:14,(anonymous_0)
FN:21,(anonymous_1)
FNF:2
FNH:0
FNDA:0,(anonymous_0)
FNDA:0,(anonymous_1)
DA:14,0
DA:15,0
DA:16,0
DA:17,0
DA:19,0
DA:21,0
DA:22,0
DA:24,0
DA:25,0
DA:28,0
DA:29,0
DA:31,0
DA:36,0
DA:88,0
LF:14
LH:0
BRDA:28,0,0,0
BRDA:28,0,1,0
BRDA:67,1,0,0
BRDA:67,1,1,0
BRF:4
BRH:0
end_of_record
TN:
SF:app/(auth)/register.tsx
FN:14,(anonymous_0)
FN:22,(anonymous_1)
FNF:2
FNH:0
FNDA:0,(anonymous_0)
FNDA:0,(anonymous_1)
DA:14,0
DA:15,0
DA:16,0
DA:17,0
DA:18,0
DA:20,0
DA:22,0
DA:23,0
DA:25,0
DA:26,0
DA:29,0
DA:30,0
DA:32,0
DA:36,0
DA:91,0
LF:15
LH:0
BRDA:29,0,0,0
BRDA:29,0,1,0
BRDA:72,1,0,0
BRDA:72,1,1,0
BRF:4
BRH:0
end_of_record
TN:
SF:app/(tabs)/_layout.tsx
FN:12,TabLayout
FN:42,(anonymous_1)
FN:49,(anonymous_2)
FN:56,(anonymous_3)
FNF:4
FNH:0
FNDA:0,TabLayout
FNDA:0,(anonymous_1)
FNDA:0,(anonymous_2)
FNDA:0,(anonymous_3)
DA:13,0
DA:15,0
DA:42,0
DA:49,0
DA:56,0
LF:5
LH:0
BRDA:19,0,0,0
BRDA:19,0,1,0
BRF:2
BRH:0
end_of_record
TN:
SF:app/(tabs)/home.tsx
FN:9,HomeScreen
FNF:1
FNH:0
FNDA:0,HomeScreen
DA:10,0
DA:28,0
LF:2
LH:0
BRF:0
BRH:0
end_of_record
TN:
SF:app/(tabs)/profile.tsx
FN:33,Profile
FN:51,(anonymous_1)
FN:60,(anonymous_2)
FN:62,(anonymous_3)
FN:80,(anonymous_4)
FN:82,(anonymous_5)
FN:88,(anonymous_6)
FN:93,(anonymous_7)
FN:102,(anonymous_8)
FN:111,(anonymous_9)
FN:116,(anonymous_10)
FN:188,(anonymous_11)
FN:193,(anonymous_12)
FN:237,(anonymous_13)
FN:328,(anonymous_14)
FN:337,(anonymous_15)
FNF:16
FNH:0
FNDA:0,Profile
FNDA:0,(anonymous_1)
FNDA:0,(anonymous_2)
FNDA:0,(anonymous_3)
FNDA:0,(anonymous_4)
FNDA:0,(anonymous_5)
FNDA:0,(anonymous_6)
FNDA:0,(anonymous_7)
FNDA:0,(anonymous_8)
FNDA:0,(anonymous_9)
FNDA:0,(anonymous_10)
FNDA:0,(anonymous_11)
FNDA:0,(anonymous_12)
FNDA:0,(anonymous_13)
FNDA:0,(anonymous_14)
FNDA:0,(anonymous_15)
DA:26,0
DA:27,0
DA:28,0
DA:29,0
DA:30,0
DA:31,0
DA:34,0
DA:35,0
DA:37,0
DA:38,0
DA:39,0
DA:40,0
DA:41,0
DA:42,0
DA:43,0
DA:44,0
DA:47,0
DA:48,0
DA:49,0
DA:51,0
DA:52,0
DA:54,0
DA:61,0
DA:62,0
DA:64,0
DA:65,0
DA:66,0
DA:67,0
DA:70,0
DA:81,0
DA:82,0
DA:83,0
DA:84,0
DA:86,0
DA:89,0
DA:90,0
DA:94,0
DA:95,0
DA:96,0
DA:102,0
DA:103,0
DA:104,0
DA:105,0
DA:106,0
DA:110,0
DA:112,0
DA:116,0
DA:117,0
DA:118,0
DA:119,0
DA:120,0
DA:121,0
DA:123,0
DA:124,0
DA:130,0
DA:131,0
DA:132,0
DA:133,0
DA:135,0
DA:136,0
DA:137,0
DA:138,0
DA:139,0
DA:141,0
DA:142,0
DA:143,0
DA:149,0
DA:151,0
DA:160,0
DA:161,0
DA:163,0
DA:164,0
DA:165,0
DA:168,0
DA:169,0
DA:170,0
DA:171,0
DA:174,0
DA:175,0
DA:176,0
DA:177,0
DA:179,0
DA:181,0
DA:183,0
DA:188,0
DA:189,0
DA:190,0
DA:193,0
DA:194,0
DA:195,0
DA:196,0
DA:197,0
DA:198,0
DA:200,0
DA:204,0
DA:208,0
DA:209,0
DA:216,0
DA:217,0
DA:232,0
DA:237,0
DA:328,0
DA:337,0
DA:359,0
LF:104
LH:0
BRDA:27,0,0,0
BRDA:27,0,1,0
BRDA:28,1,0,0
BRDA:28,1,1,0
BRDA:29,2,0,0
BRDA:29,2,1,0
BRDA:30,3,0,0
BRDA:30,3,1,0
BRDA:52,4,0,0
BRDA:52,4,1,0
BRDA:64,5,0,0
BRDA:64,5,1,0
BRDA:84,6,0,0
BRDA:84,6,1,0
BRDA:103,7,0,0
BRDA:103,7,1,0
BRDA:104,8,0,0
BRDA:104,8,1,0
BRDA:105,9,0,0
BRDA:105,9,1,0
BRDA:105,9,2,0
BRDA:106,10,0,0
BRDA:106,10,1,0
BRDA:119,11,0,0
BRDA:119,11,1,0
BRDA:131,12,0,0
BRDA:131,12,1,0
BRDA:146,13,0,0
BRDA:146,13,1,0
BRDA:168,14,0,0
BRDA:168,14,1,0
BRDA:170,15,0,0
BRDA:170,15,1,0
BRDA:176,16,0,0
BRDA:176,16,1,0
BRDA:201,17,0,0
BRDA:201,17,1,0
BRDA:208,18,0,0
BRDA:208,18,1,0
BRDA:216,19,0,0
BRDA:216,19,1,0
BRDA:243,20,0,0
BRDA:243,20,1,0
BRDA:245,21,0,0
BRDA:245,21,1,0
BRDA:247,22,0,0
BRDA:247,22,1,0
BRDA:254,23,0,0
BRDA:254,23,1,0
BRDA:260,24,0,0
BRDA:260,24,1,0
BRDA:262,25,0,0
BRDA:262,25,1,0
BRDA:277,26,0,0
BRDA:277,26,1,0
BRDA:277,27,0,0
BRDA:277,27,1,0
BRDA:304,28,0,0
BRDA:304,28,1,0
BRDA:321,29,0,0
BRDA:321,29,1,0
BRDA:325,30,0,0
BRDA:325,30,1,0
BRF:63
BRH:0
end_of_record
TN:
SF:app/(tabs)/settings.tsx
FN:19,SettingsPage
FN:32,(anonymous_1)
FN:55,(anonymous_2)
FN:66,(anonymous_3)
FN:99,(anonymous_4)
FN:172,(anonymous_5)
FNF:6
FNH:0
FNDA:0,SettingsPage
FNDA:0,(anonymous_1)
FNDA:0,(anonymous_2)
FNDA:0,(anonymous_3)
FNDA:0,(anonymous_4)
FNDA:0,(anonymous_5)
DA:13,0
DA:17,0
DA:20,0
DA:21,0
DA:24,0
DA:25,0
DA:26,0
DA:27,0
DA:28,0
DA:29,0
DA:32,0
DA:33,0
DA:34,0
DA:35,0
DA:36,0
DA:37,0
DA:39,0
DA:40,0
DA:41,0
DA:42,0
DA:43,0
DA:44,0
DA:46,0
DA:48,0
DA:51,0
DA:55,0
DA:66,0
DA:99,0
DA:173,0
DA:174,0
DA:175,0
DA:176,0
DA:177,0
LF:33
LH:0
BRDA:35,0,0,0
BRDA:35,0,1,0
BRDA:46,1,0,0
BRDA:46,1,1,0
BRDA:157,2,0,0
BRDA:157,2,1,0
BRDA:160,3,0,0
BRDA:160,3,1,0
BRF:8
BRH:0
end_of_record
TN:
SF:app/(tabs)/group/[groupId].tsx
FN:17,GroupDetailScreen
FN:51,(anonymous_1)
FN:99,(anonymous_2)
FN:116,(anonymous_3)
FN:141,(anonymous_4)
FN:180,(anonymous_5)
FN:181,(anonymous_6)
FN:189,(anonymous_7)
FN:212,(anonymous_8)
FNF:9
FNH:0
FNDA:0,GroupDetailScreen
FNDA:0,(anonymous_1)
FNDA:0,(anonymous_2)
FNDA:0,(anonymous_3)
FNDA:0,(anonymous_4)
FNDA:0,(anonymous_5)
FNDA:0,(anonymous_6)
FNDA:0,(anonymous_7)
FNDA:0,(anonymous_8)
DA:18,0
DA:19,0
DA:20,0
DA:47,0
DA:49,0
DA:51,0
DA:52,0
DA:72,0
DA:73,0
DA:79,0
DA:80,0
DA:81,0
DA:87,0
DA:88,0
DA:95,0
DA:99,0
DA:116,0
DA:141,0
DA:180,0
DA:182,0
DA:189,0
DA:212,0
LF:22
LH:0
BRDA:72,0,0,0
BRDA:72,0,1,0
BRDA:79,1,0,0
BRDA:79,1,1,0
BRDA:87,2,0,0
BRDA:87,2,1,0
BRDA:96,3,0,0
BRDA:96,3,1,0
BRDA:175,4,0,0
BRDA:175,4,1,0
BRDA:196,5,0,0
BRDA:196,5,1,0
BRF:12
BRH:0
end_of_record
TN:
SF:app/(tabs)/group/create.tsx
FN:16,(anonymous_0)
FN:26,(anonymous_1)
FNF:2
FNH:0
FNDA:0,(anonymous_0)
FNDA:0,(anonymous_1)
DA:16,0
DA:17,0
DA:18,0
DA:19,0
DA:20,0
DA:22,0
DA:23,0
DA:24,0
DA:26,0
DA:27,0
DA:28,0
DA:29,0
DA:32,0
DA:34,0
DA:35,0
DA:38,0
DA:39,0
DA:42,0
DA:44,0
DA:45,0
DA:48,0
DA:52,0
DA:91,0
LF:23
LH:0
BRDA:27,0,0,0
BRDA:27,0,1,0
BRDA:79,1,0,0
BRDA:79,1,1,0
BRF:4
BRH:0
end_of_record
TN:
SF:app/(tabs)/group/expenseList.tsx
FN:33,(anonymous_0)
FN:45,(anonymous_1)
FN:61,(anonymous_2)
FN:74,(anonymous_3)
FN:77,(anonymous_4)
FN:109,(anonymous_5)
FNF:6
FNH:0
FNDA:0,(anonymous_0)
FNDA:0,(anonymous_1)
FNDA:0,(anonymous_2)
FNDA:0,(anonymous_3)
FNDA:0,(anonymous_4)
FNDA:0,(anonymous_5)
DA:31,0
DA:33,0
DA:40,0
DA:41,0
DA:44,0
DA:45,0
DA:50,0
DA:51,0
DA:56,0
DA:61,0
DA:75,0
DA:78,0
DA:109,0
DA:123,0
LF:14
LH:0
BRDA:34,0,0,0
BRDA:51,1,0,0
BRDA:51,1,1,0
BRDA:60,2,0,0
BRDA:60,2,1,0
BRDA:60,3,0,0
BRDA:60,3,1,0
BRDA:66,4,0,0
BRDA:66,4,1,0
BRDA:68,5,0,0
BRDA:68,5,1,0
BRDA:107,6,0,0
BRDA:107,6,1,0
BRDA:107,7,0,0
BRDA:107,7,1,0
BRF:15
BRH:0
end_of_record
TN:
SF:app/(tabs)/group/groups.tsx
FN:18,GroupsScreen
FN:27,(anonymous_1)
FN:32,(anonymous_2)
FN:59,(anonymous_3)
FN:61,(anonymous_4)
FN:63,(anonymous_5)
FN:75,(anonymous_6)
FNF:7
FNH:0
FNDA:0,GroupsScreen
FNDA:0,(anonymous_1)
FNDA:0,(anonymous_2)
FNDA:0,(anonymous_3)
FNDA:0,(anonymous_4)
FNDA:0,(anonymous_5)
FNDA:0,(anonymous_6)
DA:19,0
DA:20,0
DA:21,0
DA:22,0
DA:23,0
DA:24,0
DA:25,0
DA:27,0
DA:28,0
DA:31,0
DA:33,0
DA:37,0
DA:38,0
DA:41,0
DA:59,0
DA:62,0
DA:63,0
DA:75,0
DA:88,0
LF:19
LH:0
BRDA:23,0,0,0
BRDA:23,0,1,0
BRDA:25,1,0,0
BRDA:25,1,1,0
BRDA:37,2,0,0
BRDA:37,2,1,0
BRF:6
BRH:0
end_of_record
TN:
SF:app/(tabs)/group/membersDropdown.tsx
FN:10,MembersDropdown
FN:25,(anonymous_1)
FN:25,(anonymous_2)
FN:45,(anonymous_3)
FN:49,(anonymous_4)
FN:68,(anonymous_5)
FN:77,(anonymous_6)
FNF:7
FNH:0
FNDA:0,MembersDropdown
FNDA:0,(anonymous_1)
FNDA:0,(anonymous_2)
FNDA:0,(anonymous_3)
FNDA:0,(anonymous_4)
FNDA:0,(anonymous_5)
FNDA:0,(anonymous_6)
DA:18,0
DA:19,0
DA:25,0
DA:46,0
DA:50,0
DA:68,0
DA:77,0
DA:87,0
LF:8
LH:0
BRDA:30,0,0,0
BRDA:30,0,1,0
BRDA:33,1,0,0
BRDA:33,1,1,0
BRDA:40,2,0,0
BRDA:40,2,1,0
BRDA:42,3,0,0
BRDA:42,3,1,0
BRDA:59,4,0,0
BRDA:59,4,1,0
BRDA:59,5,0,0
BRDA:59,5,1,0
BRF:12
BRH:0
end_of_record
TN:
SF:app/(tabs)/group/settlementList.tsx
FN:7,SettlementList
FN:16,(anonymous_1)
FN:21,(anonymous_2)
FN:43,(anonymous_3)
FN:51,(anonymous_4)
FN:73,(anonymous_5)
FN:83,(anonymous_6)
FNF:7
FNH:0
FNDA:0,SettlementList
FNDA:0,(anonymous_1)
FNDA:0,(anonymous_2)
FNDA:0,(anonymous_3)
FNDA:0,(anonymous_4)
FNDA:0,(anonymous_5)
FNDA:0,(anonymous_6)
DA:15,0
DA:16,0
DA:20,0
DA:21,0
DA:22,0
DA:23,0
DA:27,0
DA:28,0
DA:29,0
DA:30,0
DA:31,0
DA:32,0
DA:33,0
DA:34,0
DA:35,0
DA:36,0
DA:38,0
DA:41,0
DA:43,0
DA:44,0
DA:52,0
DA:53,0
DA:54,0
DA:61,0
DA:74,0
DA:83,0
LF:26
LH:0
BRDA:16,0,0,0
BRDA:16,0,1,0
BRDA:22,1,0,0
BRDA:22,1,1,0
BRDA:23,2,0,0
BRDA:23,2,1,0
BRDA:29,3,0,0
BRDA:29,3,1,0
BRDA:31,4,0,0
BRDA:31,4,1,0
BRDA:34,5,0,0
BRDA:34,5,1,0
BRDA:69,6,0,0
BRDA:69,6,1,0
BRF:14
BRH:0
end_of_record
TN:
SF:app/(tabs)/group/[groupId]/addExpense.tsx
FN:28,getInitialState
FN:42,AddExpenseScreen
FN:59,(anonymous_2)
FN:64,(anonymous_3)
FN:77,(anonymous_4)
FN:80,(anonymous_5)
FN:85,(anonymous_6)
FN:90,(anonymous_7)
FN:97,(anonymous_8)
FN:123,(anonymous_9)
FN:134,(anonymous_10)
FN:169,(anonymous_11)
FN:189,(anonymous_12)
FN:199,(anonymous_13)
FN:202,(anonymous_14)
FN:221,(anonymous_15)
FN:226,(anonymous_16)
FN:253,(anonymous_17)
FN:265,(anonymous_18)
FN:270,(anonymous_19)
FN:271,(anonymous_20)
FN:273,(anonymous_21)
FN:302,(anonymous_22)
FN:305,(anonymous_23)
FN:323,(anonymous_24)
FN:324,(anonymous_25)
FN:332,(anonymous_26)
FN:333,(anonymous_27)
FN:370,(anonymous_28)
FNF:29
FNH:0
FNDA:0,getInitialState
FNDA:0,AddExpenseScreen
FNDA:0,(anonymous_2)
FNDA:0,(anonymous_3)
FNDA:0,(anonymous_4)
FNDA:0,(anonymous_5)
FNDA:0,(anonymous_6)
FNDA:0,(anonymous_7)
FNDA:0,(anonymous_8)
FNDA:0,(anonymous_9)
FNDA:0,(anonymous_10)
FNDA:0,(anonymous_11)
FNDA:0,(anonymous_12)
FNDA:0,(anonymous_13)
FNDA:0,(anonymous_14)
FNDA:0,(anonymous_15)
FNDA:0,(anonymous_16)
FNDA:0,(anonymous_17)
FNDA:0,(anonymous_18)
FNDA:0,(anonymous_19)
FNDA:0,(anonymous_20)
FNDA:0,(anonymous_21)
FNDA:0,(anonymous_22)
FNDA:0,(anonymous_23)
FNDA:0,(anonymous_24)
FNDA:0,(anonymous_25)
FNDA:0,(anonymous_26)
FNDA:0,(anonymous_27)
FNDA:0,(anonymous_28)
DA:17,0
DA:18,0
DA:19,0
DA:20,0
DA:22,0
DA:29,0
DA:43,0
DA:44,0
DA:46,0
DA:47,0
DA:48,0
DA:49,0
DA:50,0
DA:51,0
DA:52,0
DA:53,0
DA:54,0
DA:55,0
DA:56,0
DA:58,0
DA:60,0
DA:61,0
DA:64,0
DA:65,0
DA:66,0
DA:67,0
DA:68,0
DA:69,0
DA:70,0
DA:71,0
DA:72,0
DA:73,0
DA:74,0
DA:76,0
DA:78,0
DA:80,0
DA:85,0
DA:90,0
DA:91,0
DA:97,0
DA:98,0
DA:99,0
DA:100,0
DA:101,0
DA:102,0
DA:103,0
DA:104,0
DA:106,0
DA:107,0
DA:108,0
DA:109,0
DA:111,0
DA:112,0
DA:113,0
DA:114,0
DA:116,0
DA:117,0
DA:118,0
DA:119,0
DA:121,0
DA:122,0
DA:123,0
DA:126,0
DA:127,0
DA:128,0
DA:129,0
DA:132,0
DA:133,0
DA:134,0
DA:137,0
DA:138,0
DA:139,0
DA:140,0
DA:144,0
DA:159,0
DA:161,0
DA:163,0
DA:166,0
DA:169,0
DA:189,0
DA:200,0
DA:202,0
DA:222,0
DA:223,0
DA:226,0
DA:253,0
DA:266,0
DA:267,0
DA:271,0
DA:272,0
DA:273,0
DA:303,0
DA:305,0
DA:324,0
DA:325,0
DA:333,0
DA:370,0
DA:391,0
LF:98
LH:0
BRDA:17,0,0,0
BRDA:17,0,1,0
BRDA:18,1,0,0
BRDA:18,1,1,0
BRDA:19,2,0,0
BRDA:19,2,1,0
BRDA:20,3,0,0
BRDA:20,3,1,0
BRDA:32,4,0,0
BRDA:32,4,1,0
BRDA:33,5,0,0
BRDA:33,5,1,0
BRDA:61,6,0,0
BRDA:61,6,1,0
BRDA:65,7,0,0
BRDA:65,7,1,0
BRDA:66,8,0,0
BRDA:66,8,1,0
BRDA:67,9,0,0
BRDA:67,9,1,0
BRDA:68,10,0,0
BRDA:68,10,1,0
BRDA:77,11,0,0
BRDA:77,11,1,0
BRDA:83,12,0,0
BRDA:83,12,1,0
BRDA:101,13,0,0
BRDA:101,13,1,0
BRDA:106,14,0,0
BRDA:106,14,1,0
BRDA:106,15,0,0
BRDA:106,15,1,0
BRDA:106,15,2,0
BRDA:111,16,0,0
BRDA:111,16,1,0
BRDA:116,17,0,0
BRDA:116,17,1,0
BRDA:121,18,0,0
BRDA:121,18,1,0
BRDA:123,19,0,0
BRDA:123,19,1,0
BRDA:126,20,0,0
BRDA:126,20,1,0
BRDA:132,21,0,0
BRDA:132,21,1,0
BRDA:134,22,0,0
BRDA:134,22,1,0
BRDA:137,23,0,0
BRDA:137,23,1,0
BRDA:155,24,0,0
BRDA:155,24,1,0
BRDA:161,25,0,0
BRDA:161,25,1,0
BRDA:205,26,0,0
BRDA:205,26,1,0
BRDA:208,27,0,0
BRDA:208,27,1,0
BRDA:210,28,0,0
BRDA:210,28,1,0
BRDA:211,29,0,0
BRDA:211,29,1,0
BRDA:229,30,0,0
BRDA:229,30,1,0
BRDA:232,31,0,0
BRDA:232,31,1,0
BRDA:234,32,0,0
BRDA:234,32,1,0
BRDA:240,33,0,0
BRDA:240,33,1,0
BRDA:256,34,0,0
BRDA:256,34,1,0
BRDA:259,35,0,0
BRDA:259,35,1,0
BRDA:261,36,0,0
BRDA:261,36,1,0
BRDA:272,37,0,0
BRDA:272,37,1,0
BRDA:279,38,0,0
BRDA:279,38,1,0
BRDA:282,39,0,0
BRDA:282,39,1,0
BRDA:284,40,0,0
BRDA:284,40,1,0
BRDA:290,41,0,0
BRDA:290,41,1,0
BRDA:309,42,0,0
BRDA:309,42,1,0
BRDA:311,43,0,0
BRDA:311,43,1,0
BRDA:313,44,0,0
BRDA:313,44,1,0
BRDA:321,45,0,0
BRDA:321,45,1,0
BRDA:321,45,2,0
BRDA:328,46,0,0
BRDA:328,46,1,0
BRDA:331,47,0,0
BRDA:331,47,1,0
BRDA:339,48,0,0
BRDA:339,48,1,0
BRDA:350,49,0,0
BRDA:350,49,1,0
BRDA:360,50,0,0
BRDA:360,50,1,0
BRDA:380,51,0,0
BRDA:380,51,1,0
BRF:106
BRH:0
end_of_record
TN:
SF:app/(tabs)/group/[groupId]/history.tsx
FN:18,GroupHistoryPage
FN:28,(anonymous_1)
FN:28,(anonymous_2)
FN:33,(anonymous_3)
FN:37,(anonymous_4)
FN:49,(anonymous_5)
FN:51,(anonymous_6)
FN:53,(anonymous_7)
FN:60,(anonymous_8)
FN:63,(anonymous_9)
FN:68,(anonymous_10)
FN:75,(anonymous_11)
FN:80,(anonymous_12)
FN:85,(anonymous_13)
FN:86,(anonymous_14)
FN:90,(anonymous_15)
FN:91,(anonymous_16)
FN:92,(anonymous_17)
FN:101,(anonymous_18)
FN:129,(anonymous_19)
FNF:20
FNH:0
FNDA:0,GroupHistoryPage
FNDA:0,(anonymous_1)
FNDA:0,(anonymous_2)
FNDA:0,(anonymous_3)
FNDA:0,(anonymous_4)
FNDA:0,(anonymous_5)
FNDA:0,(anonymous_6)
FNDA:0,(anonymous_7)
FNDA:0,(anonymous_8)
FNDA:0,(anonymous_9)
FNDA:0,(anonymous_10)
FNDA:0,(anonymous_11)
FNDA:0,(anonymous_12)
FNDA:0,(anonymous_13)
FNDA:0,(anonymous_14)
FNDA:0,(anonymous_15)
FNDA:0,(anonymous_16)
FNDA:0,(anonymous_17)
FNDA:0,(anonymous_18)
FNDA:0,(anonymous_19)
DA:13,0
DA:14,0
DA:15,0
DA:16,0
DA:19,0
DA:20,0
DA:21,0
DA:22,0
DA:23,0
DA:24,0
DA:25,0
DA:28,0
DA:33,0
DA:34,0
DA:37,0
DA:38,0
DA:39,0
DA:40,0
DA:44,0
DA:45,0
DA:48,0
DA:49,0
DA:50,0
DA:51,0
DA:53,0
DA:54,0
DA:55,0
DA:59,0
DA:61,0
DA:63,0
DA:68,0
DA:71,0
DA:72,0
DA:75,0
DA:76,0
DA:79,0
DA:81,0
DA:85,0
DA:86,0
DA:89,0
DA:90,0
DA:91,0
DA:93,0
DA:98,0
DA:101,0
DA:130,0
LF:46
LH:0
BRDA:13,0,0,0
BRDA:13,0,1,0
BRDA:14,1,0,0
BRDA:14,1,1,0
BRDA:15,2,0,0
BRDA:15,2,1,0
BRDA:16,3,0,0
BRDA:16,3,1,0
BRDA:28,4,0,0
BRDA:28,4,1,0
BRDA:38,5,0,0
BRDA:38,5,1,0
BRDA:51,6,0,0
BRDA:51,6,1,0
BRDA:66,7,0,0
BRDA:66,7,1,0
BRDA:86,8,0,0
BRDA:86,8,1,0
BRDA:93,9,0,0
BRDA:93,9,1,0
BRDA:117,10,0,0
BRDA:117,10,1,0
BRDA:119,11,0,0
BRDA:119,11,1,0
BRDA:124,12,0,0
BRDA:124,12,1,0
BRDA:126,13,0,0
BRDA:126,13,1,0
BRDA:130,14,0,0
BRDA:130,14,1,0
BRDA:143,15,0,0
BRDA:143,15,1,0
BRDA:189,16,0,0
BRDA:189,16,1,0
BRF:34
BRH:0
end_of_record
TN:
SF:app/(tabs)/group/[groupId]/report.tsx
FN:44,GroupReportPage
FN:55,(anonymous_1)
FN:59,(anonymous_2)
FN:69,(anonymous_3)
FN:71,(anonymous_4)
FN:74,(anonymous_5)
FN:79,(anonymous_6)
FN:90,(anonymous_7)
FN:95,(anonymous_8)
FN:100,(anonymous_9)
FN:101,(anonymous_10)
FN:110,(anonymous_11)
FN:114,(anonymous_12)
FN:120,(anonymous_13)
FN:125,(anonymous_14)
FN:130,(anonymous_15)
FN:142,(anonymous_16)
FN:157,(anonymous_17)
FN:185,(anonymous_18)
FN:187,(anonymous_19)
FN:231,(anonymous_20)
FNF:21
FNH:0
FNDA:0,GroupReportPage
FNDA:0,(anonymous_1)
FNDA:0,(anonymous_2)
FNDA:0,(anonymous_3)
FNDA:0,(anonymous_4)
FNDA:0,(anonymous_5)
FNDA:0,(anonymous_6)
FNDA:0,(anonymous_7)
FNDA:0,(anonymous_8)
FNDA:0,(anonymous_9)
FNDA:0,(anonymous_10)
FNDA:0,(anonymous_11)
FNDA:0,(anonymous_12)
FNDA:0,(anonymous_13)
FNDA:0,(anonymous_14)
FNDA:0,(anonymous_15)
FNDA:0,(anonymous_16)
FNDA:0,(anonymous_17)
FNDA:0,(anonymous_18)
FNDA:0,(anonymous_19)
FNDA:0,(anonymous_20)
DA:17,0
DA:18,0
DA:19,0
DA:21,0
DA:30,0
DA:39,0
DA:45,0
DA:46,0
DA:47,0
DA:48,0
DA:49,0
DA:50,0
DA:51,0
DA:52,0
DA:53,0
DA:55,0
DA:56,0
DA:57,0
DA:58,0
DA:59,0
DA:60,0
DA:61,0
DA:66,0
DA:67,0
DA:69,0
DA:70,0
DA:72,0
DA:74,0
DA:79,0
DA:82,0
DA:83,0
DA:85,0
DA:86,0
DA:88,0
DA:90,0
DA:94,0
DA:95,0
DA:96,0
DA:97,0
DA:99,0
DA:100,0
DA:101,0
DA:109,0
DA:110,0
DA:111,0
DA:113,0
DA:114,0
DA:120,0
DA:123,0
DA:124,0
DA:125,0
DA:127,0
DA:130,0
DA:143,0
DA:144,0
DA:158,0
DA:159,0
DA:185,0
DA:188,0
DA:232,0
DA:255,0
LF:61
LH:0
BRDA:17,0,0,0
BRDA:17,0,1,0
BRDA:18,1,0,0
BRDA:18,1,1,0
BRDA:19,2,0,0
BRDA:19,2,1,0
BRDA:52,3,0,0
BRDA:52,3,1,0
BRDA:57,4,0,0
BRDA:57,4,1,0
BRDA:66,5,0,0
BRDA:66,5,1,0
BRDA:77,6,0,0
BRDA:77,6,1,0
BRDA:82,7,0,0
BRDA:82,7,1,0
BRDA:96,8,0,0
BRDA:96,8,1,0
BRDA:97,9,0,0
BRDA:97,9,1,0
BRDA:103,10,0,0
BRDA:103,10,1,0
BRDA:111,11,0,0
BRDA:111,11,1,0
BRDA:115,12,0,0
BRDA:115,12,1,0
BRDA:123,13,0,0
BRDA:123,13,1,0
BRDA:140,14,0,0
BRDA:140,14,1,0
BRDA:147,15,0,0
BRDA:147,15,1,0
BRDA:148,16,0,0
BRDA:148,16,1,0
BRDA:155,17,0,0
BRDA:155,17,1,0
BRDA:162,18,0,0
BRDA:162,18,1,0
BRDA:163,19,0,0
BRDA:163,19,1,0
BRDA:171,20,0,0
BRDA:171,20,1,0
BRDA:173,21,0,0
BRDA:173,21,1,0
BRDA:188,22,0,0
BRDA:188,22,1,0
BRDA:188,23,0,0
BRDA:188,23,1,0
BRDA:191,24,0,0
BRDA:191,24,1,0
BRDA:198,25,0,0
BRDA:198,25,1,0
BRDA:233,26,0,0
BRDA:233,26,1,0
BRDA:235,27,0,0
BRDA:235,27,1,0
BRF:56
BRH:0
end_of_record
TN:
SF:app/(tabs)/group/[groupId]/expense/[expenseId].tsx
FN:19,ExpenseDetailScreen
FN:36,(anonymous_1)
FN:43,(anonymous_2)
FN:48,(anonymous_3)
FN:66,(anonymous_4)
FN:69,(anonymous_5)
FN:74,(anonymous_6)
FN:80,(anonymous_7)
FN:86,(anonymous_8)
FN:89,(anonymous_9)
FN:111,(anonymous_10)
FN:122,(anonymous_11)
FN:150,(anonymous_12)
FN:156,(anonymous_13)
FN:183,(anonymous_14)
FN:203,(anonymous_15)
FN:217,(anonymous_16)
FN:224,(anonymous_17)
FN:261,(anonymous_18)
FN:281,(anonymous_19)
FN:282,(anonymous_20)
FNF:21
FNH:0
FNDA:0,ExpenseDetailScreen
FNDA:0,(anonymous_1)
FNDA:0,(anonymous_2)
FNDA:0,(anonymous_3)
FNDA:0,(anonymous_4)
FNDA:0,(anonymous_5)
FNDA:0,(anonymous_6)
FNDA:0,(anonymous_7)
FNDA:0,(anonymous_8)
FNDA:0,(anonymous_9)
FNDA:0,(anonymous_10)
FNDA:0,(anonymous_11)
FNDA:0,(anonymous_12)
FNDA:0,(anonymous_13)
FNDA:0,(anonymous_14)
FNDA:0,(anonymous_15)
FNDA:0,(anonymous_16)
FNDA:0,(anonymous_17)
FNDA:0,(anonymous_18)
FNDA:0,(anonymous_19)
FNDA:0,(anonymous_20)
DA:15,0
DA:16,0
DA:17,0
DA:20,0
DA:21,0
DA:23,0
DA:24,0
DA:25,0
DA:26,0
DA:27,0
DA:28,0
DA:29,0
DA:30,0
DA:31,0
DA:32,0
DA:33,0
DA:36,0
DA:37,0
DA:38,0
DA:39,0
DA:43,0
DA:44,0
DA:45,0
DA:46,0
DA:47,0
DA:49,0
DA:50,0
DA:51,0
DA:52,0
DA:53,0
DA:54,0
DA:55,0
DA:56,0
DA:57,0
DA:59,0
DA:62,0
DA:65,0
DA:67,0
DA:69,0
DA:74,0
DA:77,0
DA:78,0
DA:81,0
DA:82,0
DA:83,0
DA:86,0
DA:89,0
DA:90,0
DA:91,0
DA:94,0
DA:95,0
DA:96,0
DA:97,0
DA:99,0
DA:100,0
DA:101,0
DA:102,0
DA:104,0
DA:105,0
DA:106,0
DA:107,0
DA:109,0
DA:110,0
DA:111,0
DA:114,0
DA:115,0
DA:116,0
DA:117,0
DA:120,0
DA:121,0
DA:122,0
DA:125,0
DA:126,0
DA:127,0
DA:128,0
DA:132,0
DA:133,0
DA:140,0
DA:141,0
DA:143,0
DA:144,0
DA:146,0
DA:150,0
DA:151,0
DA:157,0
DA:158,0
DA:159,0
DA:160,0
DA:161,0
DA:163,0
DA:165,0
DA:172,0
DA:173,0
DA:180,0
DA:183,0
DA:203,0
DA:217,0
DA:225,0
DA:262,0
DA:282,0
LF:100
LH:0
BRDA:15,0,0,0
BRDA:15,0,1,0
BRDA:16,1,0,0
BRDA:16,1,1,0
BRDA:17,2,0,0
BRDA:17,2,1,0
BRDA:49,3,0,0
BRDA:49,3,1,0
BRDA:53,4,0,0
BRDA:53,4,1,0
BRDA:54,5,0,0
BRDA:54,5,1,0
BRDA:55,6,0,0
BRDA:55,6,1,0
BRDA:66,7,0,0
BRDA:66,7,1,0
BRDA:72,8,0,0
BRDA:72,8,1,0
BRDA:81,9,0,0
BRDA:81,9,1,0
BRDA:94,10,0,0
BRDA:94,10,1,0
BRDA:99,11,0,0
BRDA:99,11,1,0
BRDA:99,12,0,0
BRDA:99,12,1,0
BRDA:99,12,2,0
BRDA:104,13,0,0
BRDA:104,13,1,0
BRDA:109,14,0,0
BRDA:109,14,1,0
BRDA:111,15,0,0
BRDA:111,15,1,0
BRDA:114,16,0,0
BRDA:114,16,1,0
BRDA:120,17,0,0
BRDA:120,17,1,0
BRDA:122,18,0,0
BRDA:122,18,1,0
BRDA:125,19,0,0
BRDA:125,19,1,0
BRDA:138,20,0,0
BRDA:138,20,1,0
BRDA:172,21,0,0
BRDA:172,21,1,0
BRDA:212,22,0,0
BRDA:212,22,1,0
BRDA:217,23,0,0
BRDA:217,23,1,0
BRDA:238,24,0,0
BRDA:238,24,1,0
BRDA:258,25,0,0
BRDA:258,25,1,0
BRDA:258,25,2,0
BRDA:266,26,0,0
BRDA:266,26,1,0
BRDA:280,27,0,0
BRDA:280,27,1,0
BRDA:285,28,0,0
BRDA:285,28,1,0
BRDA:288,29,0,0
BRDA:288,29,1,0
BRDA:295,30,0,0
BRDA:295,30,1,0
BRDA:301,31,0,0
BRDA:301,31,1,0
BRDA:311,32,0,0
BRDA:311,32,1,0
BRF:68
BRH:0
end_of_record
TN:
SF:app/(tabs)/user/[userId].tsx
FN:18,UserProfileScreen
FN:28,(anonymous_1)
FN:47,(anonymous_2)
FN:64,(anonymous_3)
FN:78,(anonymous_4)
FN:94,(anonymous_5)
FN:104,(anonymous_6)
FNF:7
FNH:0
FNDA:0,UserProfileScreen
FNDA:0,(anonymous_1)
FNDA:0,(anonymous_2)
FNDA:0,(anonymous_3)
FNDA:0,(anonymous_4)
FNDA:0,(anonymous_5)
FNDA:0,(anonymous_6)
DA:12,0
DA:13,0
DA:14,0
DA:15,0
DA:19,0
DA:20,0
DA:22,0
DA:23,0
DA:24,0
DA:25,0
DA:26,0
DA:28,0
DA:29,0
DA:30,0
DA:32,0
DA:37,0
DA:40,0
DA:45,0
DA:47,0
DA:48,0
DA:49,0
DA:50,0
DA:53,0
DA:62,0
DA:63,0
DA:64,0
DA:67,0
DA:70,0
DA:71,0
DA:72,0
DA:73,0
DA:75,0
DA:78,0
DA:79,0
DA:82,0
DA:83,0
DA:90,0
DA:91,0
DA:94,0
DA:101,0
DA:104,0
DA:145,0
DA:146,0
LF:43
LH:0
BRDA:12,0,0,0
BRDA:12,0,1,0
BRDA:13,1,0,0
BRDA:13,1,1,0
BRDA:14,2,0,0
BRDA:14,2,1,0
BRDA:15,3,0,0
BRDA:15,3,1,0
BRDA:48,4,0,0
BRDA:48,4,1,0
BRDA:64,5,0,0
BRDA:64,5,1,0
BRDA:82,6,0,0
BRDA:82,6,1,0
BRDA:90,7,0,0
BRDA:90,7,1,0
BRDA:110,8,0,0
BRDA:110,8,1,0
BRDA:118,9,0,0
BRDA:118,9,1,0
BRDA:122,10,0,0
BRDA:122,10,1,0
BRF:22
BRH:0
end_of_record
TN:
SF:components/BackButton.tsx
FN:6,BackButton
FN:9,(anonymous_1)
FNF:2
FNH:0
FNDA:0,BackButton
FNDA:0,(anonymous_1)
DA:7,0
DA:8,0
DA:9,0
LF:3
LH:0
BRDA:6,0,0,0
BRDA:6,1,0,0
BRDA:6,2,0,0
BRF:3
BRH:0
end_of_record
TN:
SF:components/Collapsible.tsx
FN:10,Collapsible
FN:18,(anonymous_1)
FN:18,(anonymous_2)
FNF:3
FNH:0
FNDA:0,Collapsible
FNDA:0,(anonymous_1)
FNDA:0,(anonymous_2)
DA:11,0
DA:12,0
DA:14,0
DA:18,0
DA:35,0
LF:5
LH:0
BRDA:12,0,0,0
BRDA:12,0,1,0
BRDA:24,1,0,0
BRDA:24,1,1,0
BRDA:25,2,0,0
BRDA:25,2,1,0
BRDA:30,3,0,0
BRDA:30,3,1,0
BRF:8
BRH:0
end_of_record
TN:
SF:components/ExternalLink.tsx
FN:8,ExternalLink
FN:14,(anonymous_1)
FNF:2
FNH:0
FNDA:0,ExternalLink
FNDA:0,(anonymous_1)
DA:9,0
DA:15,0
DA:17,0
DA:19,0
LF:4
LH:0
BRDA:15,0,0,0
BRDA:15,0,1,0
BRF:2
BRH:0
end_of_record
TN:
SF:components/GroupHeader.tsx
FN:27,GroupHeader
FN:34,(anonymous_1)
FN:47,(anonymous_2)
FN:101,(anonymous_3)
FN:124,(anonymous_4)
FN:141,(anonymous_5)
FN:148,(anonymous_6)
FNF:7
FNH:0
FNDA:0,GroupHeader
FNDA:0,(anonymous_1)
FNDA:0,(anonymous_2)
FNDA:0,(anonymous_3)
FNDA:0,(anonymous_4)
FNDA:0,(anonymous_5)
FNDA:0,(anonymous_6)
DA:12,0
DA:13,0
DA:28,0
DA:29,0
DA:30,0
DA:31,0
DA:32,0
DA:34,0
DA:35,0
DA:36,0
DA:39,0
DA:40,0
DA:47,0
DA:48,0
DA:49,0
DA:50,0
DA:51,0
DA:55,0
DA:56,0
DA:57,0
DA:60,0
DA:62,0
DA:65,0
DA:66,0
DA:101,0
DA:112,0
DA:124,0
DA:141,0
DA:148,0
DA:159,0
LF:30
LH:0
BRDA:12,0,0,0
BRDA:12,0,1,0
BRDA:13,1,0,0
BRDA:13,1,1,0
BRDA:29,2,0,0
BRDA:29,2,1,0
BRDA:30,3,0,0
BRDA:30,3,1,0
BRDA:35,4,0,0
BRDA:35,4,1,0
BRDA:36,5,0,0
BRDA:36,5,1,0
BRDA:39,6,0,0
BRDA:39,6,1,0
BRDA:56,7,0,0
BRDA:56,7,1,0
BRDA:65,8,0,0
BRDA:65,8,1,0
BRDA:82,9,0,0
BRDA:82,9,1,0
BRDA:97,10,0,0
BRDA:97,10,1,0
BRDA:117,11,0,0
BRDA:117,11,1,0
BRDA:121,12,0,0
BRDA:121,12,1,0
BRDA:121,13,0,0
BRDA:121,13,1,0
BRDA:121,14,0,0
BRDA:121,14,1,0
BRF:30
BRH:0
end_of_record
TN:
SF:components/HapticTab.tsx
FN:5,HapticTab
FN:9,(anonymous_1)
FNF:2
FNH:0
FNDA:0,HapticTab
FNDA:0,(anonymous_1)
DA:6,0
DA:10,0
DA:12,0
DA:14,0
LF:4
LH:0
BRDA:10,0,0,0
BRDA:10,0,1,0
BRF:2
BRH:0
end_of_record
TN:
SF:components/HelloWave.tsx
FN:13,HelloWave
FN:16,(anonymous_1)
FN:23,(anonymous_2)
FNF:3
FNH:0
FNDA:0,HelloWave
FNDA:0,(anonymous_1)
FNDA:0,(anonymous_2)
DA:14,0
DA:16,0
DA:17,0
DA:23,0
DA:27,0
DA:34,0
LF:6
LH:0
BRF:0
BRH:0
end_of_record
TN:
SF:components/ParallaxScrollView.tsx
FN:21,ParallaxScrollView
FN:34,(anonymous_1)
FNF:2
FNH:0
FNDA:0,ParallaxScrollView
FNDA:0,(anonymous_1)
DA:14,0
DA:26,0
DA:28,0
DA:29,0
DA:31,0
DA:34,0
DA:53,0
DA:79,0
LF:8
LH:0
BRDA:22,0,0,0
BRDA:24,1,0,0
BRDA:26,2,0,0
BRDA:26,2,1,0
BRDA:57,3,0,0
BRDA:57,3,1,0
BRF:6
BRH:0
end_of_record
TN:
SF:components/Spacer.tsx
FN:11,(anonymous_0)
FNF:1
FNH:0
FNDA:0,(anonymous_0)
DA:11,0
DA:12,0
DA:18,0
LF:3
LH:0
BRDA:11,0,0,0
BRDA:11,1,0,0
BRF:2
BRH:0
end_of_record
TN:
SF:components/ThemedButton.tsx
FN:13,ThemedButton
FN:16,(anonymous_1)
FNF:2
FNH:0
FNDA:0,ThemedButton
FNDA:0,(anonymous_1)
DA:14,0
DA:16,0
DA:33,0
LF:3
LH:0
BRDA:18,0,0,0
BRDA:18,0,1,0
BRDA:24,1,0,0
BRDA:24,1,1,0
BRF:4
BRH:0
end_of_record
TN:
SF:components/ThemedCard.tsx
FN:5,(anonymous_0)
FNF:1
FNH:0
FNDA:0,(anonymous_0)
DA:5,0
DA:6,0
DA:7,0
DA:9,0
LF:4
LH:0
BRDA:7,0,0,0
BRDA:7,0,1,0
BRDA:7,1,0,0
BRDA:7,1,1,0
BRF:4
BRH:0
end_of_record
TN:
SF:components/ThemedLoader.tsx
FN:5,(anonymous_0)
FNF:1
FNH:0
FNDA:0,(anonymous_0)
DA:5,0
DA:6,0
DA:7,0
DA:9,0
LF:4
LH:0
BRDA:7,0,0,0
BRDA:7,0,1,0
BRDA:7,1,0,0
BRDA:7,1,1,0
BRF:4
BRH:0
end_of_record
TN:
SF:components/ThemedText.tsx
FN:11,ThemedText
FNF:1
FNH:0
FNDA:0,ThemedText
DA:18,0
DA:20,0
DA:37,0
LF:3
LH:0
BRDA:15,0,0,0
BRDA:24,1,0,0
BRDA:24,1,1,0
BRDA:25,2,0,0
BRDA:25,2,1,0
BRDA:26,3,0,0
BRDA:26,3,1,0
BRDA:27,4,0,0
BRDA:27,4,1,0
BRDA:28,5,0,0
BRDA:28,5,1,0
BRDA:29,6,0,0
BRDA:29,6,1,0
BRF:13
BRH:0
end_of_record
TN:
SF:components/ThemedTextInput.tsx
FN:5,(anonymous_0)
FNF:1
FNH:0
FNDA:0,(anonymous_0)
DA:5,0
DA:6,0
DA:7,0
DA:9,0
LF:4
LH:0
BRDA:7,0,0,0
BRDA:7,0,1,0
BRDA:7,1,0,0
BRDA:7,1,1,0
BRF:4
BRH:0
end_of_record
TN:
SF:components/ThemedView.tsx
FN:12,ThemedView
FNF:1
FNH:0
FNDA:0,ThemedView
DA:13,0
DA:15,0
DA:19,0
DA:21,0
LF:4
LH:0
BRDA:12,0,0,0
BRDA:15,1,0,0
BRDA:15,1,1,0
BRF:3
BRH:0
end_of_record
TN:
SF:components/auth/GuestOnly.tsx
FN:10,(anonymous_0)
FN:14,(anonymous_1)
FNF:2
FNH:0
FNDA:0,(anonymous_0)
FNDA:0,(anonymous_1)
DA:10,0
DA:11,0
DA:12,0
DA:14,0
DA:15,0
DA:16,0
DA:20,0
DA:21,0
DA:26,0
LF:9
LH:0
BRDA:15,0,0,0
BRDA:15,0,1,0
BRDA:15,1,0,0
BRDA:15,1,1,0
BRDA:20,2,0,0
BRDA:20,2,1,0
BRDA:20,3,0,0
BRDA:20,3,1,0
BRF:8
BRH:0
end_of_record
TN:
SF:components/auth/UserOnly.tsx
FN:10,(anonymous_0)
FN:14,(anonymous_1)
FNF:2
FNH:0
FNDA:0,(anonymous_0)
FNDA:0,(anonymous_1)
DA:10,0
DA:11,0
DA:12,0
DA:14,0
DA:15,0
DA:16,0
DA:20,0
DA:21,0
DA:26,0
LF:9
LH:0
BRDA:15,0,0,0
BRDA:15,0,1,0
BRDA:15,1,0,0
BRDA:15,1,1,0
BRDA:20,2,0,0
BRDA:20,2,1,0
BRDA:20,3,0,0
BRDA:20,3,1,0
BRF:8
BRH:0
end_of_record
TN:
SF:components/ui/IconSymbol.ios.tsx
FN:4,IconSymbol
FNF:1
FNH:0
FNDA:0,IconSymbol
DA:17,0
LF:1
LH:0
BRDA:6,0,0,0
BRDA:9,1,0,0
BRF:2
BRH:0
end_of_record
TN:
SF:components/ui/IconSymbol.tsx
FN:31,IconSymbol
FNF:1
FNH:0
FNDA:0,IconSymbol
DA:16,0
DA:43,0
LF:2
LH:0
BRDA:33,0,0,0
BRF:1
BRH:0
end_of_record
TN:
SF:components/ui/TabBarBackground.ios.tsx
FN:5,BlurTabBarBackground
FN:17,useBottomTabOverflow
FNF:2
FNH:0
FNDA:0,BlurTabBarBackground
FNDA:0,useBottomTabOverflow
DA:6,0
DA:18,0
LF:2
LH:0
BRF:0
BRH:0
end_of_record
TN:
SF:components/ui/TabBarBackground.tsx
FN:4,useBottomTabOverflow
FNF:1
FNH:0
FNDA:0,useBottomTabOverflow
DA:5,0
LF:1
LH:0
BRF:0
BRH:0
end_of_record
TN:
SF:constants/Colors.ts
FNF:0
FNH:0
DA:6,0
DA:7,0
DA:9,0
LF:3
LH:0
BRF:0
BRH:0
end_of_record
TN:
SF:constants/categoryUtils.ts
FN:11,(anonymous_0)
FN:12,(anonymous_1)
FNF:2
FNH:0
FNDA:0,(anonymous_0)
FNDA:0,(anonymous_1)
DA:1,0
DA:11,0
DA:12,0
DA:13,0
LF:4
LH:0
BRDA:13,0,0,0
BRDA:13,0,1,0
BRF:2
BRH:0
end_of_record
TN:
SF:contexts/ExpensesContext.tsx
FN:35,(anonymous_0)
FN:43,(anonymous_1)
FN:52,(anonymous_2)
FN:73,(anonymous_3)
FN:99,(anonymous_4)
FN:128,(anonymous_5)
FNF:6
FNH:6
FNDA:7,(anonymous_0)
FNDA:2,(anonymous_1)
FNDA:2,(anonymous_2)
FNDA:1,(anonymous_3)
FNDA:1,(anonymous_4)
FNDA:7,(anonymous_5)
DA:33,1
DA:35,1
DA:36,7
DA:37,7
DA:39,7
DA:40,7
DA:43,7
DA:44,2
DA:45,2
DA:46,2
DA:51,2
DA:52,2
DA:66,0
DA:68,2
DA:72,7
DA:82,1
DA:83,1
DA:84,1
DA:99,1
DA:115,1
DA:121,7
DA:128,1
DA:129,7
DA:130,7
DA:131,7
LF:25
LH:24
BRDA:39,0,0,7
BRDA:39,0,1,0
BRDA:40,1,0,7
BRDA:40,1,1,0
BRDA:61,2,0,2
BRDA:61,2,1,0
BRDA:109,3,0,1
BRDA:109,3,1,0
BRDA:130,4,0,0
BRDA:130,4,1,7
BRF:10
BRH:5
end_of_record
TN:
SF:contexts/GroupsContext.tsx
FN:38,GroupsProvider
FN:42,fetchGroups
FN:52,(anonymous_2)
FN:66,fetchGroupsById
FN:82,createGroup
FN:118,(anonymous_5)
FN:125,deleteGroup
FN:128,(anonymous_7)
FN:128,(anonymous_8)
FN:135,(anonymous_9)
FNF:10
FNH:10
FNDA:20,GroupsProvider
FNDA:11,fetchGroups
FNDA:11,(anonymous_2)
FNDA:2,fetchGroupsById
FNDA:2,createGroup
FNDA:1,(anonymous_5)
FNDA:2,deleteGroup
FNDA:1,(anonymous_7)
FNDA:1,(anonymous_8)
FNDA:9,(anonymous_9)
DA:6,1
DA:7,1
DA:32,1
DA:39,20
DA:40,20
DA:43,11
DA:44,11
DA:52,11
DA:60,11
DA:62,0
DA:67,2
DA:68,2
DA:69,1
DA:77,1
DA:83,2
DA:84,2
DA:86,1
DA:88,1
DA:95,1
DA:109,1
DA:118,1
DA:121,1
DA:126,2
DA:127,2
DA:128,1
DA:130,1
DA:135,20
DA:137,9
DA:138,7
DA:140,2
DA:145,20
LF:31
LH:30
BRDA:6,0,0,1
BRDA:6,0,1,0
BRDA:7,1,0,1
BRDA:7,1,1,0
BRDA:84,2,0,1
BRDA:84,2,1,1
BRDA:90,3,0,1
BRDA:90,3,1,0
BRDA:137,4,0,7
BRDA:137,4,1,2
BRF:10
BRH:7
end_of_record
TN:
SF:contexts/UserContext.tsx
FN:25,UserProvider
FN:31,(anonymous_1)
FN:46,(anonymous_2)
FN:51,register
FN:56,login
FN:64,logout
FN:71,updateProfile
FN:97,(anonymous_7)
FN:98,(anonymous_8)
FNF:9
FNH:9
FNDA:15,UserProvider
FNDA:10,(anonymous_1)
FNDA:1,(anonymous_2)
FNDA:1,register
FNDA:5,login
FNDA:1,logout
FNDA:1,updateProfile
FNDA:7,(anonymous_7)
FNDA:7,(anonymous_8)
DA:17,3
DA:18,3
DA:21,3
DA:26,15
DA:27,15
DA:28,15
DA:31,15
DA:32,10
DA:33,10
DA:38,10
DA:39,10
DA:41,0
DA:42,0
DA:46,15
DA:47,1
DA:48,0
DA:52,1
DA:53,1
DA:57,5
DA:58,5
DA:59,5
DA:60,5
DA:61,5
DA:65,1
DA:66,1
DA:67,1
DA:68,1
DA:72,1
DA:74,1
DA:75,0
DA:76,0
DA:77,0
DA:78,0
DA:79,0
DA:82,1
DA:93,1
DA:97,15
DA:98,7
DA:99,7
DA:100,7
DA:101,5
DA:102,5
DA:104,2
DA:105,2
DA:107,7
DA:112,15
LF:46
LH:38
BRDA:17,0,0,3
BRDA:17,0,1,0
BRDA:18,1,0,3
BRDA:18,1,1,0
BRDA:47,2,0,1
BRDA:47,2,1,0
BRDA:72,3,0,0
BRDA:72,3,1,1
BRDA:74,4,0,0
BRDA:74,4,1,1
BRDA:74,5,0,1
BRDA:74,5,1,0
BRDA:76,6,0,0
BRDA:76,6,1,0
BRDA:87,7,0,1
BRDA:87,7,1,0
BRDA:88,8,0,1
BRDA:88,8,1,1
BRDA:89,9,0,1
BRDA:89,9,1,1
BRDA:90,10,0,1
BRDA:90,10,1,1
BRF:22
BRH:13
end_of_record
TN:
SF:functions/create-user/env.d.ts
FNF:0
FNH:0
LF:0
LH:0
BRF:0
BRH:0
end_of_record
TN:
SF:functions/create-user/src/main.ts
FN:11,(anonymous_0)
FNF:1
FNH:0
FNDA:0,(anonymous_0)
DA:14,0
DA:18,0
DA:19,0
DA:21,0
DA:23,0
DA:24,0
DA:30,0
DA:31,0
DA:34,0
DA:37,0
DA:38,0
DA:52,0
DA:53,0
DA:55,0
DA:56,0
LF:15
LH:0
BRDA:17,0,0,0
BRDA:17,0,1,0
BRDA:30,1,0,0
BRDA:30,1,1,0
BRF:4
BRH:0
end_of_record
TN:
SF:hooks/settlementUtils.ts
FN:3,calculateBalances
FN:8,(anonymous_1)
FN:14,(anonymous_2)
FN:21,(anonymous_3)
FN:28,(anonymous_4)
FN:35,(anonymous_5)
FN:43,(anonymous_6)
FN:50,calculateSettlements
FN:57,(anonymous_8)
FN:58,(anonymous_9)
FN:61,(anonymous_10)
FN:61,(anonymous_11)
FN:62,(anonymous_12)
FN:62,(anonymous_13)
FNF:14
FNH:0
FNDA:0,calculateBalances
FNDA:0,(anonymous_1)
FNDA:0,(anonymous_2)
FNDA:0,(anonymous_3)
FNDA:0,(anonymous_4)
FNDA:0,(anonymous_5)
FNDA:0,(anonymous_6)
FNDA:0,calculateSettlements
FNDA:0,(anonymous_8)
FNDA:0,(anonymous_9)
FNDA:0,(anonymous_10)
FNDA:0,(anonymous_11)
FNDA:0,(anonymous_12)
FNDA:0,(anonymous_13)
DA:5,0
DA:6,0
DA:8,0
DA:9,0
DA:10,0
DA:14,0
DA:15,0
DA:16,0
DA:18,0
DA:19,0
DA:20,0
DA:21,0
DA:22,0
DA:25,0
DA:28,0
DA:29,0
DA:35,0
DA:37,0
DA:38,0
DA:42,0
DA:43,0
DA:44,0
DA:47,0
DA:54,0
DA:56,0
DA:57,0
DA:58,0
DA:61,0
DA:62,0
DA:64,0
DA:65,0
DA:66,0
DA:67,0
DA:68,0
DA:70,0
DA:71,0
DA:76,0
DA:77,0
DA:80,0
DA:81,0
DA:83,0
LF:41
LH:0
BRDA:3,0,0,0
BRDA:15,1,0,0
BRDA:15,1,1,0
BRDA:19,2,0,0
BRDA:19,2,1,0
BRDA:25,3,0,0
BRDA:25,3,1,0
BRDA:29,4,0,0
BRDA:29,4,1,0
BRDA:65,5,0,0
BRDA:65,5,1,0
BRDA:70,6,0,0
BRDA:70,6,1,0
BRDA:80,7,0,0
BRDA:80,7,1,0
BRDA:81,8,0,0
BRDA:81,8,1,0
BRF:17
BRH:0
end_of_record
TN:
SF:hooks/useColorScheme.ts
FNF:0
FNH:0
LF:0
LH:0
BRF:0
BRH:0
end_of_record
TN:
SF:hooks/useColorScheme.web.ts
FN:7,useColorScheme
FN:10,(anonymous_1)
FNF:2
FNH:0
FNDA:0,useColorScheme
FNDA:0,(anonymous_1)
DA:8,0
DA:10,0
DA:11,0
DA:14,0
DA:16,0
DA:17,0
DA:20,0
LF:7
LH:0
BRDA:16,0,0,0
BRDA:16,0,1,0
BRF:2
BRH:0
end_of_record
TN:
SF:hooks/useGroupDetails.ts
FN:14,useGroupDetails
FN:32,(anonymous_1)
FN:39,(anonymous_2)
FN:49,(anonymous_3)
FN:56,(anonymous_4)
FN:61,(anonymous_5)
FN:65,(anonymous_6)
FN:69,(anonymous_7)
FN:73,(anonymous_8)
FN:76,(anonymous_9)
FN:81,(anonymous_10)
FN:86,(anonymous_11)
FN:90,(anonymous_12)
FN:94,(anonymous_13)
FN:97,(anonymous_14)
FN:102,(anonymous_15)
FN:109,(anonymous_16)
FN:112,(anonymous_17)
FN:117,(anonymous_18)
FN:119,(anonymous_19)
FN:126,(anonymous_20)
FN:127,(anonymous_21)
FN:137,(anonymous_22)
FN:140,(anonymous_23)
FN:144,(anonymous_24)
FN:162,(anonymous_25)
FN:168,(anonymous_26)
FN:172,(anonymous_27)
FN:183,(anonymous_28)
FN:195,(anonymous_29)
FN:197,(anonymous_30)
FNF:31
FNH:0
FNDA:0,useGroupDetails
FNDA:0,(anonymous_1)
FNDA:0,(anonymous_2)
FNDA:0,(anonymous_3)
FNDA:0,(anonymous_4)
FNDA:0,(anonymous_5)
FNDA:0,(anonymous_6)
FNDA:0,(anonymous_7)
FNDA:0,(anonymous_8)
FNDA:0,(anonymous_9)
FNDA:0,(anonymous_10)
FNDA:0,(anonymous_11)
FNDA:0,(anonymous_12)
FNDA:0,(anonymous_13)
FNDA:0,(anonymous_14)
FNDA:0,(anonymous_15)
FNDA:0,(anonymous_16)
FNDA:0,(anonymous_17)
FNDA:0,(anonymous_18)
FNDA:0,(anonymous_19)
FNDA:0,(anonymous_20)
FNDA:0,(anonymous_21)
FNDA:0,(anonymous_22)
FNDA:0,(anonymous_23)
FNDA:0,(anonymous_24)
FNDA:0,(anonymous_25)
FNDA:0,(anonymous_26)
FNDA:0,(anonymous_27)
FNDA:0,(anonymous_28)
FNDA:0,(anonymous_29)
FNDA:0,(anonymous_30)
DA:8,0
DA:9,0
DA:10,0
DA:11,0
DA:12,0
DA:15,0
DA:16,0
DA:17,0
DA:18,0
DA:19,0
DA:20,0
DA:21,0
DA:22,0
DA:23,0
DA:24,0
DA:25,0
DA:26,0
DA:27,0
DA:29,0
DA:32,0
DA:33,0
DA:34,0
DA:35,0
DA:36,0
DA:37,0
DA:40,0
DA:47,0
DA:50,0
DA:51,0
DA:56,0
DA:57,0
DA:58,0
DA:59,0
DA:62,0
DA:63,0
DA:65,0
DA:69,0
DA:70,0
DA:71,0
DA:74,0
DA:76,0
DA:80,0
DA:82,0
DA:83,0
DA:84,0
DA:87,0
DA:88,0
DA:90,0
DA:92,0
DA:95,0
DA:97,0
DA:102,0
DA:103,0
DA:104,0
DA:105,0
DA:107,0
DA:108,0
DA:110,0
DA:112,0
DA:117,0
DA:120,0
DA:121,0
DA:126,0
DA:127,0
DA:128,0
DA:132,0
DA:133,0
DA:136,0
DA:137,0
DA:139,0
DA:140,0
DA:144,0
DA:145,0
DA:157,0
DA:158,0
DA:162,0
DA:163,0
DA:164,0
DA:168,0
DA:169,0
DA:170,0
DA:171,0
DA:172,0
DA:173,0
DA:175,0
DA:177,0
DA:179,0
DA:183,0
DA:184,0
DA:185,0
DA:186,0
DA:187,0
DA:188,0
DA:189,0
DA:190,0
DA:191,0
DA:195,0
DA:196,0
DA:197,0
DA:198,0
DA:199,0
DA:202,0
LF:102
LH:0
BRDA:8,0,0,0
BRDA:8,0,1,0
BRDA:9,1,0,0
BRDA:9,1,1,0
BRDA:10,2,0,0
BRDA:10,2,1,0
BRDA:11,3,0,0
BRDA:11,3,1,0
BRDA:12,4,0,0
BRDA:12,4,1,0
BRDA:33,5,0,0
BRDA:33,5,1,0
BRDA:36,6,0,0
BRDA:36,6,1,0
BRDA:44,7,0,0
BRDA:44,7,1,0
BRDA:57,8,0,0
BRDA:57,8,1,0
BRDA:70,9,0,0
BRDA:70,9,1,0
BRDA:82,10,0,0
BRDA:82,10,1,0
BRDA:103,11,0,0
BRDA:103,11,1,0
BRDA:103,12,0,0
BRDA:103,12,1,0
BRDA:115,13,0,0
BRDA:115,13,1,0
BRDA:128,14,0,0
BRDA:128,14,1,0
BRDA:132,15,0,0
BRDA:132,15,1,0
BRDA:133,16,0,0
BRDA:133,16,1,0
BRDA:164,17,0,0
BRDA:164,17,1,0
BRDA:184,18,0,0
BRDA:184,18,1,0
BRDA:185,19,0,0
BRDA:185,19,1,0
BRDA:196,20,0,0
BRDA:196,20,1,0
BRDA:220,21,0,0
BRDA:220,21,1,0
BRF:44
BRH:0
end_of_record
TN:
SF:hooks/useGroups.ts
FN:4,useGroups
FNF:1
FNH:0
FNDA:0,useGroups
DA:5,0
DA:8,0
DA:9,0
DA:13,0
LF:4
LH:0
BRDA:8,0,0,0
BRDA:8,0,1,0
BRF:2
BRH:0
end_of_record
TN:
SF:hooks/useThemeColor.ts
FN:9,useThemeColor
FNF:1
FNH:0
FNDA:0,useThemeColor
DA:13,0
DA:14,0
DA:16,0
DA:17,0
DA:19,0
LF:5
LH:0
BRDA:13,0,0,0
BRDA:13,0,1,0
BRDA:16,1,0,0
BRDA:16,1,1,0
BRF:4
BRH:0
end_of_record
TN:
SF:hooks/useUser.ts
FN:4,useUser
FNF:1
FNH:1
FNDA:20,useUser
DA:5,20
DA:8,20
DA:9,0
DA:13,20
LF:4
LH:3
BRDA:8,0,0,0
BRDA:8,0,1,20
BRF:2
BRH:1
end_of_record
TN:
SF:lib/appwrite.js
FNF:0
FNH:0
DA:4,0
DA:9,0
DA:10,0
DA:11,0
LF:4
LH:0
BRF:0
BRH:0
end_of_record
TN:
SF:scripts/reset-project.js
FN:48,(anonymous_0)
FN:103,(anonymous_1)
FN:106,(anonymous_2)
FNF:3
FNH:0
FNDA:0,(anonymous_0)
FNDA:0,(anonymous_1)
FNDA:0,(anonymous_2)
DA:9,0
DA:10,0
DA:11,0
DA:13,0
DA:14,0
DA:15,0
DA:16,0
DA:17,0
DA:19,0
DA:36,0
DA:43,0
DA:48,0
DA:49,0
DA:50,0
DA:52,0
DA:53,0
DA:57,0
DA:58,0
DA:59,0
DA:60,0
DA:61,0
DA:62,0
DA:63,0
DA:65,0
DA:66,0
DA:69,0
DA:74,0
DA:75,0
DA:76,0
DA:79,0
DA:80,0
DA:81,0
DA:84,0
DA:85,0
DA:86,0
DA:88,0
DA:89,0
DA:97,0
DA:101,0
DA:104,0
DA:105,0
DA:106,0
DA:108,0
DA:109,0
LF:44
LH:0
BRDA:50,0,0,0
BRDA:50,0,1,0
BRDA:59,1,0,0
BRDA:59,1,1,0
BRDA:60,2,0,0
BRDA:60,2,1,0
BRDA:91,3,0,0
BRDA:91,3,1,0
BRDA:104,4,0,0
BRDA:104,4,1,0
BRDA:105,5,0,0
BRDA:105,5,1,0
BRDA:105,6,0,0
BRDA:105,6,1,0
BRF:14
BRH:0
end_of_record
