TN:
SF:app.config.js
FN:4,(anonymous_0)
FNF:1
FNH:0
FNDA:0,(anonymous_0)
DA:4,0
LF:1
LH:0
BRF:0
BRH:0
end_of_record
TN:
SF:env.d.ts
FNF:0
FNH:0
LF:0
LH:0
BRF:0
BRH:0
end_of_record
TN:
SF:env.ts
FNF:0
FNH:0
DA:9,0
DA:11,0
DA:12,0
DA:15,0
DA:16,0
LF:5
LH:0
BRDA:11,0,0,0
BRDA:11,0,1,0
BRDA:11,1,0,0
BRDA:11,1,1,0
BRF:4
BRH:0
end_of_record
TN:
SF:eslint.config.js
FNF:0
FNH:0
DA:2,0
DA:3,0
DA:5,0
LF:3
LH:0
BRF:0
BRH:0
end_of_record
TN:
SF:app/+not-found.tsx
FN:7,NotFoundScreen
FNF:1
FNH:0
FNDA:0,NotFoundScreen
DA:8,0
DA:21,0
LF:2
LH:0
BRF:0
BRH:0
end_of_record
TN:
SF:app/_layout.tsx
FN:13,RootLayout
FNF:1
FNH:0
FNDA:0,RootLayout
DA:14,0
DA:15,0
DA:19,0
DA:21,0
DA:24,0
LF:5
LH:0
BRDA:19,0,0,0
BRDA:19,0,1,0
BRDA:28,1,0,0
BRDA:28,1,1,0
BRF:4
BRH:0
end_of_record
TN:
SF:app/index.tsx
FN:11,HomeScreen
FNF:1
FNH:0
FNDA:0,HomeScreen
DA:12,0
DA:47,0
LF:2
LH:0
BRF:0
BRH:0
end_of_record
TN:
SF:app/(auth)/_layout.tsx
FN:12,AuthLayout
FNF:1
FNH:0
FNDA:0,AuthLayout
DA:14,0
DA:16,0
DA:17,0
DA:19,0
LF:4
LH:0
BRDA:21,0,0,0
BRDA:21,0,1,0
BRF:2
BRH:0
end_of_record
TN:
SF:app/(auth)/login.tsx
FN:14,(anonymous_0)
FN:21,(anonymous_1)
FNF:2
FNH:0
FNDA:0,(anonymous_0)
FNDA:0,(anonymous_1)
DA:14,0
DA:15,0
DA:16,0
DA:17,0
DA:19,0
DA:21,0
DA:22,0
DA:24,0
DA:25,0
DA:28,0
DA:29,0
DA:31,0
DA:36,0
DA:88,0
LF:14
LH:0
BRDA:28,0,0,0
BRDA:28,0,1,0
BRDA:67,1,0,0
BRDA:67,1,1,0
BRF:4
BRH:0
end_of_record
TN:
SF:app/(auth)/register.tsx
FN:14,(anonymous_0)
FN:23,(anonymous_1)
FNF:2
FNH:0
FNDA:0,(anonymous_0)
FNDA:0,(anonymous_1)
DA:14,0
DA:15,0
DA:16,0
DA:17,0
DA:18,0
DA:20,0
DA:21,0
DA:23,0
DA:24,0
DA:25,0
DA:26,0
DA:28,0
DA:29,0
DA:31,0
DA:33,0
DA:36,0
DA:40,0
DA:95,0
LF:18
LH:0
BRDA:29,0,0,0
BRDA:29,0,1,0
BRDA:36,1,0,0
BRDA:36,1,1,0
BRDA:76,2,0,0
BRDA:76,2,1,0
BRF:6
BRH:0
end_of_record
TN:
SF:app/(tabs)/_layout.tsx
FN:12,TabLayout
FN:42,(anonymous_1)
FN:49,(anonymous_2)
FN:56,(anonymous_3)
FNF:4
FNH:0
FNDA:0,TabLayout
FNDA:0,(anonymous_1)
FNDA:0,(anonymous_2)
FNDA:0,(anonymous_3)
DA:13,0
DA:15,0
DA:42,0
DA:49,0
DA:56,0
LF:5
LH:0
BRDA:19,0,0,0
BRDA:19,0,1,0
BRF:2
BRH:0
end_of_record
TN:
SF:app/(tabs)/home.tsx
FN:9,HomeScreen
FNF:1
FNH:0
FNDA:0,HomeScreen
DA:10,0
DA:28,0
LF:2
LH:0
BRF:0
BRH:0
end_of_record
TN:
SF:app/(tabs)/profile.tsx
FN:33,Profile
FN:98,(anonymous_1)
FN:107,(anonymous_2)
FN:115,(anonymous_3)
FN:179,(anonymous_4)
FN:185,(anonymous_5)
FN:232,(anonymous_6)
FN:332,(anonymous_7)
FN:341,(anonymous_8)
FNF:9
FNH:0
FNDA:0,Profile
FNDA:0,(anonymous_1)
FNDA:0,(anonymous_2)
FNDA:0,(anonymous_3)
FNDA:0,(anonymous_4)
FNDA:0,(anonymous_5)
FNDA:0,(anonymous_6)
FNDA:0,(anonymous_7)
FNDA:0,(anonymous_8)
DA:26,0
DA:27,0
DA:28,0
DA:29,0
DA:30,0
DA:31,0
DA:34,0
DA:35,0
DA:36,0
DA:38,0
DA:39,0
DA:40,0
DA:41,0
DA:42,0
DA:43,0
DA:44,0
DA:45,0
DA:46,0
DA:98,0
DA:99,0
DA:100,0
DA:101,0
DA:102,0
DA:107,0
DA:108,0
DA:109,0
DA:110,0
DA:111,0
DA:115,0
DA:116,0
DA:117,0
DA:118,0
DA:119,0
DA:121,0
DA:122,0
DA:128,0
DA:129,0
DA:130,0
DA:132,0
DA:133,0
DA:134,0
DA:135,0
DA:136,0
DA:137,0
DA:138,0
DA:139,0
DA:144,0
DA:145,0
DA:153,0
DA:154,0
DA:156,0
DA:157,0
DA:158,0
DA:160,0
DA:161,0
DA:162,0
DA:163,0
DA:165,0
DA:166,0
DA:167,0
DA:168,0
DA:170,0
DA:172,0
DA:174,0
DA:179,0
DA:180,0
DA:181,0
DA:185,0
DA:186,0
DA:187,0
DA:188,0
DA:189,0
DA:190,0
DA:192,0
DA:196,0
DA:200,0
DA:201,0
DA:209,0
DA:210,0
DA:227,0
DA:232,0
DA:332,0
DA:341,0
DA:363,0
LF:84
LH:0
BRDA:27,0,0,0
BRDA:27,0,1,0
BRDA:28,1,0,0
BRDA:28,1,1,0
BRDA:29,2,0,0
BRDA:29,2,1,0
BRDA:30,3,0,0
BRDA:30,3,1,0
BRDA:99,4,0,0
BRDA:99,4,1,0
BRDA:100,5,0,0
BRDA:100,5,1,0
BRDA:101,6,0,0
BRDA:101,6,1,0
BRDA:101,6,2,0
BRDA:102,7,0,0
BRDA:102,7,1,0
BRDA:117,8,0,0
BRDA:117,8,1,0
BRDA:128,9,0,0
BRDA:128,9,1,0
BRDA:142,10,0,0
BRDA:142,10,1,0
BRDA:160,11,0,0
BRDA:160,11,1,0
BRDA:162,12,0,0
BRDA:162,12,1,0
BRDA:167,13,0,0
BRDA:167,13,1,0
BRDA:193,14,0,0
BRDA:193,14,1,0
BRDA:200,15,0,0
BRDA:200,15,1,0
BRDA:200,16,0,0
BRDA:200,16,1,0
BRDA:209,17,0,0
BRDA:209,17,1,0
BRDA:240,18,0,0
BRDA:240,18,1,0
BRDA:241,19,0,0
BRDA:241,19,1,0
BRDA:245,20,0,0
BRDA:245,20,1,0
BRDA:264,21,0,0
BRDA:264,21,1,0
BRDA:266,22,0,0
BRDA:266,22,1,0
BRDA:281,23,0,0
BRDA:281,23,1,0
BRDA:281,24,0,0
BRDA:281,24,1,0
BRDA:288,25,0,0
BRDA:288,25,1,0
BRDA:308,26,0,0
BRDA:308,26,1,0
BRDA:325,27,0,0
BRDA:325,27,1,0
BRDA:329,28,0,0
BRDA:329,28,1,0
BRF:59
BRH:0
end_of_record
TN:
SF:app/(tabs)/settings.tsx
FN:19,SettingsPage
FN:32,(anonymous_1)
FN:55,(anonymous_2)
FN:66,(anonymous_3)
FN:99,(anonymous_4)
FN:172,(anonymous_5)
FNF:6
FNH:0
FNDA:0,SettingsPage
FNDA:0,(anonymous_1)
FNDA:0,(anonymous_2)
FNDA:0,(anonymous_3)
FNDA:0,(anonymous_4)
FNDA:0,(anonymous_5)
DA:13,0
DA:17,0
DA:20,0
DA:21,0
DA:24,0
DA:25,0
DA:26,0
DA:27,0
DA:28,0
DA:29,0
DA:32,0
DA:33,0
DA:34,0
DA:35,0
DA:36,0
DA:37,0
DA:39,0
DA:40,0
DA:41,0
DA:42,0
DA:43,0
DA:44,0
DA:46,0
DA:48,0
DA:51,0
DA:55,0
DA:66,0
DA:99,0
DA:173,0
DA:174,0
DA:175,0
DA:176,0
DA:177,0
LF:33
LH:0
BRDA:35,0,0,0
BRDA:35,0,1,0
BRDA:46,1,0,0
BRDA:46,1,1,0
BRDA:157,2,0,0
BRDA:157,2,1,0
BRDA:160,3,0,0
BRDA:160,3,1,0
BRF:8
BRH:0
end_of_record
TN:
SF:app/(tabs)/group/[groupId].tsx
FN:17,GroupDetailScreen
FN:51,(anonymous_1)
FN:82,(anonymous_2)
FN:99,(anonymous_3)
FN:124,(anonymous_4)
FN:163,(anonymous_5)
FN:164,(anonymous_6)
FN:172,(anonymous_7)
FN:195,(anonymous_8)
FNF:9
FNH:0
FNDA:0,GroupDetailScreen
FNDA:0,(anonymous_1)
FNDA:0,(anonymous_2)
FNDA:0,(anonymous_3)
FNDA:0,(anonymous_4)
FNDA:0,(anonymous_5)
FNDA:0,(anonymous_6)
FNDA:0,(anonymous_7)
FNDA:0,(anonymous_8)
DA:18,0
DA:19,0
DA:20,0
DA:47,0
DA:49,0
DA:51,0
DA:52,0
DA:55,0
DA:56,0
DA:62,0
DA:63,0
DA:64,0
DA:70,0
DA:71,0
DA:78,0
DA:82,0
DA:99,0
DA:124,0
DA:163,0
DA:165,0
DA:172,0
DA:195,0
LF:22
LH:0
BRDA:55,0,0,0
BRDA:55,0,1,0
BRDA:62,1,0,0
BRDA:62,1,1,0
BRDA:70,2,0,0
BRDA:70,2,1,0
BRDA:79,3,0,0
BRDA:79,3,1,0
BRDA:158,4,0,0
BRDA:158,4,1,0
BRDA:179,5,0,0
BRDA:179,5,1,0
BRF:12
BRH:0
end_of_record
TN:
SF:app/(tabs)/group/create.tsx
FN:16,(anonymous_0)
FN:26,(anonymous_1)
FNF:2
FNH:0
FNDA:0,(anonymous_0)
FNDA:0,(anonymous_1)
DA:16,0
DA:17,0
DA:18,0
DA:19,0
DA:20,0
DA:22,0
DA:23,0
DA:24,0
DA:26,0
DA:27,0
DA:28,0
DA:29,0
DA:32,0
DA:34,0
DA:35,0
DA:38,0
DA:39,0
DA:42,0
DA:44,0
DA:45,0
DA:48,0
DA:52,0
DA:91,0
LF:23
LH:0
BRDA:27,0,0,0
BRDA:27,0,1,0
BRDA:79,1,0,0
BRDA:79,1,1,0
BRF:4
BRH:0
end_of_record
TN:
SF:app/(tabs)/group/expenseList.tsx
FN:28,(anonymous_0)
FN:40,(anonymous_1)
FN:55,(anonymous_2)
FN:68,(anonymous_3)
FN:71,(anonymous_4)
FN:103,(anonymous_5)
FNF:6
FNH:0
FNDA:0,(anonymous_0)
FNDA:0,(anonymous_1)
FNDA:0,(anonymous_2)
FNDA:0,(anonymous_3)
FNDA:0,(anonymous_4)
FNDA:0,(anonymous_5)
DA:26,0
DA:28,0
DA:35,0
DA:36,0
DA:39,0
DA:40,0
DA:45,0
DA:46,0
DA:50,0
DA:55,0
DA:69,0
DA:72,0
DA:103,0
DA:117,0
LF:14
LH:0
BRDA:29,0,0,0
BRDA:46,1,0,0
BRDA:46,1,1,0
BRDA:54,2,0,0
BRDA:54,2,1,0
BRDA:54,3,0,0
BRDA:54,3,1,0
BRDA:60,4,0,0
BRDA:60,4,1,0
BRDA:62,5,0,0
BRDA:62,5,1,0
BRDA:70,6,0,0
BRDA:70,6,1,0
BRDA:101,7,0,0
BRDA:101,7,1,0
BRDA:101,8,0,0
BRDA:101,8,1,0
BRF:17
BRH:0
end_of_record
TN:
SF:app/(tabs)/group/groups.tsx
FN:18,GroupsScreen
FN:27,(anonymous_1)
FN:32,(anonymous_2)
FN:59,(anonymous_3)
FN:61,(anonymous_4)
FN:63,(anonymous_5)
FN:75,(anonymous_6)
FNF:7
FNH:0
FNDA:0,GroupsScreen
FNDA:0,(anonymous_1)
FNDA:0,(anonymous_2)
FNDA:0,(anonymous_3)
FNDA:0,(anonymous_4)
FNDA:0,(anonymous_5)
FNDA:0,(anonymous_6)
DA:19,0
DA:20,0
DA:21,0
DA:22,0
DA:23,0
DA:24,0
DA:25,0
DA:27,0
DA:28,0
DA:31,0
DA:33,0
DA:37,0
DA:38,0
DA:41,0
DA:59,0
DA:62,0
DA:63,0
DA:75,0
DA:88,0
LF:19
LH:0
BRDA:23,0,0,0
BRDA:23,0,1,0
BRDA:25,1,0,0
BRDA:25,1,1,0
BRDA:37,2,0,0
BRDA:37,2,1,0
BRF:6
BRH:0
end_of_record
TN:
SF:app/(tabs)/group/membersDropdown.tsx
FN:10,MembersDropdown
FN:25,(anonymous_1)
FN:25,(anonymous_2)
FN:45,(anonymous_3)
FN:49,(anonymous_4)
FN:68,(anonymous_5)
FN:77,(anonymous_6)
FNF:7
FNH:0
FNDA:0,MembersDropdown
FNDA:0,(anonymous_1)
FNDA:0,(anonymous_2)
FNDA:0,(anonymous_3)
FNDA:0,(anonymous_4)
FNDA:0,(anonymous_5)
FNDA:0,(anonymous_6)
DA:18,0
DA:19,0
DA:25,0
DA:46,0
DA:50,0
DA:68,0
DA:77,0
DA:87,0
LF:8
LH:0
BRDA:30,0,0,0
BRDA:30,0,1,0
BRDA:33,1,0,0
BRDA:33,1,1,0
BRDA:40,2,0,0
BRDA:40,2,1,0
BRDA:42,3,0,0
BRDA:42,3,1,0
BRDA:59,4,0,0
BRDA:59,4,1,0
BRDA:59,5,0,0
BRDA:59,5,1,0
BRF:12
BRH:0
end_of_record
TN:
SF:app/(tabs)/group/settlementList.tsx
FN:7,SettlementList
FN:16,(anonymous_1)
FN:21,(anonymous_2)
FN:43,(anonymous_3)
FN:51,(anonymous_4)
FN:73,(anonymous_5)
FN:83,(anonymous_6)
FNF:7
FNH:0
FNDA:0,SettlementList
FNDA:0,(anonymous_1)
FNDA:0,(anonymous_2)
FNDA:0,(anonymous_3)
FNDA:0,(anonymous_4)
FNDA:0,(anonymous_5)
FNDA:0,(anonymous_6)
DA:15,0
DA:16,0
DA:20,0
DA:21,0
DA:22,0
DA:23,0
DA:27,0
DA:28,0
DA:29,0
DA:30,0
DA:31,0
DA:32,0
DA:33,0
DA:34,0
DA:35,0
DA:36,0
DA:38,0
DA:41,0
DA:43,0
DA:44,0
DA:52,0
DA:53,0
DA:54,0
DA:61,0
DA:74,0
DA:83,0
LF:26
LH:0
BRDA:16,0,0,0
BRDA:16,0,1,0
BRDA:22,1,0,0
BRDA:22,1,1,0
BRDA:23,2,0,0
BRDA:23,2,1,0
BRDA:29,3,0,0
BRDA:29,3,1,0
BRDA:31,4,0,0
BRDA:31,4,1,0
BRDA:34,5,0,0
BRDA:34,5,1,0
BRDA:69,6,0,0
BRDA:69,6,1,0
BRF:14
BRH:0
end_of_record
TN:
SF:app/(tabs)/group/[groupId]/addExpense.tsx
FN:29,getInitialState
FN:43,AddExpenseScreen
FN:60,(anonymous_2)
FN:65,(anonymous_3)
FN:78,(anonymous_4)
FN:81,(anonymous_5)
FN:86,(anonymous_6)
FN:91,(anonymous_7)
FN:98,(anonymous_8)
FN:124,(anonymous_9)
FN:135,(anonymous_10)
FN:170,(anonymous_11)
FN:190,(anonymous_12)
FN:200,(anonymous_13)
FN:203,(anonymous_14)
FN:222,(anonymous_15)
FN:227,(anonymous_16)
FN:254,(anonymous_17)
FN:266,(anonymous_18)
FN:271,(anonymous_19)
FN:272,(anonymous_20)
FN:274,(anonymous_21)
FN:303,(anonymous_22)
FN:306,(anonymous_23)
FN:324,(anonymous_24)
FN:325,(anonymous_25)
FN:333,(anonymous_26)
FN:334,(anonymous_27)
FN:371,(anonymous_28)
FNF:29
FNH:0
FNDA:0,getInitialState
FNDA:0,AddExpenseScreen
FNDA:0,(anonymous_2)
FNDA:0,(anonymous_3)
FNDA:0,(anonymous_4)
FNDA:0,(anonymous_5)
FNDA:0,(anonymous_6)
FNDA:0,(anonymous_7)
FNDA:0,(anonymous_8)
FNDA:0,(anonymous_9)
FNDA:0,(anonymous_10)
FNDA:0,(anonymous_11)
FNDA:0,(anonymous_12)
FNDA:0,(anonymous_13)
FNDA:0,(anonymous_14)
FNDA:0,(anonymous_15)
FNDA:0,(anonymous_16)
FNDA:0,(anonymous_17)
FNDA:0,(anonymous_18)
FNDA:0,(anonymous_19)
FNDA:0,(anonymous_20)
FNDA:0,(anonymous_21)
FNDA:0,(anonymous_22)
FNDA:0,(anonymous_23)
FNDA:0,(anonymous_24)
FNDA:0,(anonymous_25)
FNDA:0,(anonymous_26)
FNDA:0,(anonymous_27)
FNDA:0,(anonymous_28)
DA:18,0
DA:19,0
DA:20,0
DA:21,0
DA:23,0
DA:30,0
DA:44,0
DA:45,0
DA:47,0
DA:48,0
DA:49,0
DA:50,0
DA:51,0
DA:52,0
DA:53,0
DA:54,0
DA:55,0
DA:56,0
DA:57,0
DA:59,0
DA:61,0
DA:62,0
DA:65,0
DA:66,0
DA:67,0
DA:68,0
DA:69,0
DA:70,0
DA:71,0
DA:72,0
DA:73,0
DA:74,0
DA:75,0
DA:77,0
DA:79,0
DA:81,0
DA:86,0
DA:91,0
DA:92,0
DA:98,0
DA:99,0
DA:100,0
DA:101,0
DA:102,0
DA:103,0
DA:104,0
DA:105,0
DA:107,0
DA:108,0
DA:109,0
DA:110,0
DA:112,0
DA:113,0
DA:114,0
DA:115,0
DA:117,0
DA:118,0
DA:119,0
DA:120,0
DA:122,0
DA:123,0
DA:124,0
DA:127,0
DA:128,0
DA:129,0
DA:130,0
DA:133,0
DA:134,0
DA:135,0
DA:138,0
DA:139,0
DA:140,0
DA:141,0
DA:145,0
DA:160,0
DA:162,0
DA:164,0
DA:167,0
DA:170,0
DA:190,0
DA:201,0
DA:203,0
DA:223,0
DA:224,0
DA:227,0
DA:254,0
DA:267,0
DA:268,0
DA:272,0
DA:273,0
DA:274,0
DA:304,0
DA:306,0
DA:325,0
DA:326,0
DA:334,0
DA:371,0
DA:392,0
LF:98
LH:0
BRDA:18,0,0,0
BRDA:18,0,1,0
BRDA:19,1,0,0
BRDA:19,1,1,0
BRDA:20,2,0,0
BRDA:20,2,1,0
BRDA:21,3,0,0
BRDA:21,3,1,0
BRDA:33,4,0,0
BRDA:33,4,1,0
BRDA:34,5,0,0
BRDA:34,5,1,0
BRDA:62,6,0,0
BRDA:62,6,1,0
BRDA:66,7,0,0
BRDA:66,7,1,0
BRDA:67,8,0,0
BRDA:67,8,1,0
BRDA:68,9,0,0
BRDA:68,9,1,0
BRDA:69,10,0,0
BRDA:69,10,1,0
BRDA:78,11,0,0
BRDA:78,11,1,0
BRDA:84,12,0,0
BRDA:84,12,1,0
BRDA:102,13,0,0
BRDA:102,13,1,0
BRDA:107,14,0,0
BRDA:107,14,1,0
BRDA:107,15,0,0
BRDA:107,15,1,0
BRDA:107,15,2,0
BRDA:112,16,0,0
BRDA:112,16,1,0
BRDA:117,17,0,0
BRDA:117,17,1,0
BRDA:122,18,0,0
BRDA:122,18,1,0
BRDA:124,19,0,0
BRDA:124,19,1,0
BRDA:127,20,0,0
BRDA:127,20,1,0
BRDA:133,21,0,0
BRDA:133,21,1,0
BRDA:135,22,0,0
BRDA:135,22,1,0
BRDA:138,23,0,0
BRDA:138,23,1,0
BRDA:156,24,0,0
BRDA:156,24,1,0
BRDA:162,25,0,0
BRDA:162,25,1,0
BRDA:206,26,0,0
BRDA:206,26,1,0
BRDA:209,27,0,0
BRDA:209,27,1,0
BRDA:211,28,0,0
BRDA:211,28,1,0
BRDA:212,29,0,0
BRDA:212,29,1,0
BRDA:230,30,0,0
BRDA:230,30,1,0
BRDA:233,31,0,0
BRDA:233,31,1,0
BRDA:235,32,0,0
BRDA:235,32,1,0
BRDA:241,33,0,0
BRDA:241,33,1,0
BRDA:257,34,0,0
BRDA:257,34,1,0
BRDA:260,35,0,0
BRDA:260,35,1,0
BRDA:262,36,0,0
BRDA:262,36,1,0
BRDA:273,37,0,0
BRDA:273,37,1,0
BRDA:280,38,0,0
BRDA:280,38,1,0
BRDA:283,39,0,0
BRDA:283,39,1,0
BRDA:285,40,0,0
BRDA:285,40,1,0
BRDA:291,41,0,0
BRDA:291,41,1,0
BRDA:310,42,0,0
BRDA:310,42,1,0
BRDA:312,43,0,0
BRDA:312,43,1,0
BRDA:314,44,0,0
BRDA:314,44,1,0
BRDA:322,45,0,0
BRDA:322,45,1,0
BRDA:322,45,2,0
BRDA:329,46,0,0
BRDA:329,46,1,0
BRDA:332,47,0,0
BRDA:332,47,1,0
BRDA:340,48,0,0
BRDA:340,48,1,0
BRDA:351,49,0,0
BRDA:351,49,1,0
BRDA:361,50,0,0
BRDA:361,50,1,0
BRDA:381,51,0,0
BRDA:381,51,1,0
BRF:106
BRH:0
end_of_record
TN:
SF:app/(tabs)/group/[groupId]/history.tsx
FN:18,GroupHistoryPage
FN:28,(anonymous_1)
FN:28,(anonymous_2)
FN:31,(anonymous_3)
FN:35,(anonymous_4)
FN:47,(anonymous_5)
FN:49,(anonymous_6)
FN:51,(anonymous_7)
FN:58,(anonymous_8)
FN:61,(anonymous_9)
FN:66,(anonymous_10)
FN:73,(anonymous_11)
FN:78,(anonymous_12)
FN:83,(anonymous_13)
FN:84,(anonymous_14)
FN:88,(anonymous_15)
FN:89,(anonymous_16)
FN:90,(anonymous_17)
FN:99,(anonymous_18)
FN:127,(anonymous_19)
FNF:20
FNH:0
FNDA:0,GroupHistoryPage
FNDA:0,(anonymous_1)
FNDA:0,(anonymous_2)
FNDA:0,(anonymous_3)
FNDA:0,(anonymous_4)
FNDA:0,(anonymous_5)
FNDA:0,(anonymous_6)
FNDA:0,(anonymous_7)
FNDA:0,(anonymous_8)
FNDA:0,(anonymous_9)
FNDA:0,(anonymous_10)
FNDA:0,(anonymous_11)
FNDA:0,(anonymous_12)
FNDA:0,(anonymous_13)
FNDA:0,(anonymous_14)
FNDA:0,(anonymous_15)
FNDA:0,(anonymous_16)
FNDA:0,(anonymous_17)
FNDA:0,(anonymous_18)
FNDA:0,(anonymous_19)
DA:13,0
DA:14,0
DA:15,0
DA:16,0
DA:19,0
DA:20,0
DA:21,0
DA:22,0
DA:23,0
DA:24,0
DA:25,0
DA:28,0
DA:31,0
DA:32,0
DA:35,0
DA:36,0
DA:37,0
DA:38,0
DA:42,0
DA:43,0
DA:46,0
DA:47,0
DA:48,0
DA:49,0
DA:51,0
DA:52,0
DA:53,0
DA:57,0
DA:59,0
DA:61,0
DA:66,0
DA:69,0
DA:70,0
DA:73,0
DA:74,0
DA:77,0
DA:79,0
DA:83,0
DA:84,0
DA:87,0
DA:88,0
DA:89,0
DA:91,0
DA:96,0
DA:99,0
DA:128,0
LF:46
LH:0
BRDA:13,0,0,0
BRDA:13,0,1,0
BRDA:14,1,0,0
BRDA:14,1,1,0
BRDA:15,2,0,0
BRDA:15,2,1,0
BRDA:16,3,0,0
BRDA:16,3,1,0
BRDA:28,4,0,0
BRDA:28,4,1,0
BRDA:36,5,0,0
BRDA:36,5,1,0
BRDA:49,6,0,0
BRDA:49,6,1,0
BRDA:64,7,0,0
BRDA:64,7,1,0
BRDA:84,8,0,0
BRDA:84,8,1,0
BRDA:91,9,0,0
BRDA:91,9,1,0
BRDA:115,10,0,0
BRDA:115,10,1,0
BRDA:117,11,0,0
BRDA:117,11,1,0
BRDA:122,12,0,0
BRDA:122,12,1,0
BRDA:124,13,0,0
BRDA:124,13,1,0
BRDA:128,14,0,0
BRDA:128,14,1,0
BRDA:141,15,0,0
BRDA:141,15,1,0
BRDA:187,16,0,0
BRDA:187,16,1,0
BRF:34
BRH:0
end_of_record
TN:
SF:app/(tabs)/group/[groupId]/report.tsx
FN:45,GroupReportPage
FN:56,(anonymous_1)
FN:60,(anonymous_2)
FN:70,(anonymous_3)
FN:72,(anonymous_4)
FN:75,(anonymous_5)
FN:80,(anonymous_6)
FN:91,(anonymous_7)
FN:96,(anonymous_8)
FN:101,(anonymous_9)
FN:102,(anonymous_10)
FN:111,(anonymous_11)
FN:115,(anonymous_12)
FN:121,(anonymous_13)
FN:126,(anonymous_14)
FN:131,(anonymous_15)
FN:143,(anonymous_16)
FN:158,(anonymous_17)
FN:186,(anonymous_18)
FN:188,(anonymous_19)
FN:233,(anonymous_20)
FNF:21
FNH:0
FNDA:0,GroupReportPage
FNDA:0,(anonymous_1)
FNDA:0,(anonymous_2)
FNDA:0,(anonymous_3)
FNDA:0,(anonymous_4)
FNDA:0,(anonymous_5)
FNDA:0,(anonymous_6)
FNDA:0,(anonymous_7)
FNDA:0,(anonymous_8)
FNDA:0,(anonymous_9)
FNDA:0,(anonymous_10)
FNDA:0,(anonymous_11)
FNDA:0,(anonymous_12)
FNDA:0,(anonymous_13)
FNDA:0,(anonymous_14)
FNDA:0,(anonymous_15)
FNDA:0,(anonymous_16)
FNDA:0,(anonymous_17)
FNDA:0,(anonymous_18)
FNDA:0,(anonymous_19)
FNDA:0,(anonymous_20)
DA:18,0
DA:19,0
DA:20,0
DA:22,0
DA:31,0
DA:40,0
DA:46,0
DA:47,0
DA:48,0
DA:49,0
DA:50,0
DA:51,0
DA:52,0
DA:53,0
DA:54,0
DA:56,0
DA:57,0
DA:58,0
DA:59,0
DA:60,0
DA:61,0
DA:62,0
DA:67,0
DA:68,0
DA:70,0
DA:71,0
DA:73,0
DA:75,0
DA:80,0
DA:83,0
DA:84,0
DA:86,0
DA:87,0
DA:89,0
DA:91,0
DA:95,0
DA:96,0
DA:97,0
DA:98,0
DA:100,0
DA:101,0
DA:102,0
DA:110,0
DA:111,0
DA:112,0
DA:114,0
DA:115,0
DA:121,0
DA:124,0
DA:125,0
DA:126,0
DA:128,0
DA:131,0
DA:144,0
DA:145,0
DA:159,0
DA:160,0
DA:186,0
DA:189,0
DA:234,0
DA:257,0
LF:61
LH:0
BRDA:18,0,0,0
BRDA:18,0,1,0
BRDA:19,1,0,0
BRDA:19,1,1,0
BRDA:20,2,0,0
BRDA:20,2,1,0
BRDA:53,3,0,0
BRDA:53,3,1,0
BRDA:58,4,0,0
BRDA:58,4,1,0
BRDA:67,5,0,0
BRDA:67,5,1,0
BRDA:78,6,0,0
BRDA:78,6,1,0
BRDA:83,7,0,0
BRDA:83,7,1,0
BRDA:97,8,0,0
BRDA:97,8,1,0
BRDA:98,9,0,0
BRDA:98,9,1,0
BRDA:104,10,0,0
BRDA:104,10,1,0
BRDA:112,11,0,0
BRDA:112,11,1,0
BRDA:116,12,0,0
BRDA:116,12,1,0
BRDA:124,13,0,0
BRDA:124,13,1,0
BRDA:141,14,0,0
BRDA:141,14,1,0
BRDA:148,15,0,0
BRDA:148,15,1,0
BRDA:149,16,0,0
BRDA:149,16,1,0
BRDA:156,17,0,0
BRDA:156,17,1,0
BRDA:163,18,0,0
BRDA:163,18,1,0
BRDA:164,19,0,0
BRDA:164,19,1,0
BRDA:172,20,0,0
BRDA:172,20,1,0
BRDA:174,21,0,0
BRDA:174,21,1,0
BRDA:189,22,0,0
BRDA:189,22,1,0
BRDA:189,23,0,0
BRDA:189,23,1,0
BRDA:192,24,0,0
BRDA:192,24,1,0
BRDA:199,25,0,0
BRDA:199,25,1,0
BRDA:235,26,0,0
BRDA:235,26,1,0
BRDA:237,27,0,0
BRDA:237,27,1,0
BRF:56
BRH:0
end_of_record
TN:
SF:app/(tabs)/group/[groupId]/expense/[expenseId].tsx
FN:18,ExpenseDetailScreen
FN:35,(anonymous_1)
FN:42,(anonymous_2)
FN:47,(anonymous_3)
FN:65,(anonymous_4)
FN:68,(anonymous_5)
FN:73,(anonymous_6)
FN:79,(anonymous_7)
FN:85,(anonymous_8)
FN:88,(anonymous_9)
FN:110,(anonymous_10)
FN:121,(anonymous_11)
FN:149,(anonymous_12)
FN:155,(anonymous_13)
FN:182,(anonymous_14)
FN:201,(anonymous_15)
FN:215,(anonymous_16)
FN:222,(anonymous_17)
FN:259,(anonymous_18)
FN:279,(anonymous_19)
FN:280,(anonymous_20)
FNF:21
FNH:0
FNDA:0,ExpenseDetailScreen
FNDA:0,(anonymous_1)
FNDA:0,(anonymous_2)
FNDA:0,(anonymous_3)
FNDA:0,(anonymous_4)
FNDA:0,(anonymous_5)
FNDA:0,(anonymous_6)
FNDA:0,(anonymous_7)
FNDA:0,(anonymous_8)
FNDA:0,(anonymous_9)
FNDA:0,(anonymous_10)
FNDA:0,(anonymous_11)
FNDA:0,(anonymous_12)
FNDA:0,(anonymous_13)
FNDA:0,(anonymous_14)
FNDA:0,(anonymous_15)
FNDA:0,(anonymous_16)
FNDA:0,(anonymous_17)
FNDA:0,(anonymous_18)
FNDA:0,(anonymous_19)
FNDA:0,(anonymous_20)
DA:14,0
DA:15,0
DA:16,0
DA:19,0
DA:20,0
DA:22,0
DA:23,0
DA:24,0
DA:25,0
DA:26,0
DA:27,0
DA:28,0
DA:29,0
DA:30,0
DA:31,0
DA:32,0
DA:35,0
DA:36,0
DA:37,0
DA:38,0
DA:42,0
DA:43,0
DA:44,0
DA:45,0
DA:46,0
DA:48,0
DA:49,0
DA:50,0
DA:51,0
DA:52,0
DA:53,0
DA:54,0
DA:55,0
DA:56,0
DA:58,0
DA:61,0
DA:64,0
DA:66,0
DA:68,0
DA:73,0
DA:76,0
DA:77,0
DA:80,0
DA:81,0
DA:82,0
DA:85,0
DA:88,0
DA:89,0
DA:90,0
DA:93,0
DA:94,0
DA:95,0
DA:96,0
DA:98,0
DA:99,0
DA:100,0
DA:101,0
DA:103,0
DA:104,0
DA:105,0
DA:106,0
DA:108,0
DA:109,0
DA:110,0
DA:113,0
DA:114,0
DA:115,0
DA:116,0
DA:119,0
DA:120,0
DA:121,0
DA:124,0
DA:125,0
DA:126,0
DA:127,0
DA:131,0
DA:132,0
DA:139,0
DA:140,0
DA:142,0
DA:143,0
DA:145,0
DA:149,0
DA:150,0
DA:156,0
DA:157,0
DA:158,0
DA:159,0
DA:160,0
DA:162,0
DA:164,0
DA:171,0
DA:172,0
DA:179,0
DA:182,0
DA:201,0
DA:215,0
DA:223,0
DA:260,0
DA:280,0
LF:100
LH:0
BRDA:14,0,0,0
BRDA:14,0,1,0
BRDA:15,1,0,0
BRDA:15,1,1,0
BRDA:16,2,0,0
BRDA:16,2,1,0
BRDA:48,3,0,0
BRDA:48,3,1,0
BRDA:52,4,0,0
BRDA:52,4,1,0
BRDA:53,5,0,0
BRDA:53,5,1,0
BRDA:54,6,0,0
BRDA:54,6,1,0
BRDA:65,7,0,0
BRDA:65,7,1,0
BRDA:71,8,0,0
BRDA:71,8,1,0
BRDA:80,9,0,0
BRDA:80,9,1,0
BRDA:93,10,0,0
BRDA:93,10,1,0
BRDA:98,11,0,0
BRDA:98,11,1,0
BRDA:98,12,0,0
BRDA:98,12,1,0
BRDA:98,12,2,0
BRDA:103,13,0,0
BRDA:103,13,1,0
BRDA:108,14,0,0
BRDA:108,14,1,0
BRDA:110,15,0,0
BRDA:110,15,1,0
BRDA:113,16,0,0
BRDA:113,16,1,0
BRDA:119,17,0,0
BRDA:119,17,1,0
BRDA:121,18,0,0
BRDA:121,18,1,0
BRDA:124,19,0,0
BRDA:124,19,1,0
BRDA:137,20,0,0
BRDA:137,20,1,0
BRDA:171,21,0,0
BRDA:171,21,1,0
BRDA:210,22,0,0
BRDA:210,22,1,0
BRDA:215,23,0,0
BRDA:215,23,1,0
BRDA:236,24,0,0
BRDA:236,24,1,0
BRDA:256,25,0,0
BRDA:256,25,1,0
BRDA:256,25,2,0
BRDA:264,26,0,0
BRDA:264,26,1,0
BRDA:278,27,0,0
BRDA:278,27,1,0
BRDA:283,28,0,0
BRDA:283,28,1,0
BRDA:286,29,0,0
BRDA:286,29,1,0
BRDA:293,30,0,0
BRDA:293,30,1,0
BRDA:299,31,0,0
BRDA:299,31,1,0
BRDA:309,32,0,0
BRDA:309,32,1,0
BRF:68
BRH:0
end_of_record
TN:
SF:app/(tabs)/user/[userId].tsx
FN:18,UserProfileScreen
FN:28,(anonymous_1)
FN:47,(anonymous_2)
FN:64,(anonymous_3)
FN:78,(anonymous_4)
FN:94,(anonymous_5)
FN:104,(anonymous_6)
FNF:7
FNH:0
FNDA:0,UserProfileScreen
FNDA:0,(anonymous_1)
FNDA:0,(anonymous_2)
FNDA:0,(anonymous_3)
FNDA:0,(anonymous_4)
FNDA:0,(anonymous_5)
FNDA:0,(anonymous_6)
DA:12,0
DA:13,0
DA:14,0
DA:15,0
DA:19,0
DA:20,0
DA:22,0
DA:23,0
DA:24,0
DA:25,0
DA:26,0
DA:28,0
DA:29,0
DA:30,0
DA:32,0
DA:37,0
DA:40,0
DA:45,0
DA:47,0
DA:48,0
DA:49,0
DA:50,0
DA:53,0
DA:62,0
DA:63,0
DA:64,0
DA:67,0
DA:70,0
DA:71,0
DA:72,0
DA:73,0
DA:75,0
DA:78,0
DA:79,0
DA:82,0
DA:83,0
DA:90,0
DA:91,0
DA:94,0
DA:101,0
DA:104,0
DA:145,0
DA:146,0
LF:43
LH:0
BRDA:12,0,0,0
BRDA:12,0,1,0
BRDA:13,1,0,0
BRDA:13,1,1,0
BRDA:14,2,0,0
BRDA:14,2,1,0
BRDA:15,3,0,0
BRDA:15,3,1,0
BRDA:48,4,0,0
BRDA:48,4,1,0
BRDA:64,5,0,0
BRDA:64,5,1,0
BRDA:82,6,0,0
BRDA:82,6,1,0
BRDA:90,7,0,0
BRDA:90,7,1,0
BRDA:110,8,0,0
BRDA:110,8,1,0
BRDA:118,9,0,0
BRDA:118,9,1,0
BRDA:122,10,0,0
BRDA:122,10,1,0
BRF:22
BRH:0
end_of_record
TN:
SF:components/BackButton.tsx
FN:6,BackButton
FN:9,(anonymous_1)
FNF:2
FNH:0
FNDA:0,BackButton
FNDA:0,(anonymous_1)
DA:7,0
DA:8,0
DA:9,0
LF:3
LH:0
BRDA:6,0,0,0
BRDA:6,1,0,0
BRDA:6,2,0,0
BRF:3
BRH:0
end_of_record
TN:
SF:components/Collapsible.tsx
FN:10,Collapsible
FN:18,(anonymous_1)
FN:18,(anonymous_2)
FNF:3
FNH:0
FNDA:0,Collapsible
FNDA:0,(anonymous_1)
FNDA:0,(anonymous_2)
DA:11,0
DA:12,0
DA:14,0
DA:18,0
DA:35,0
LF:5
LH:0
BRDA:12,0,0,0
BRDA:12,0,1,0
BRDA:24,1,0,0
BRDA:24,1,1,0
BRDA:25,2,0,0
BRDA:25,2,1,0
BRDA:30,3,0,0
BRDA:30,3,1,0
BRF:8
BRH:0
end_of_record
TN:
SF:components/ExternalLink.tsx
FN:8,ExternalLink
FN:14,(anonymous_1)
FNF:2
FNH:0
FNDA:0,ExternalLink
FNDA:0,(anonymous_1)
DA:9,0
DA:15,0
DA:17,0
DA:19,0
LF:4
LH:0
BRDA:15,0,0,0
BRDA:15,0,1,0
BRF:2
BRH:0
end_of_record
TN:
SF:components/GroupHeader.tsx
FN:22,GroupHeader
FN:29,(anonymous_1)
FN:42,(anonymous_2)
FN:96,(anonymous_3)
FN:119,(anonymous_4)
FN:136,(anonymous_5)
FN:143,(anonymous_6)
FNF:7
FNH:0
FNDA:0,GroupHeader
FNDA:0,(anonymous_1)
FNDA:0,(anonymous_2)
FNDA:0,(anonymous_3)
FNDA:0,(anonymous_4)
FNDA:0,(anonymous_5)
FNDA:0,(anonymous_6)
DA:13,0
DA:14,0
DA:23,0
DA:24,0
DA:25,0
DA:26,0
DA:27,0
DA:29,0
DA:30,0
DA:31,0
DA:34,0
DA:35,0
DA:42,0
DA:43,0
DA:44,0
DA:45,0
DA:46,0
DA:50,0
DA:51,0
DA:52,0
DA:55,0
DA:57,0
DA:60,0
DA:61,0
DA:96,0
DA:107,0
DA:119,0
DA:136,0
DA:143,0
DA:154,0
LF:30
LH:0
BRDA:13,0,0,0
BRDA:13,0,1,0
BRDA:14,1,0,0
BRDA:14,1,1,0
BRDA:24,2,0,0
BRDA:24,2,1,0
BRDA:25,3,0,0
BRDA:25,3,1,0
BRDA:30,4,0,0
BRDA:30,4,1,0
BRDA:31,5,0,0
BRDA:31,5,1,0
BRDA:34,6,0,0
BRDA:34,6,1,0
BRDA:51,7,0,0
BRDA:51,7,1,0
BRDA:60,8,0,0
BRDA:60,8,1,0
BRDA:77,9,0,0
BRDA:77,9,1,0
BRDA:92,10,0,0
BRDA:92,10,1,0
BRDA:112,11,0,0
BRDA:112,11,1,0
BRDA:116,12,0,0
BRDA:116,12,1,0
BRDA:116,13,0,0
BRDA:116,13,1,0
BRDA:116,14,0,0
BRDA:116,14,1,0
BRF:30
BRH:0
end_of_record
TN:
SF:components/HapticTab.tsx
FN:5,HapticTab
FN:9,(anonymous_1)
FNF:2
FNH:0
FNDA:0,HapticTab
FNDA:0,(anonymous_1)
DA:6,0
DA:10,0
DA:12,0
DA:14,0
LF:4
LH:0
BRDA:10,0,0,0
BRDA:10,0,1,0
BRF:2
BRH:0
end_of_record
TN:
SF:components/HelloWave.tsx
FN:13,HelloWave
FN:16,(anonymous_1)
FN:23,(anonymous_2)
FNF:3
FNH:0
FNDA:0,HelloWave
FNDA:0,(anonymous_1)
FNDA:0,(anonymous_2)
DA:14,0
DA:16,0
DA:17,0
DA:23,0
DA:27,0
DA:34,0
LF:6
LH:0
BRF:0
BRH:0
end_of_record
TN:
SF:components/ParallaxScrollView.tsx
FN:21,ParallaxScrollView
FN:34,(anonymous_1)
FNF:2
FNH:0
FNDA:0,ParallaxScrollView
FNDA:0,(anonymous_1)
DA:14,0
DA:26,0
DA:28,0
DA:29,0
DA:31,0
DA:34,0
DA:53,0
DA:79,0
LF:8
LH:0
BRDA:22,0,0,0
BRDA:24,1,0,0
BRDA:26,2,0,0
BRDA:26,2,1,0
BRDA:57,3,0,0
BRDA:57,3,1,0
BRF:6
BRH:0
end_of_record
TN:
SF:components/Spacer.tsx
FN:11,(anonymous_0)
FNF:1
FNH:0
FNDA:0,(anonymous_0)
DA:11,0
DA:12,0
DA:18,0
LF:3
LH:0
BRDA:11,0,0,0
BRDA:11,1,0,0
BRF:2
BRH:0
end_of_record
TN:
SF:components/ThemedButton.tsx
FN:13,ThemedButton
FN:16,(anonymous_1)
FNF:2
FNH:0
FNDA:0,ThemedButton
FNDA:0,(anonymous_1)
DA:14,0
DA:16,0
DA:33,0
LF:3
LH:0
BRDA:18,0,0,0
BRDA:18,0,1,0
BRDA:24,1,0,0
BRDA:24,1,1,0
BRF:4
BRH:0
end_of_record
TN:
SF:components/ThemedCard.tsx
FN:5,(anonymous_0)
FNF:1
FNH:0
FNDA:0,(anonymous_0)
DA:5,0
DA:6,0
DA:7,0
DA:9,0
LF:4
LH:0
BRDA:7,0,0,0
BRDA:7,0,1,0
BRDA:7,1,0,0
BRDA:7,1,1,0
BRF:4
BRH:0
end_of_record
TN:
SF:components/ThemedLoader.tsx
FN:5,(anonymous_0)
FNF:1
FNH:0
FNDA:0,(anonymous_0)
DA:5,0
DA:6,0
DA:7,0
DA:9,0
LF:4
LH:0
BRDA:7,0,0,0
BRDA:7,0,1,0
BRDA:7,1,0,0
BRDA:7,1,1,0
BRF:4
BRH:0
end_of_record
TN:
SF:components/ThemedText.tsx
FN:11,ThemedText
FNF:1
FNH:0
FNDA:0,ThemedText
DA:18,0
DA:20,0
DA:37,0
LF:3
LH:0
BRDA:15,0,0,0
BRDA:24,1,0,0
BRDA:24,1,1,0
BRDA:25,2,0,0
BRDA:25,2,1,0
BRDA:26,3,0,0
BRDA:26,3,1,0
BRDA:27,4,0,0
BRDA:27,4,1,0
BRDA:28,5,0,0
BRDA:28,5,1,0
BRDA:29,6,0,0
BRDA:29,6,1,0
BRF:13
BRH:0
end_of_record
TN:
SF:components/ThemedTextInput.tsx
FN:5,(anonymous_0)
FNF:1
FNH:0
FNDA:0,(anonymous_0)
DA:5,0
DA:6,0
DA:7,0
DA:9,0
LF:4
LH:0
BRDA:7,0,0,0
BRDA:7,0,1,0
BRDA:7,1,0,0
BRDA:7,1,1,0
BRF:4
BRH:0
end_of_record
TN:
SF:components/ThemedView.tsx
FN:12,ThemedView
FNF:1
FNH:0
FNDA:0,ThemedView
DA:13,0
DA:15,0
DA:19,0
DA:21,0
LF:4
LH:0
BRDA:12,0,0,0
BRDA:15,1,0,0
BRDA:15,1,1,0
BRF:3
BRH:0
end_of_record
TN:
SF:components/auth/GuestOnly.tsx
FN:10,(anonymous_0)
FN:14,(anonymous_1)
FNF:2
FNH:0
FNDA:0,(anonymous_0)
FNDA:0,(anonymous_1)
DA:10,0
DA:11,0
DA:12,0
DA:14,0
DA:15,0
DA:16,0
DA:20,0
DA:21,0
DA:26,0
LF:9
LH:0
BRDA:15,0,0,0
BRDA:15,0,1,0
BRDA:15,1,0,0
BRDA:15,1,1,0
BRDA:20,2,0,0
BRDA:20,2,1,0
BRDA:20,3,0,0
BRDA:20,3,1,0
BRF:8
BRH:0
end_of_record
TN:
SF:components/auth/UserOnly.tsx
FN:10,(anonymous_0)
FN:14,(anonymous_1)
FNF:2
FNH:0
FNDA:0,(anonymous_0)
FNDA:0,(anonymous_1)
DA:10,0
DA:11,0
DA:12,0
DA:14,0
DA:15,0
DA:16,0
DA:20,0
DA:21,0
DA:26,0
LF:9
LH:0
BRDA:15,0,0,0
BRDA:15,0,1,0
BRDA:15,1,0,0
BRDA:15,1,1,0
BRDA:20,2,0,0
BRDA:20,2,1,0
BRDA:20,3,0,0
BRDA:20,3,1,0
BRF:8
BRH:0
end_of_record
TN:
SF:components/ui/IconSymbol.ios.tsx
FN:4,IconSymbol
FNF:1
FNH:0
FNDA:0,IconSymbol
DA:17,0
LF:1
LH:0
BRDA:6,0,0,0
BRDA:9,1,0,0
BRF:2
BRH:0
end_of_record
TN:
SF:components/ui/IconSymbol.tsx
FN:31,IconSymbol
FNF:1
FNH:0
FNDA:0,IconSymbol
DA:16,0
DA:43,0
LF:2
LH:0
BRDA:33,0,0,0
BRF:1
BRH:0
end_of_record
TN:
SF:components/ui/TabBarBackground.ios.tsx
FN:5,BlurTabBarBackground
FN:17,useBottomTabOverflow
FNF:2
FNH:0
FNDA:0,BlurTabBarBackground
FNDA:0,useBottomTabOverflow
DA:6,0
DA:18,0
LF:2
LH:0
BRF:0
BRH:0
end_of_record
TN:
SF:components/ui/TabBarBackground.tsx
FN:4,useBottomTabOverflow
FNF:1
FNH:0
FNDA:0,useBottomTabOverflow
DA:5,0
LF:1
LH:0
BRF:0
BRH:0
end_of_record
TN:
SF:constants/Colors.ts
FNF:0
FNH:0
DA:6,0
DA:7,0
DA:9,0
LF:3
LH:0
BRF:0
BRH:0
end_of_record
TN:
SF:constants/categoryUtils.ts
FN:11,(anonymous_0)
FN:12,(anonymous_1)
FNF:2
FNH:0
FNDA:0,(anonymous_0)
FNDA:0,(anonymous_1)
DA:1,0
DA:11,0
DA:12,0
DA:13,0
LF:4
LH:0
BRDA:13,0,0,0
BRDA:13,0,1,0
BRF:2
BRH:0
end_of_record
TN:
SF:contexts/ExpensesContext.tsx
FN:23,(anonymous_0)
FN:31,(anonymous_1)
FN:40,(anonymous_2)
FN:62,(anonymous_3)
FN:88,(anonymous_4)
FN:117,(anonymous_5)
FNF:6
FNH:6
FNDA:7,(anonymous_0)
FNDA:2,(anonymous_1)
FNDA:2,(anonymous_2)
FNDA:1,(anonymous_3)
FNDA:1,(anonymous_4)
FNDA:7,(anonymous_5)
DA:21,1
DA:23,1
DA:24,7
DA:25,7
DA:27,7
DA:28,7
DA:31,7
DA:32,2
DA:33,2
DA:34,2
DA:39,2
DA:40,2
DA:54,0
DA:55,0
DA:57,2
DA:61,7
DA:71,1
DA:72,1
DA:73,1
DA:88,1
DA:104,1
DA:110,7
DA:117,1
DA:118,7
DA:119,7
DA:120,7
LF:26
LH:24
BRDA:27,0,0,7
BRDA:27,0,1,0
BRDA:28,1,0,7
BRDA:28,1,1,0
BRDA:49,2,0,2
BRDA:49,2,1,0
BRDA:98,3,0,1
BRDA:98,3,1,0
BRDA:119,4,0,0
BRDA:119,4,1,7
BRF:10
BRH:5
end_of_record
TN:
SF:contexts/GroupsContext.tsx
FN:24,GroupsProvider
FN:28,fetchGroups
FN:38,(anonymous_2)
FN:53,fetchGroupsById
FN:70,createGroup
FN:106,(anonymous_5)
FN:113,deleteGroup
FN:116,(anonymous_7)
FN:116,(anonymous_8)
FN:123,(anonymous_9)
FNF:10
FNH:10
FNDA:20,GroupsProvider
FNDA:11,fetchGroups
FNDA:11,(anonymous_2)
FNDA:2,fetchGroupsById
FNDA:2,createGroup
FNDA:1,(anonymous_5)
FNDA:2,deleteGroup
FNDA:1,(anonymous_7)
FNDA:1,(anonymous_8)
FNDA:9,(anonymous_9)
DA:7,1
DA:8,1
DA:18,1
DA:25,20
DA:26,20
DA:29,11
DA:30,11
DA:38,11
DA:46,11
DA:48,0
DA:49,0
DA:54,2
DA:55,2
DA:56,1
DA:64,1
DA:65,1
DA:71,2
DA:72,2
DA:74,1
DA:76,1
DA:83,1
DA:97,1
DA:106,1
DA:109,1
DA:114,2
DA:115,2
DA:116,1
DA:118,1
DA:123,20
DA:125,9
DA:126,7
DA:128,2
DA:133,20
LF:33
LH:31
BRDA:7,0,0,1
BRDA:7,0,1,0
BRDA:8,1,0,1
BRDA:8,1,1,0
BRDA:72,2,0,1
BRDA:72,2,1,1
BRDA:78,3,0,1
BRDA:78,3,1,0
BRDA:125,4,0,7
BRDA:125,4,1,2
BRF:10
BRH:7
end_of_record
TN:
SF:contexts/StatsContext.tsx
FN:16,(anonymous_0)
FN:27,(anonymous_1)
FN:42,(anonymous_2)
FN:61,(anonymous_3)
FN:76,(anonymous_4)
FN:95,(anonymous_5)
FNF:6
FNH:0
FNDA:0,(anonymous_0)
FNDA:0,(anonymous_1)
FNDA:0,(anonymous_2)
FNDA:0,(anonymous_3)
FNDA:0,(anonymous_4)
FNDA:0,(anonymous_5)
DA:14,0
DA:16,0
DA:17,0
DA:18,0
DA:19,0
DA:20,0
DA:21,0
DA:23,0
DA:24,0
DA:25,0
DA:27,0
DA:28,0
DA:29,0
DA:30,0
DA:31,0
DA:32,0
DA:34,0
DA:35,0
DA:36,0
DA:41,0
DA:42,0
DA:44,0
DA:45,0
DA:46,0
DA:47,0
DA:48,0
DA:51,0
DA:60,0
DA:61,0
DA:62,0
DA:63,0
DA:65,0
DA:67,0
DA:68,0
DA:69,0
DA:70,0
DA:72,0
DA:76,0
DA:77,0
DA:80,0
DA:95,0
DA:96,0
DA:97,0
DA:98,0
LF:44
LH:0
BRDA:23,0,0,0
BRDA:23,0,1,0
BRDA:24,1,0,0
BRDA:24,1,1,0
BRDA:25,2,0,0
BRDA:25,2,1,0
BRDA:28,3,0,0
BRDA:28,3,1,0
BRDA:44,4,0,0
BRDA:44,4,1,0
BRDA:63,5,0,0
BRDA:63,5,1,0
BRDA:97,6,0,0
BRDA:97,6,1,0
BRF:14
BRH:0
end_of_record
TN:
SF:contexts/UserContext.tsx
FN:23,UserProvider
FN:29,(anonymous_1)
FN:44,(anonymous_2)
FN:49,register
FN:54,login
FN:62,logout
FN:69,updateProfile
FN:95,(anonymous_7)
FN:96,(anonymous_8)
FNF:9
FNH:9
FNDA:19,UserProvider
FNDA:12,(anonymous_1)
FNDA:2,(anonymous_2)
FNDA:1,register
FNDA:5,login
FNDA:1,logout
FNDA:2,updateProfile
FNDA:9,(anonymous_7)
FNDA:9,(anonymous_8)
DA:15,3
DA:16,3
DA:19,3
DA:24,19
DA:25,19
DA:26,19
DA:29,19
DA:30,12
DA:31,12
DA:36,12
DA:37,12
DA:39,0
DA:40,0
DA:44,19
DA:45,2
DA:46,0
DA:50,1
DA:51,1
DA:55,5
DA:56,5
DA:57,5
DA:58,5
DA:59,5
DA:63,1
DA:64,1
DA:65,1
DA:66,1
DA:70,2
DA:72,1
DA:73,0
DA:74,0
DA:75,0
DA:76,0
DA:77,0
DA:80,1
DA:91,1
DA:95,19
DA:96,9
DA:97,9
DA:98,9
DA:99,7
DA:100,7
DA:102,2
DA:103,2
DA:105,9
DA:110,19
LF:46
LH:38
BRDA:15,0,0,3
BRDA:15,0,1,0
BRDA:16,1,0,3
BRDA:16,1,1,0
BRDA:45,2,0,2
BRDA:45,2,1,0
BRDA:70,3,0,1
BRDA:70,3,1,1
BRDA:72,4,0,0
BRDA:72,4,1,1
BRDA:72,5,0,1
BRDA:72,5,1,0
BRDA:74,6,0,0
BRDA:74,6,1,0
BRDA:85,7,0,1
BRDA:85,7,1,0
BRDA:86,8,0,1
BRDA:86,8,1,1
BRDA:87,9,0,1
BRDA:87,9,1,1
BRDA:88,10,0,1
BRDA:88,10,1,1
BRF:22
BRH:14
end_of_record
TN:
SF:functions/create-user/env.d.ts
FNF:0
FNH:0
LF:0
LH:0
BRF:0
BRH:0
end_of_record
TN:
SF:functions/create-user/src/main.ts
FN:11,(anonymous_0)
FNF:1
FNH:0
FNDA:0,(anonymous_0)
DA:14,0
DA:18,0
DA:19,0
DA:21,0
DA:23,0
DA:24,0
DA:30,0
DA:31,0
DA:34,0
DA:37,0
DA:38,0
DA:52,0
DA:53,0
DA:55,0
DA:56,0
LF:15
LH:0
BRDA:17,0,0,0
BRDA:17,0,1,0
BRDA:30,1,0,0
BRDA:30,1,1,0
BRF:4
BRH:0
end_of_record
TN:
SF:hooks/settlementUtils.ts
FN:6,calculateBalances
FN:15,(anonymous_1)
FN:21,(anonymous_2)
FN:27,(anonymous_3)
FN:40,(anonymous_4)
FN:48,(anonymous_5)
FN:56,(anonymous_6)
FN:66,calculateSettlements
FN:74,(anonymous_8)
FN:78,(anonymous_9)
FN:81,(anonymous_10)
FN:81,(anonymous_11)
FN:82,(anonymous_12)
FN:82,(anonymous_13)
FNF:14
FNH:13
FNDA:5,calculateBalances
FNDA:13,(anonymous_1)
FNDA:4,(anonymous_2)
FNDA:6,(anonymous_3)
FNDA:5,(anonymous_4)
FNDA:1,(anonymous_5)
FNDA:13,(anonymous_6)
FNDA:5,calculateSettlements
FNDA:15,(anonymous_8)
FNDA:15,(anonymous_9)
FNDA:9,(anonymous_10)
FNDA:0,(anonymous_11)
FNDA:9,(anonymous_12)
FNDA:3,(anonymous_13)
DA:12,5
DA:13,5
DA:15,5
DA:16,13
DA:17,13
DA:21,5
DA:22,4
DA:23,4
DA:25,4
DA:26,2
DA:27,2
DA:28,6
DA:32,2
DA:33,2
DA:34,1
DA:35,1
DA:37,0
DA:40,2
DA:41,5
DA:48,5
DA:50,1
DA:51,1
DA:55,5
DA:56,5
DA:57,13
DA:60,5
DA:70,5
DA:73,5
DA:74,15
DA:78,15
DA:81,9
DA:82,9
DA:84,5
DA:85,5
DA:86,6
DA:87,6
DA:88,6
DA:90,6
DA:91,6
DA:96,6
DA:97,6
DA:100,6
DA:101,6
DA:104,5
LF:44
LH:43
BRDA:9,0,0,0
BRDA:22,1,0,4
BRDA:22,1,1,0
BRDA:25,2,0,2
BRDA:25,2,1,2
BRDA:33,3,0,1
BRDA:33,3,1,1
BRDA:41,4,0,5
BRDA:41,4,1,2
BRDA:76,5,0,15
BRDA:76,5,1,0
BRDA:85,6,0,11
BRDA:85,6,1,7
BRDA:90,7,0,6
BRDA:90,7,1,0
BRDA:100,8,0,5
BRDA:100,8,1,1
BRDA:101,9,0,3
BRDA:101,9,1,3
BRF:19
BRH:15
end_of_record
TN:
SF:hooks/useColorScheme.ts
FNF:0
FNH:0
LF:0
LH:0
BRF:0
BRH:0
end_of_record
TN:
SF:hooks/useColorScheme.web.ts
FN:7,useColorScheme
FN:10,(anonymous_1)
FNF:2
FNH:0
FNDA:0,useColorScheme
FNDA:0,(anonymous_1)
DA:8,0
DA:10,0
DA:11,0
DA:14,0
DA:16,0
DA:17,0
DA:20,0
LF:7
LH:0
BRDA:16,0,0,0
BRDA:16,0,1,0
BRF:2
BRH:0
end_of_record
TN:
SF:hooks/useGroupDetails.ts
FN:15,useGroupDetails
FN:33,(anonymous_1)
FN:40,(anonymous_2)
FN:50,(anonymous_3)
FN:57,(anonymous_4)
FN:62,(anonymous_5)
FN:64,(anonymous_6)
FN:74,(anonymous_7)
FN:78,(anonymous_8)
FN:82,(anonymous_9)
FN:84,(anonymous_10)
FN:91,(anonymous_11)
FN:96,(anonymous_12)
FN:101,(anonymous_13)
FN:103,(anonymous_14)
FN:118,(anonymous_15)
FN:122,(anonymous_16)
FN:124,(anonymous_17)
FN:131,(anonymous_18)
FN:136,(anonymous_19)
FN:143,(anonymous_20)
FN:146,(anonymous_21)
FN:151,(anonymous_22)
FN:153,(anonymous_23)
FN:160,(anonymous_24)
FN:161,(anonymous_25)
FN:171,(anonymous_26)
FN:174,(anonymous_27)
FN:178,(anonymous_28)
FN:194,(anonymous_29)
FN:203,(anonymous_30)
FN:209,(anonymous_31)
FN:213,(anonymous_32)
FN:217,(anonymous_33)
FN:230,(anonymous_34)
FN:259,(anonymous_35)
FN:261,(anonymous_36)
FNF:37
FNH:0
FNDA:0,useGroupDetails
FNDA:0,(anonymous_1)
FNDA:0,(anonymous_2)
FNDA:0,(anonymous_3)
FNDA:0,(anonymous_4)
FNDA:0,(anonymous_5)
FNDA:0,(anonymous_6)
FNDA:0,(anonymous_7)
FNDA:0,(anonymous_8)
FNDA:0,(anonymous_9)
FNDA:0,(anonymous_10)
FNDA:0,(anonymous_11)
FNDA:0,(anonymous_12)
FNDA:0,(anonymous_13)
FNDA:0,(anonymous_14)
FNDA:0,(anonymous_15)
FNDA:0,(anonymous_16)
FNDA:0,(anonymous_17)
FNDA:0,(anonymous_18)
FNDA:0,(anonymous_19)
FNDA:0,(anonymous_20)
FNDA:0,(anonymous_21)
FNDA:0,(anonymous_22)
FNDA:0,(anonymous_23)
FNDA:0,(anonymous_24)
FNDA:0,(anonymous_25)
FNDA:0,(anonymous_26)
FNDA:0,(anonymous_27)
FNDA:0,(anonymous_28)
FNDA:0,(anonymous_29)
FNDA:0,(anonymous_30)
FNDA:0,(anonymous_31)
FNDA:0,(anonymous_32)
FNDA:0,(anonymous_33)
FNDA:0,(anonymous_34)
FNDA:0,(anonymous_35)
FNDA:0,(anonymous_36)
DA:9,0
DA:10,0
DA:11,0
DA:12,0
DA:13,0
DA:16,0
DA:17,0
DA:18,0
DA:19,0
DA:20,0
DA:21,0
DA:22,0
DA:23,0
DA:24,0
DA:25,0
DA:26,0
DA:27,0
DA:28,0
DA:30,0
DA:33,0
DA:34,0
DA:35,0
DA:36,0
DA:37,0
DA:38,0
DA:41,0
DA:48,0
DA:51,0
DA:52,0
DA:57,0
DA:58,0
DA:59,0
DA:60,0
DA:63,0
DA:64,0
DA:72,0
DA:74,0
DA:78,0
DA:79,0
DA:80,0
DA:83,0
DA:84,0
DA:91,0
DA:95,0
DA:97,0
DA:98,0
DA:99,0
DA:102,0
DA:103,0
DA:116,0
DA:118,0
DA:120,0
DA:123,0
DA:124,0
DA:131,0
DA:136,0
DA:137,0
DA:138,0
DA:139,0
DA:141,0
DA:142,0
DA:144,0
DA:146,0
DA:151,0
DA:154,0
DA:155,0
DA:160,0
DA:161,0
DA:162,0
DA:166,0
DA:167,0
DA:170,0
DA:171,0
DA:173,0
DA:174,0
DA:178,0
DA:179,0
DA:180,0
DA:192,0
DA:193,0
DA:194,0
DA:203,0
DA:204,0
DA:205,0
DA:209,0
DA:210,0
DA:211,0
DA:212,0
DA:213,0
DA:214,0
DA:216,0
DA:217,0
DA:224,0
DA:226,0
DA:230,0
DA:231,0
DA:232,0
DA:233,0
DA:235,0
DA:236,0
DA:237,0
DA:239,0
DA:240,0
DA:241,0
DA:243,0
DA:250,0
DA:251,0
DA:252,0
DA:253,0
DA:259,0
DA:260,0
DA:261,0
DA:262,0
DA:263,0
DA:266,0
LF:115
LH:0
BRDA:9,0,0,0
BRDA:9,0,1,0
BRDA:10,1,0,0
BRDA:10,1,1,0
BRDA:11,2,0,0
BRDA:11,2,1,0
BRDA:12,3,0,0
BRDA:12,3,1,0
BRDA:13,4,0,0
BRDA:13,4,1,0
BRDA:34,5,0,0
BRDA:34,5,1,0
BRDA:37,6,0,0
BRDA:37,6,1,0
BRDA:45,7,0,0
BRDA:45,7,1,0
BRDA:58,8,0,0
BRDA:58,8,1,0
BRDA:79,9,0,0
BRDA:79,9,1,0
BRDA:97,10,0,0
BRDA:97,10,1,0
BRDA:112,11,0,0
BRDA:112,11,1,0
BRDA:137,12,0,0
BRDA:137,12,1,0
BRDA:137,13,0,0
BRDA:137,13,1,0
BRDA:149,14,0,0
BRDA:149,14,1,0
BRDA:162,15,0,0
BRDA:162,15,1,0
BRDA:166,16,0,0
BRDA:166,16,1,0
BRDA:167,17,0,0
BRDA:167,17,1,0
BRDA:179,18,0,0
BRDA:179,18,1,0
BRDA:205,19,0,0
BRDA:205,19,1,0
BRDA:220,20,0,0
BRDA:220,20,1,0
BRDA:231,21,0,0
BRDA:231,21,1,0
BRDA:235,22,0,0
BRDA:235,22,1,0
BRDA:260,23,0,0
BRDA:260,23,1,0
BRDA:284,24,0,0
BRDA:284,24,1,0
BRF:50
BRH:0
end_of_record
TN:
SF:hooks/useGroups.ts
FN:4,useGroups
FNF:1
FNH:0
FNDA:0,useGroups
DA:5,0
DA:8,0
DA:9,0
DA:13,0
LF:4
LH:0
BRDA:8,0,0,0
BRDA:8,0,1,0
BRF:2
BRH:0
end_of_record
TN:
SF:hooks/useThemeColor.ts
FN:9,useThemeColor
FNF:1
FNH:0
FNDA:0,useThemeColor
DA:13,0
DA:14,0
DA:16,0
DA:17,0
DA:19,0
LF:5
LH:0
BRDA:13,0,0,0
BRDA:13,0,1,0
BRDA:16,1,0,0
BRDA:16,1,1,0
BRF:4
BRH:0
end_of_record
TN:
SF:hooks/useUser.ts
FN:4,useUser
FNF:1
FNH:1
FNDA:20,useUser
DA:5,20
DA:8,20
DA:9,0
DA:13,20
LF:4
LH:3
BRDA:8,0,0,0
BRDA:8,0,1,20
BRF:2
BRH:1
end_of_record
TN:
SF:lib/appwrite.js
FNF:0
FNH:0
DA:4,0
DA:9,0
DA:10,0
DA:11,0
LF:4
LH:0
BRF:0
BRH:0
end_of_record
TN:
SF:scripts/reset-project.js
FN:48,(anonymous_0)
FN:103,(anonymous_1)
FN:106,(anonymous_2)
FNF:3
FNH:0
FNDA:0,(anonymous_0)
FNDA:0,(anonymous_1)
FNDA:0,(anonymous_2)
DA:9,0
DA:10,0
DA:11,0
DA:13,0
DA:14,0
DA:15,0
DA:16,0
DA:17,0
DA:19,0
DA:36,0
DA:43,0
DA:48,0
DA:49,0
DA:50,0
DA:52,0
DA:53,0
DA:57,0
DA:58,0
DA:59,0
DA:60,0
DA:61,0
DA:62,0
DA:63,0
DA:65,0
DA:66,0
DA:69,0
DA:74,0
DA:75,0
DA:76,0
DA:79,0
DA:80,0
DA:81,0
DA:84,0
DA:85,0
DA:86,0
DA:88,0
DA:89,0
DA:97,0
DA:101,0
DA:104,0
DA:105,0
DA:106,0
DA:108,0
DA:109,0
LF:44
LH:0
BRDA:50,0,0,0
BRDA:50,0,1,0
BRDA:59,1,0,0
BRDA:59,1,1,0
BRDA:60,2,0,0
BRDA:60,2,1,0
BRDA:91,3,0,0
BRDA:91,3,1,0
BRDA:104,4,0,0
BRDA:104,4,1,0
BRDA:105,5,0,0
BRDA:105,5,1,0
BRDA:105,6,0,0
BRDA:105,6,1,0
BRF:14
BRH:0
end_of_record
TN:
SF:types/expense.ts
FNF:0
FNH:0
LF:0
LH:0
BRF:0
BRH:0
end_of_record
TN:
SF:types/group.ts
FNF:0
FNH:0
LF:0
LH:0
BRF:0
BRH:0
end_of_record
TN:
SF:types/index.ts
FNF:0
FNH:0
LF:0
LH:0
BRF:0
BRH:0
end_of_record
TN:
SF:types/settlement.ts
FNF:0
FNH:0
LF:0
LH:0
BRF:0
BRH:0
end_of_record
TN:
SF:types/user.ts
FNF:0
FNH:0
LF:0
LH:0
BRF:0
BRH:0
end_of_record
